<?xml version="1.0" encoding="UTF-8"?>
<robot generator="Robot 6.0.2 (Python 3.8.2 on win32)" generated="20230430 21:26:20.798" rpa="false" schemaversion="3">
<suite id="s1" name="testovaniAutobazaru" source="C:\xampp\htdocs\testovaniAutobazaru">
<suite id="s1-s1" name="robotTests" source="C:\xampp\htdocs\testovaniAutobazaru\robotTests">
<suite id="s1-s1-s1" name="TS 002 - Administrační část" source="C:\xampp\htdocs\testovaniAutobazaru\robotTests\TS_002 - Administrační část">
<suite id="s1-s1-s1-s1" name="TS 018 - Testování stránek v menu" source="C:\xampp\htdocs\testovaniAutobazaru\robotTests\TS_002 - Administrační část\TS_018 - Testování stránek v menu">
<suite id="s1-s1-s1-s1-s1" name="TP 053 - Změna pozice ve spodním menu" source="C:\xampp\htdocs\testovaniAutobazaru\robotTests\TS_002 - Administrační část\TS_018 - Testování stránek v menu\TP_053 - Změna pozice ve spodním menu.robot">
<test id="s1-s1-s1-s1-s1-t1" name="Pre-conditions - Otevři prohlížeč, přihlaš se a přejdi na stránku" line="5">
<kw name="Open browser Accept danger And Login" library="Variables - TS_002 - Administrační část">
<arg>${adresa-navigation}</arg>
<kw name="Open browser and accept danger In Login" library="Variables - TS_002 - Administrační část">
<arg>${adresa-signIn}</arg>
<kw name="Open Browser" library="SeleniumLibrary">
<arg>${URL}</arg>
<arg>${google}</arg>
<doc>Opens a new browser instance to the optional ``url``.</doc>
<msg timestamp="20230430 21:26:21.031" level="INFO">Opening browser 'Chrome' to base url 'https://localhost/autobazarDrabek/admin/sign-in'.</msg>
<status status="PASS" starttime="20230430 21:26:21.030" endtime="20230430 21:26:22.704"/>
</kw>
<kw name="Maximize Browser Window" library="SeleniumLibrary">
<doc>Maximizes current browser window.</doc>
<status status="PASS" starttime="20230430 21:26:22.704" endtime="20230430 21:26:22.826"/>
</kw>
<kw name="Click Element" library="SeleniumLibrary">
<arg>//*[@id="details-button"]</arg>
<doc>Click the element identified by ``locator``.</doc>
<msg timestamp="20230430 21:26:22.826" level="INFO">Clicking element '//*[@id="details-button"]'.</msg>
<status status="PASS" starttime="20230430 21:26:22.826" endtime="20230430 21:26:22.870"/>
</kw>
<kw name="Wait Until Element Is Visible" library="SeleniumLibrary">
<arg>//*[@id="proceed-link"]</arg>
<doc>Waits until the element ``locator`` is visible.</doc>
<status status="PASS" starttime="20230430 21:26:22.870" endtime="20230430 21:26:22.897"/>
</kw>
<kw name="Click Element" library="SeleniumLibrary">
<arg>//*[@id="proceed-link"]</arg>
<doc>Click the element identified by ``locator``.</doc>
<msg timestamp="20230430 21:26:22.897" level="INFO">Clicking element '//*[@id="proceed-link"]'.</msg>
<status status="PASS" starttime="20230430 21:26:22.897" endtime="20230430 21:26:22.947"/>
</kw>
<kw name="Wait Until Element Is Visible" library="SeleniumLibrary">
<arg>//form[@id='frm-signInForm']</arg>
<doc>Waits until the element ``locator`` is visible.</doc>
<status status="PASS" starttime="20230430 21:26:22.947" endtime="20230430 21:26:23.624"/>
</kw>
<kw name="Location Should Be" library="SeleniumLibrary">
<arg>${URL}</arg>
<doc>Verifies that the current URL is exactly ``url``.</doc>
<msg timestamp="20230430 21:26:23.630" level="INFO">Current location is 'https://localhost/autobazarDrabek/admin/sign-in'.</msg>
<status status="PASS" starttime="20230430 21:26:23.624" endtime="20230430 21:26:23.630"/>
</kw>
<status status="PASS" starttime="20230430 21:26:21.030" endtime="20230430 21:26:23.630"/>
</kw>
<kw name="Login To System" library="Variables - TS_002 - Administrační část">
<kw name="Login To System With Data" library="Variables - TS_002 - Administrační část">
<arg>${data-login-email}</arg>
<arg>${data-login-password}</arg>
<kw name="Set Focus and Wait" library="main-settings-variables-keywords">
<arg>${selector-input-login-email}</arg>
<kw name="Set Focus To Element" library="SeleniumLibrary">
<arg>${selector}</arg>
<doc>Sets the focus to the element identified by ``locator``.</doc>
<status status="PASS" starttime="20230430 21:26:23.631" endtime="20230430 21:26:23.650"/>
</kw>
<kw name="Wait Until Element Is Visible" library="SeleniumLibrary">
<arg>${selector}</arg>
<doc>Waits until the element ``locator`` is visible.</doc>
<status status="PASS" starttime="20230430 21:26:23.650" endtime="20230430 21:26:23.671"/>
</kw>
<kw name="Sleep" library="BuiltIn">
<arg>0.7s</arg>
<doc>Pauses the test executed for the given time.</doc>
<msg timestamp="20230430 21:26:24.378" level="INFO">Slept 700 milliseconds</msg>
<status status="PASS" starttime="20230430 21:26:23.671" endtime="20230430 21:26:24.378"/>
</kw>
<status status="PASS" starttime="20230430 21:26:23.631" endtime="20230430 21:26:24.378"/>
</kw>
<kw name="Check and input text" library="main-settings-variables-keywords">
<arg>${selector-input-login-email}</arg>
<arg>${email}</arg>
<kw name="Wait Until Element Is Visible" library="SeleniumLibrary">
<arg>${selector}</arg>
<doc>Waits until the element ``locator`` is visible.</doc>
<status status="PASS" starttime="20230430 21:26:24.379" endtime="20230430 21:26:24.393"/>
</kw>
<kw name="Input Text" library="SeleniumLibrary">
<arg>${selector}</arg>
<arg>${text}</arg>
<doc>Types the given ``text`` into the text field identified by ``locator``.</doc>
<msg timestamp="20230430 21:26:24.393" level="INFO">Typing text 'leonhol@seznam.cz' into text field '//input[@id='frm-signInForm-email']'.</msg>
<status status="PASS" starttime="20230430 21:26:24.393" endtime="20230430 21:26:24.469"/>
</kw>
<kw name="Textfield Should Contain" library="SeleniumLibrary">
<arg>${selector}</arg>
<arg>${text}</arg>
<doc>Verifies text field ``locator`` contains text ``expected``.</doc>
<msg timestamp="20230430 21:26:24.501" level="INFO">Text field '//input[@id='frm-signInForm-email']' contains text 'leonhol@seznam.cz'.</msg>
<status status="PASS" starttime="20230430 21:26:24.470" endtime="20230430 21:26:24.501"/>
</kw>
<status status="PASS" starttime="20230430 21:26:24.378" endtime="20230430 21:26:24.501"/>
</kw>
<kw name="Set Focus and Wait" library="main-settings-variables-keywords">
<arg>${selector-input-login-password}</arg>
<kw name="Set Focus To Element" library="SeleniumLibrary">
<arg>${selector}</arg>
<doc>Sets the focus to the element identified by ``locator``.</doc>
<status status="PASS" starttime="20230430 21:26:24.501" endtime="20230430 21:26:24.521"/>
</kw>
<kw name="Wait Until Element Is Visible" library="SeleniumLibrary">
<arg>${selector}</arg>
<doc>Waits until the element ``locator`` is visible.</doc>
<status status="PASS" starttime="20230430 21:26:24.522" endtime="20230430 21:26:24.536"/>
</kw>
<kw name="Sleep" library="BuiltIn">
<arg>0.7s</arg>
<doc>Pauses the test executed for the given time.</doc>
<msg timestamp="20230430 21:26:25.237" level="INFO">Slept 700 milliseconds</msg>
<status status="PASS" starttime="20230430 21:26:24.536" endtime="20230430 21:26:25.237"/>
</kw>
<status status="PASS" starttime="20230430 21:26:24.501" endtime="20230430 21:26:25.237"/>
</kw>
<kw name="Check and input text" library="main-settings-variables-keywords">
<arg>${selector-input-login-password}</arg>
<arg>${password}</arg>
<kw name="Wait Until Element Is Visible" library="SeleniumLibrary">
<arg>${selector}</arg>
<doc>Waits until the element ``locator`` is visible.</doc>
<status status="PASS" starttime="20230430 21:26:25.237" endtime="20230430 21:26:25.255"/>
</kw>
<kw name="Input Text" library="SeleniumLibrary">
<arg>${selector}</arg>
<arg>${text}</arg>
<doc>Types the given ``text`` into the text field identified by ``locator``.</doc>
<msg timestamp="20230430 21:26:25.256" level="INFO">Typing text '1234567890a' into text field '//input[@id='frm-signInForm-password']'.</msg>
<status status="PASS" starttime="20230430 21:26:25.256" endtime="20230430 21:26:25.320"/>
</kw>
<kw name="Textfield Should Contain" library="SeleniumLibrary">
<arg>${selector}</arg>
<arg>${text}</arg>
<doc>Verifies text field ``locator`` contains text ``expected``.</doc>
<msg timestamp="20230430 21:26:25.346" level="INFO">Text field '//input[@id='frm-signInForm-password']' contains text '1234567890a'.</msg>
<status status="PASS" starttime="20230430 21:26:25.320" endtime="20230430 21:26:25.346"/>
</kw>
<status status="PASS" starttime="20230430 21:26:25.237" endtime="20230430 21:26:25.346"/>
</kw>
<kw name="Wait and click" library="main-settings-variables-keywords">
<arg>${selector-input-login-submit}</arg>
<kw name="Wait Until Element Is Visible" library="SeleniumLibrary">
<arg>${selector}</arg>
<doc>Waits until the element ``locator`` is visible.</doc>
<status status="PASS" starttime="20230430 21:26:25.347" endtime="20230430 21:26:25.364"/>
</kw>
<kw name="Click Element" library="SeleniumLibrary">
<arg>${selector}</arg>
<doc>Click the element identified by ``locator``.</doc>
<msg timestamp="20230430 21:26:25.364" level="INFO">Clicking element '//input[@name='_submit']'.</msg>
<status status="PASS" starttime="20230430 21:26:25.364" endtime="20230430 21:26:25.996"/>
</kw>
<status status="PASS" starttime="20230430 21:26:25.346" endtime="20230430 21:26:25.997"/>
</kw>
<status status="PASS" starttime="20230430 21:26:23.630" endtime="20230430 21:26:25.997"/>
</kw>
<kw name="Wait Until Location Is" library="SeleniumLibrary">
<arg>${adresa-dahsboard}</arg>
<doc>Waits until the current URL is ``expected``.</doc>
<status status="PASS" starttime="20230430 21:26:25.997" endtime="20230430 21:26:26.004"/>
</kw>
<kw name="Location Should Be" library="SeleniumLibrary">
<arg>${adresa-dahsboard}</arg>
<doc>Verifies that the current URL is exactly ``url``.</doc>
<msg timestamp="20230430 21:26:26.009" level="INFO">Current location is 'https://localhost/autobazarDrabek/Dashboard'.</msg>
<status status="PASS" starttime="20230430 21:26:26.005" endtime="20230430 21:26:26.009"/>
</kw>
<status status="PASS" starttime="20230430 21:26:23.630" endtime="20230430 21:26:26.009"/>
</kw>
<kw name="Go To" library="SeleniumLibrary">
<arg>${URL}</arg>
<doc>Navigates the current browser window to the provided ``url``.</doc>
<msg timestamp="20230430 21:26:26.009" level="INFO">Opening url 'https://localhost/autobazarDrabek/Navigation'</msg>
<status status="PASS" starttime="20230430 21:26:26.009" endtime="20230430 21:26:26.354"/>
</kw>
<status status="PASS" starttime="20230430 21:26:21.030" endtime="20230430 21:26:26.354"/>
</kw>
<status status="PASS" starttime="20230430 21:26:21.029" endtime="20230430 21:26:26.355"/>
</test>
<test id="s1-s1-s1-s1-s1-t2" name="TP_053 - Změna pozice ve spodním menu" line="8">
<kw name="Wait and click" library="main-settings-variables-keywords">
<arg>${selector-a-dolniMenu}</arg>
<kw name="Wait Until Element Is Visible" library="SeleniumLibrary">
<arg>${selector}</arg>
<doc>Waits until the element ``locator`` is visible.</doc>
<status status="PASS" starttime="20230430 21:26:26.357" endtime="20230430 21:26:26.380"/>
</kw>
<kw name="Click Element" library="SeleniumLibrary">
<arg>${selector}</arg>
<doc>Click the element identified by ``locator``.</doc>
<msg timestamp="20230430 21:26:26.380" level="INFO">Clicking element '//span[contains(text(),"Spodní menu")]/parent::a'.</msg>
<status status="PASS" starttime="20230430 21:26:26.380" endtime="20230430 21:26:26.647"/>
</kw>
<status status="PASS" starttime="20230430 21:26:26.357" endtime="20230430 21:26:26.648"/>
</kw>
<kw name="Wait Until Location Is" library="SeleniumLibrary">
<arg>${adresa-navigation-bottom}</arg>
<doc>Waits until the current URL is ``expected``.</doc>
<status status="PASS" starttime="20230430 21:26:26.648" endtime="20230430 21:26:26.653"/>
</kw>
<kw name="Location Should Be" library="SeleniumLibrary">
<arg>${adresa-navigation-bottom}</arg>
<doc>Verifies that the current URL is exactly ``url``.</doc>
<msg timestamp="20230430 21:26:26.659" level="INFO">Current location is 'https://localhost/autobazarDrabek/Navigation/Bottom'.</msg>
<status status="PASS" starttime="20230430 21:26:26.654" endtime="20230430 21:26:26.659"/>
</kw>
<kw name="Get Text" library="SeleniumLibrary">
<var>${FAIPosition}</var>
<arg>${selector-td-position-FAI}</arg>
<doc>Returns the text value of the element identified by ``locator``.</doc>
<msg timestamp="20230430 21:26:26.683" level="INFO">${FAIPosition} = 5</msg>
<status status="PASS" starttime="20230430 21:26:26.659" endtime="20230430 21:26:26.683"/>
</kw>
<kw name="Get Text" library="SeleniumLibrary">
<var>${DNPosition}</var>
<arg>${selector-td-position-DlouhýNázev}</arg>
<doc>Returns the text value of the element identified by ``locator``.</doc>
<msg timestamp="20230430 21:26:26.706" level="INFO">${DNPosition} = 0</msg>
<status status="PASS" starttime="20230430 21:26:26.684" endtime="20230430 21:26:26.706"/>
</kw>
<kw name="Wait and click" library="main-settings-variables-keywords">
<arg>${selector-td-position-DlouhýNázev}</arg>
<kw name="Wait Until Element Is Visible" library="SeleniumLibrary">
<arg>${selector}</arg>
<doc>Waits until the element ``locator`` is visible.</doc>
<status status="PASS" starttime="20230430 21:26:26.708" endtime="20230430 21:26:26.725"/>
</kw>
<kw name="Click Element" library="SeleniumLibrary">
<arg>${selector}</arg>
<doc>Click the element identified by ``locator``.</doc>
<msg timestamp="20230430 21:26:26.726" level="INFO">Clicking element '//td[contains(text(),"Dlouhy-nazev")]/parent::tr//td[@class="text-right col-position"]'.</msg>
<status status="PASS" starttime="20230430 21:26:26.725" endtime="20230430 21:26:26.775"/>
</kw>
<status status="PASS" starttime="20230430 21:26:26.707" endtime="20230430 21:26:26.775"/>
</kw>
<kw name="Check and input text" library="main-settings-variables-keywords">
<arg>${selector-input-changePosition-DlouhýNázev}</arg>
<arg>${FAIPosition}</arg>
<kw name="Wait Until Element Is Visible" library="SeleniumLibrary">
<arg>${selector}</arg>
<doc>Waits until the element ``locator`` is visible.</doc>
<status status="PASS" starttime="20230430 21:26:26.777" endtime="20230430 21:26:26.805"/>
</kw>
<kw name="Input Text" library="SeleniumLibrary">
<arg>${selector}</arg>
<arg>${text}</arg>
<doc>Types the given ``text`` into the text field identified by ``locator``.</doc>
<msg timestamp="20230430 21:26:26.806" level="INFO">Typing text '5' into text field '//input[@type='number']'.</msg>
<status status="PASS" starttime="20230430 21:26:26.805" endtime="20230430 21:26:26.885"/>
</kw>
<kw name="Textfield Should Contain" library="SeleniumLibrary">
<arg>${selector}</arg>
<arg>${text}</arg>
<doc>Verifies text field ``locator`` contains text ``expected``.</doc>
<msg timestamp="20230430 21:26:26.913" level="INFO">Text field '//input[@type='number']' contains text '5'.</msg>
<status status="PASS" starttime="20230430 21:26:26.885" endtime="20230430 21:26:26.913"/>
</kw>
<status status="PASS" starttime="20230430 21:26:26.776" endtime="20230430 21:26:26.913"/>
</kw>
<kw name="Sleep" library="BuiltIn">
<arg>0.5s</arg>
<doc>Pauses the test executed for the given time.</doc>
<msg timestamp="20230430 21:26:27.421" level="INFO">Slept 500 milliseconds</msg>
<status status="PASS" starttime="20230430 21:26:26.914" endtime="20230430 21:26:27.421"/>
</kw>
<kw name="Get Text" library="SeleniumLibrary">
<var>${FAIPositionNew}</var>
<arg>${selector-td-position-FAI}</arg>
<doc>Returns the text value of the element identified by ``locator``.</doc>
<msg timestamp="20230430 21:26:27.440" level="INFO">${FAIPositionNew} = 0</msg>
<status status="PASS" starttime="20230430 21:26:27.421" endtime="20230430 21:26:27.440"/>
</kw>
<kw name="Get Text" library="SeleniumLibrary">
<var>${DNPositionNew}</var>
<arg>${selector-td-position-DlouhýNázev}</arg>
<doc>Returns the text value of the element identified by ``locator``.</doc>
<msg timestamp="20230430 21:26:27.457" level="INFO">${DNPositionNew} = 5</msg>
<status status="PASS" starttime="20230430 21:26:27.440" endtime="20230430 21:26:27.457"/>
</kw>
<kw name="Should Be Equal As Integers" library="BuiltIn">
<arg>${FAIPositionNew}</arg>
<arg>${DNPosition}</arg>
<doc>Fails if objects are unequal after converting them to integers.</doc>
<status status="PASS" starttime="20230430 21:26:27.458" endtime="20230430 21:26:27.458"/>
</kw>
<kw name="Should Be Equal As Integers" library="BuiltIn">
<arg>${FAIPosition}</arg>
<arg>${DNPositionNew}</arg>
<doc>Fails if objects are unequal after converting them to integers.</doc>
<status status="PASS" starttime="20230430 21:26:27.458" endtime="20230430 21:26:27.459"/>
</kw>
<status status="PASS" starttime="20230430 21:26:26.356" endtime="20230430 21:26:27.459"/>
</test>
<test id="s1-s1-s1-s1-s1-t3" name="Post-conditions - Odhlaš uživatele a zavři prohlížeč" line="22">
<kw name="Log Out And Close Window" library="Variables - TS_002 - Administrační část">
<kw name="Go To" library="SeleniumLibrary">
<arg>${adresa-dahsboard}</arg>
<doc>Navigates the current browser window to the provided ``url``.</doc>
<msg timestamp="20230430 21:26:27.462" level="INFO">Opening url 'https://localhost/autobazarDrabek/Dashboard'</msg>
<status status="PASS" starttime="20230430 21:26:27.462" endtime="20230430 21:26:27.653"/>
</kw>
<kw name="Wait and click" library="main-settings-variables-keywords">
<arg>${selector-a-logoutInDashboard}</arg>
<kw name="Wait Until Element Is Visible" library="SeleniumLibrary">
<arg>${selector}</arg>
<doc>Waits until the element ``locator`` is visible.</doc>
<status status="PASS" starttime="20230430 21:26:27.654" endtime="20230430 21:26:27.690"/>
</kw>
<kw name="Click Element" library="SeleniumLibrary">
<arg>${selector}</arg>
<doc>Click the element identified by ``locator``.</doc>
<msg timestamp="20230430 21:26:27.691" level="INFO">Clicking element '//div[@id="main"]//a[@href="/autobazarDrabek/Odhlásit se"]'.</msg>
<status status="PASS" starttime="20230430 21:26:27.690" endtime="20230430 21:26:27.943"/>
</kw>
<status status="PASS" starttime="20230430 21:26:27.653" endtime="20230430 21:26:27.943"/>
</kw>
<kw name="Close Window" library="SeleniumLibrary">
<doc>Closes currently opened and selected browser window/tab.</doc>
<status status="PASS" starttime="20230430 21:26:27.944" endtime="20230430 21:26:28.020"/>
</kw>
<status status="PASS" starttime="20230430 21:26:27.461" endtime="20230430 21:26:28.020"/>
</kw>
<status status="PASS" starttime="20230430 21:26:27.461" endtime="20230430 21:26:28.021"/>
</test>
<status status="PASS" starttime="20230430 21:26:20.830" endtime="20230430 21:26:28.024"/>
</suite>
<status status="PASS" starttime="20230430 21:26:20.828" endtime="20230430 21:26:28.030"/>
</suite>
<status status="PASS" starttime="20230430 21:26:20.824" endtime="20230430 21:26:28.034"/>
</suite>
<status status="PASS" starttime="20230430 21:26:20.822" endtime="20230430 21:26:28.038"/>
</suite>
<status status="PASS" starttime="20230430 21:26:20.800" endtime="20230430 21:26:28.041"/>
</suite>
<statistics>
<total>
<stat pass="3" fail="0" skip="0">All Tests</stat>
</total>
<tag>
</tag>
<suite>
<stat pass="3" fail="0" skip="0" id="s1" name="testovaniAutobazaru">testovaniAutobazaru</stat>
<stat pass="3" fail="0" skip="0" id="s1-s1" name="robotTests">testovaniAutobazaru.robotTests</stat>
<stat pass="3" fail="0" skip="0" id="s1-s1-s1" name="TS 002 - Administrační část">testovaniAutobazaru.robotTests.TS 002 - Administrační část</stat>
<stat pass="3" fail="0" skip="0" id="s1-s1-s1-s1" name="TS 018 - Testování stránek v menu">testovaniAutobazaru.robotTests.TS 002 - Administrační část.TS 018 - Testování stránek v menu</stat>
<stat pass="3" fail="0" skip="0" id="s1-s1-s1-s1-s1" name="TP 053 - Změna pozice ve spodním menu">testovaniAutobazaru.robotTests.TS 002 - Administrační část.TS 018 - Testování stránek v menu.TP 053 - Změna pozice ve spodním menu</stat>
</suite>
</statistics>
<errors>
</errors>
</robot>
