<?xml version="1.0" encoding="UTF-8"?>
<robot generator="Robot 6.0.2 (Python 3.8.2 on win32)" generated="20230430 14:40:02.743" rpa="false" schemaversion="3">
<suite id="s1" name="testovaniAutobazaru" source="C:\xampp\htdocs\testovaniAutobazaru">
<suite id="s1-s1" name="robotTests" source="C:\xampp\htdocs\testovaniAutobazaru\robotTests">
<suite id="s1-s1-s1" name="TS 002 - Administrační část" source="C:\xampp\htdocs\testovaniAutobazaru\robotTests\TS_002 - Administrační část">
<suite id="s1-s1-s1-s1" name="TS 012 - Testování přihlášení do systému" source="C:\xampp\htdocs\testovaniAutobazaru\robotTests\TS_002 - Administrační část\TS_012 - Testování přihlášení do systému">
<suite id="s1-s1-s1-s1-s1" name="TP 023 - Neúspěšné přihlášení do systému kvůli heslu" source="C:\xampp\htdocs\testovaniAutobazaru\robotTests\TS_002 - Administrační část\TS_012 - Testování přihlášení do systému\TP_023 - Neúspěšné přihlášení do systému kvůli heslu.robot">
<test id="s1-s1-s1-s1-s1-t1" name="Pre-conditions - Otevři prohlížeč a jdi na stránku loginu" line="5">
<kw name="Open browser and accept danger In Login" library="Variables - TS_002 - Administrační část">
<arg>${adresa-signIn}</arg>
<kw name="Open Browser" library="SeleniumLibrary">
<arg>${URL}</arg>
<arg>${google}</arg>
<doc>Opens a new browser instance to the optional ``url``.</doc>
<msg timestamp="20230430 14:40:02.990" level="INFO">Opening browser 'Chrome' to base url 'https://localhost/autobazarDrabek/admin/sign-in'.</msg>
<status status="PASS" starttime="20230430 14:40:02.990" endtime="20230430 14:40:04.657"/>
</kw>
<kw name="Maximize Browser Window" library="SeleniumLibrary">
<doc>Maximizes current browser window.</doc>
<status status="PASS" starttime="20230430 14:40:04.657" endtime="20230430 14:40:04.789"/>
</kw>
<kw name="Click Element" library="SeleniumLibrary">
<arg>//*[@id="details-button"]</arg>
<doc>Click the element identified by ``locator``.</doc>
<msg timestamp="20230430 14:40:04.790" level="INFO">Clicking element '//*[@id="details-button"]'.</msg>
<status status="PASS" starttime="20230430 14:40:04.789" endtime="20230430 14:40:04.850"/>
</kw>
<kw name="Wait Until Element Is Visible" library="SeleniumLibrary">
<arg>//*[@id="proceed-link"]</arg>
<doc>Waits until the element ``locator`` is visible.</doc>
<status status="PASS" starttime="20230430 14:40:04.850" endtime="20230430 14:40:04.884"/>
</kw>
<kw name="Click Element" library="SeleniumLibrary">
<arg>//*[@id="proceed-link"]</arg>
<doc>Click the element identified by ``locator``.</doc>
<msg timestamp="20230430 14:40:04.887" level="INFO">Clicking element '//*[@id="proceed-link"]'.</msg>
<status status="PASS" starttime="20230430 14:40:04.886" endtime="20230430 14:40:04.948"/>
</kw>
<kw name="Wait Until Element Is Visible" library="SeleniumLibrary">
<arg>//form[@id='frm-signInForm']</arg>
<doc>Waits until the element ``locator`` is visible.</doc>
<status status="PASS" starttime="20230430 14:40:04.948" endtime="20230430 14:40:05.705"/>
</kw>
<kw name="Location Should Be" library="SeleniumLibrary">
<arg>${URL}</arg>
<doc>Verifies that the current URL is exactly ``url``.</doc>
<msg timestamp="20230430 14:40:05.711" level="INFO">Current location is 'https://localhost/autobazarDrabek/admin/sign-in'.</msg>
<status status="PASS" starttime="20230430 14:40:05.706" endtime="20230430 14:40:05.712"/>
</kw>
<status status="PASS" starttime="20230430 14:40:02.989" endtime="20230430 14:40:05.712"/>
</kw>
<status status="PASS" starttime="20230430 14:40:02.988" endtime="20230430 14:40:05.712"/>
</test>
<test id="s1-s1-s1-s1-s1-t2" name="TP_023 - Neúspěšné přihlášení do systému kvůli heslu" line="8">
<kw name="Login To System With Data" library="Variables - TS_002 - Administrační část">
<arg>${data-login-email}</arg>
<arg>${data-bad-password}</arg>
<kw name="Set Focus and Wait" library="main-settings-variables-keywords">
<arg>${selector-input-login-email}</arg>
<kw name="Set Focus To Element" library="SeleniumLibrary">
<arg>${selector}</arg>
<doc>Sets the focus to the element identified by ``locator``.</doc>
<status status="PASS" starttime="20230430 14:40:05.715" endtime="20230430 14:40:05.734"/>
</kw>
<kw name="Wait Until Element Is Visible" library="SeleniumLibrary">
<arg>${selector}</arg>
<doc>Waits until the element ``locator`` is visible.</doc>
<status status="PASS" starttime="20230430 14:40:05.734" endtime="20230430 14:40:05.760"/>
</kw>
<kw name="Sleep" library="BuiltIn">
<arg>0.7s</arg>
<doc>Pauses the test executed for the given time.</doc>
<msg timestamp="20230430 14:40:06.467" level="INFO">Slept 700 milliseconds</msg>
<status status="PASS" starttime="20230430 14:40:05.760" endtime="20230430 14:40:06.467"/>
</kw>
<status status="PASS" starttime="20230430 14:40:05.715" endtime="20230430 14:40:06.467"/>
</kw>
<kw name="Check and input text" library="main-settings-variables-keywords">
<arg>${selector-input-login-email}</arg>
<arg>${email}</arg>
<kw name="Wait Until Element Is Visible" library="SeleniumLibrary">
<arg>${selector}</arg>
<doc>Waits until the element ``locator`` is visible.</doc>
<status status="PASS" starttime="20230430 14:40:06.467" endtime="20230430 14:40:06.483"/>
</kw>
<kw name="Input Text" library="SeleniumLibrary">
<arg>${selector}</arg>
<arg>${text}</arg>
<doc>Types the given ``text`` into the text field identified by ``locator``.</doc>
<msg timestamp="20230430 14:40:06.483" level="INFO">Typing text 'leonhol@seznam.cz' into text field '//input[@id='frm-signInForm-email']'.</msg>
<status status="PASS" starttime="20230430 14:40:06.483" endtime="20230430 14:40:06.562"/>
</kw>
<kw name="Textfield Should Contain" library="SeleniumLibrary">
<arg>${selector}</arg>
<arg>${text}</arg>
<doc>Verifies text field ``locator`` contains text ``expected``.</doc>
<msg timestamp="20230430 14:40:06.595" level="INFO">Text field '//input[@id='frm-signInForm-email']' contains text 'leonhol@seznam.cz'.</msg>
<status status="PASS" starttime="20230430 14:40:06.562" endtime="20230430 14:40:06.595"/>
</kw>
<status status="PASS" starttime="20230430 14:40:06.467" endtime="20230430 14:40:06.595"/>
</kw>
<kw name="Set Focus and Wait" library="main-settings-variables-keywords">
<arg>${selector-input-login-password}</arg>
<kw name="Set Focus To Element" library="SeleniumLibrary">
<arg>${selector}</arg>
<doc>Sets the focus to the element identified by ``locator``.</doc>
<status status="PASS" starttime="20230430 14:40:06.596" endtime="20230430 14:40:06.614"/>
</kw>
<kw name="Wait Until Element Is Visible" library="SeleniumLibrary">
<arg>${selector}</arg>
<doc>Waits until the element ``locator`` is visible.</doc>
<status status="PASS" starttime="20230430 14:40:06.614" endtime="20230430 14:40:06.630"/>
</kw>
<kw name="Sleep" library="BuiltIn">
<arg>0.7s</arg>
<doc>Pauses the test executed for the given time.</doc>
<msg timestamp="20230430 14:40:07.342" level="INFO">Slept 700 milliseconds</msg>
<status status="PASS" starttime="20230430 14:40:06.630" endtime="20230430 14:40:07.342"/>
</kw>
<status status="PASS" starttime="20230430 14:40:06.595" endtime="20230430 14:40:07.342"/>
</kw>
<kw name="Check and input text" library="main-settings-variables-keywords">
<arg>${selector-input-login-password}</arg>
<arg>${password}</arg>
<kw name="Wait Until Element Is Visible" library="SeleniumLibrary">
<arg>${selector}</arg>
<doc>Waits until the element ``locator`` is visible.</doc>
<status status="PASS" starttime="20230430 14:40:07.342" endtime="20230430 14:40:07.358"/>
</kw>
<kw name="Input Text" library="SeleniumLibrary">
<arg>${selector}</arg>
<arg>${text}</arg>
<doc>Types the given ``text`` into the text field identified by ``locator``.</doc>
<msg timestamp="20230430 14:40:07.359" level="INFO">Typing text 'SpatneHeslo123' into text field '//input[@id='frm-signInForm-password']'.</msg>
<status status="PASS" starttime="20230430 14:40:07.358" endtime="20230430 14:40:07.437"/>
</kw>
<kw name="Textfield Should Contain" library="SeleniumLibrary">
<arg>${selector}</arg>
<arg>${text}</arg>
<doc>Verifies text field ``locator`` contains text ``expected``.</doc>
<msg timestamp="20230430 14:40:07.465" level="INFO">Text field '//input[@id='frm-signInForm-password']' contains text 'SpatneHeslo123'.</msg>
<status status="PASS" starttime="20230430 14:40:07.438" endtime="20230430 14:40:07.465"/>
</kw>
<status status="PASS" starttime="20230430 14:40:07.342" endtime="20230430 14:40:07.465"/>
</kw>
<kw name="Wait and click" library="main-settings-variables-keywords">
<arg>${selector-input-login-submit}</arg>
<kw name="Wait Until Element Is Visible" library="SeleniumLibrary">
<arg>${selector}</arg>
<doc>Waits until the element ``locator`` is visible.</doc>
<status status="PASS" starttime="20230430 14:40:07.466" endtime="20230430 14:40:07.484"/>
</kw>
<kw name="Click Element" library="SeleniumLibrary">
<arg>${selector}</arg>
<doc>Click the element identified by ``locator``.</doc>
<msg timestamp="20230430 14:40:07.484" level="INFO">Clicking element '//input[@name='_submit']'.</msg>
<status status="PASS" starttime="20230430 14:40:07.484" endtime="20230430 14:40:07.824"/>
</kw>
<status status="PASS" starttime="20230430 14:40:07.465" endtime="20230430 14:40:07.824"/>
</kw>
<status status="PASS" starttime="20230430 14:40:05.715" endtime="20230430 14:40:07.824"/>
</kw>
<kw name="Location Should Contain" library="SeleniumLibrary">
<arg>${adresa-signIn}</arg>
<doc>Verifies that the current URL contains ``expected``.</doc>
<msg timestamp="20230430 14:40:07.832" level="INFO">Current location contains 'https://localhost/autobazarDrabek/admin/sign-in'.</msg>
<status status="PASS" starttime="20230430 14:40:07.824" endtime="20230430 14:40:07.832"/>
</kw>
<kw name="Check Alert State" library="main-settings-variables-keywords">
<arg>${alert-state-danger}</arg>
<arg>${alert-login-fail-text}</arg>
<kw name="Get Element Attribute" library="SeleniumLibrary">
<var>${alertClass}</var>
<arg>${selector-alert}</arg>
<arg>class</arg>
<doc>Returns the value of ``attribute`` from the element ``locator``.</doc>
<msg timestamp="20230430 14:40:07.852" level="INFO">${alertClass} = alert alert-danger</msg>
<status status="PASS" starttime="20230430 14:40:07.833" endtime="20230430 14:40:07.852"/>
</kw>
<kw name="Get Text" library="SeleniumLibrary">
<var>${alertText}</var>
<arg>${selector-alert}</arg>
<doc>Returns the text value of the element identified by ``locator``.</doc>
<msg timestamp="20230430 14:40:07.870" level="INFO">${alertText} = Email nebo heslo je špatně</msg>
<status status="PASS" starttime="20230430 14:40:07.852" endtime="20230430 14:40:07.870"/>
</kw>
<kw name="Should Be Equal As Strings" library="BuiltIn">
<arg>${state}</arg>
<arg>${alertClass}</arg>
<doc>Fails if objects are unequal after converting them to strings.</doc>
<status status="PASS" starttime="20230430 14:40:07.870" endtime="20230430 14:40:07.871"/>
</kw>
<kw name="Check if text is equal" library="main-settings-variables-keywords">
<arg>${selector-alert}</arg>
<arg>${text}</arg>
<kw name="Get Text" library="SeleniumLibrary">
<var>${selectedText}</var>
<arg>${selector}</arg>
<doc>Returns the text value of the element identified by ``locator``.</doc>
<msg timestamp="20230430 14:40:07.885" level="INFO">${selectedText} = Email nebo heslo je špatně</msg>
<status status="PASS" starttime="20230430 14:40:07.871" endtime="20230430 14:40:07.885"/>
</kw>
<kw name="Should Be Equal" library="BuiltIn">
<arg>${selectedText}</arg>
<arg>${text}</arg>
<doc>Fails if the given objects are unequal.</doc>
<status status="PASS" starttime="20230430 14:40:07.886" endtime="20230430 14:40:07.886"/>
</kw>
<status status="PASS" starttime="20230430 14:40:07.871" endtime="20230430 14:40:07.886"/>
</kw>
<status status="PASS" starttime="20230430 14:40:07.832" endtime="20230430 14:40:07.886"/>
</kw>
<status status="PASS" starttime="20230430 14:40:05.714" endtime="20230430 14:40:07.887"/>
</test>
<status status="PASS" starttime="20230430 14:40:02.775" endtime="20230430 14:40:07.889"/>
</suite>
<status status="PASS" starttime="20230430 14:40:02.773" endtime="20230430 14:40:07.892"/>
</suite>
<status status="PASS" starttime="20230430 14:40:02.770" endtime="20230430 14:40:07.894"/>
</suite>
<status status="PASS" starttime="20230430 14:40:02.768" endtime="20230430 14:40:07.896"/>
</suite>
<status status="PASS" starttime="20230430 14:40:02.746" endtime="20230430 14:40:07.898"/>
</suite>
<statistics>
<total>
<stat pass="2" fail="0" skip="0">All Tests</stat>
</total>
<tag>
</tag>
<suite>
<stat pass="2" fail="0" skip="0" id="s1" name="testovaniAutobazaru">testovaniAutobazaru</stat>
<stat pass="2" fail="0" skip="0" id="s1-s1" name="robotTests">testovaniAutobazaru.robotTests</stat>
<stat pass="2" fail="0" skip="0" id="s1-s1-s1" name="TS 002 - Administrační část">testovaniAutobazaru.robotTests.TS 002 - Administrační část</stat>
<stat pass="2" fail="0" skip="0" id="s1-s1-s1-s1" name="TS 012 - Testování přihlášení do systému">testovaniAutobazaru.robotTests.TS 002 - Administrační část.TS 012 - Testování přihlášení do systému</stat>
<stat pass="2" fail="0" skip="0" id="s1-s1-s1-s1-s1" name="TP 023 - Neúspěšné přihlášení do systému kvůli heslu">testovaniAutobazaru.robotTests.TS 002 - Administrační část.TS 012 - Testování přihlášení do systému.TP 023 - Neúspěšné přihlášení do systému kvůli heslu</stat>
</suite>
</statistics>
<errors>
</errors>
</robot>
