<?xml version="1.0" encoding="UTF-8"?>
<robot generator="Robot 6.0.2 (Python 3.8.2 on win32)" generated="20230430 21:41:33.557" rpa="false" schemaversion="3">
<suite id="s1" name="testovaniAutobazaru" source="C:\xampp\htdocs\testovaniAutobazaru">
<suite id="s1-s1" name="robotTests" source="C:\xampp\htdocs\testovaniAutobazaru\robotTests">
<suite id="s1-s1-s1" name="TS 002 - Administrační část" source="C:\xampp\htdocs\testovaniAutobazaru\robotTests\TS_002 - Administrační část">
<suite id="s1-s1-s1-s1" name="TS 014 - Testování nastavení autobazaru" source="C:\xampp\htdocs\testovaniAutobazaru\robotTests\TS_002 - Administrační část\TS_014 - Testování nastavení autobazaru">
<suite id="s1-s1-s1-s1-s1" name="TP 030 - Přidání textu novinek" source="C:\xampp\htdocs\testovaniAutobazaru\robotTests\TS_002 - Administrační část\TS_014 - Testování nastavení autobazaru\TP_030 - Přidání textu novinek.robot">
<test id="s1-s1-s1-s1-s1-t1" name="Pre-conditions - Otevři prohlížeč, přihlaš se a přejdi na stránku" line="5">
<kw name="Open browser Accept danger And Login" library="Variables - TS_002 - Administrační část">
<arg>${adresa-settings}</arg>
<kw name="Open browser and accept danger In Login" library="Variables - TS_002 - Administrační část">
<arg>${adresa-signIn}</arg>
<kw name="Open Browser" library="SeleniumLibrary">
<arg>${URL}</arg>
<arg>${google}</arg>
<doc>Opens a new browser instance to the optional ``url``.</doc>
<msg timestamp="20230430 21:41:33.784" level="INFO">Opening browser 'Chrome' to base url 'https://localhost/autobazarDrabek/admin/sign-in'.</msg>
<status status="PASS" starttime="20230430 21:41:33.784" endtime="20230430 21:41:35.401"/>
</kw>
<kw name="Maximize Browser Window" library="SeleniumLibrary">
<doc>Maximizes current browser window.</doc>
<status status="PASS" starttime="20230430 21:41:35.401" endtime="20230430 21:41:35.526"/>
</kw>
<kw name="Click Element" library="SeleniumLibrary">
<arg>//*[@id="details-button"]</arg>
<doc>Click the element identified by ``locator``.</doc>
<msg timestamp="20230430 21:41:35.526" level="INFO">Clicking element '//*[@id="details-button"]'.</msg>
<status status="PASS" starttime="20230430 21:41:35.526" endtime="20230430 21:41:35.578"/>
</kw>
<kw name="Wait Until Element Is Visible" library="SeleniumLibrary">
<arg>//*[@id="proceed-link"]</arg>
<doc>Waits until the element ``locator`` is visible.</doc>
<status status="PASS" starttime="20230430 21:41:35.578" endtime="20230430 21:41:35.607"/>
</kw>
<kw name="Click Element" library="SeleniumLibrary">
<arg>//*[@id="proceed-link"]</arg>
<doc>Click the element identified by ``locator``.</doc>
<msg timestamp="20230430 21:41:35.608" level="INFO">Clicking element '//*[@id="proceed-link"]'.</msg>
<status status="PASS" starttime="20230430 21:41:35.607" endtime="20230430 21:41:35.660"/>
</kw>
<kw name="Wait Until Element Is Visible" library="SeleniumLibrary">
<arg>//form[@id='frm-signInForm']</arg>
<doc>Waits until the element ``locator`` is visible.</doc>
<status status="PASS" starttime="20230430 21:41:35.661" endtime="20230430 21:41:36.416"/>
</kw>
<kw name="Location Should Be" library="SeleniumLibrary">
<arg>${URL}</arg>
<doc>Verifies that the current URL is exactly ``url``.</doc>
<msg timestamp="20230430 21:41:36.420" level="INFO">Current location is 'https://localhost/autobazarDrabek/admin/sign-in'.</msg>
<status status="PASS" starttime="20230430 21:41:36.416" endtime="20230430 21:41:36.420"/>
</kw>
<status status="PASS" starttime="20230430 21:41:33.783" endtime="20230430 21:41:36.420"/>
</kw>
<kw name="Login To System" library="Variables - TS_002 - Administrační část">
<kw name="Login To System With Data" library="Variables - TS_002 - Administrační část">
<arg>${data-login-email}</arg>
<arg>${data-login-password}</arg>
<kw name="Set Focus and Wait" library="main-settings-variables-keywords">
<arg>${selector-input-login-email}</arg>
<kw name="Set Focus To Element" library="SeleniumLibrary">
<arg>${selector}</arg>
<doc>Sets the focus to the element identified by ``locator``.</doc>
<status status="PASS" starttime="20230430 21:41:36.421" endtime="20230430 21:41:36.440"/>
</kw>
<kw name="Wait Until Element Is Visible" library="SeleniumLibrary">
<arg>${selector}</arg>
<doc>Waits until the element ``locator`` is visible.</doc>
<status status="PASS" starttime="20230430 21:41:36.440" endtime="20230430 21:41:36.461"/>
</kw>
<kw name="Sleep" library="BuiltIn">
<arg>0.7s</arg>
<doc>Pauses the test executed for the given time.</doc>
<msg timestamp="20230430 21:41:37.168" level="INFO">Slept 700 milliseconds</msg>
<status status="PASS" starttime="20230430 21:41:36.461" endtime="20230430 21:41:37.168"/>
</kw>
<status status="PASS" starttime="20230430 21:41:36.421" endtime="20230430 21:41:37.168"/>
</kw>
<kw name="Check and input text" library="main-settings-variables-keywords">
<arg>${selector-input-login-email}</arg>
<arg>${email}</arg>
<kw name="Wait Until Element Is Visible" library="SeleniumLibrary">
<arg>${selector}</arg>
<doc>Waits until the element ``locator`` is visible.</doc>
<status status="PASS" starttime="20230430 21:41:37.169" endtime="20230430 21:41:37.184"/>
</kw>
<kw name="Input Text" library="SeleniumLibrary">
<arg>${selector}</arg>
<arg>${text}</arg>
<doc>Types the given ``text`` into the text field identified by ``locator``.</doc>
<msg timestamp="20230430 21:41:37.185" level="INFO">Typing text 'leonhol@seznam.cz' into text field '//input[@id='frm-signInForm-email']'.</msg>
<status status="PASS" starttime="20230430 21:41:37.184" endtime="20230430 21:41:37.260"/>
</kw>
<kw name="Textfield Should Contain" library="SeleniumLibrary">
<arg>${selector}</arg>
<arg>${text}</arg>
<doc>Verifies text field ``locator`` contains text ``expected``.</doc>
<msg timestamp="20230430 21:41:37.293" level="INFO">Text field '//input[@id='frm-signInForm-email']' contains text 'leonhol@seznam.cz'.</msg>
<status status="PASS" starttime="20230430 21:41:37.262" endtime="20230430 21:41:37.294"/>
</kw>
<status status="PASS" starttime="20230430 21:41:37.169" endtime="20230430 21:41:37.294"/>
</kw>
<kw name="Set Focus and Wait" library="main-settings-variables-keywords">
<arg>${selector-input-login-password}</arg>
<kw name="Set Focus To Element" library="SeleniumLibrary">
<arg>${selector}</arg>
<doc>Sets the focus to the element identified by ``locator``.</doc>
<status status="PASS" starttime="20230430 21:41:37.294" endtime="20230430 21:41:37.311"/>
</kw>
<kw name="Wait Until Element Is Visible" library="SeleniumLibrary">
<arg>${selector}</arg>
<doc>Waits until the element ``locator`` is visible.</doc>
<status status="PASS" starttime="20230430 21:41:37.312" endtime="20230430 21:41:37.326"/>
</kw>
<kw name="Sleep" library="BuiltIn">
<arg>0.7s</arg>
<doc>Pauses the test executed for the given time.</doc>
<msg timestamp="20230430 21:41:38.030" level="INFO">Slept 700 milliseconds</msg>
<status status="PASS" starttime="20230430 21:41:37.326" endtime="20230430 21:41:38.030"/>
</kw>
<status status="PASS" starttime="20230430 21:41:37.294" endtime="20230430 21:41:38.030"/>
</kw>
<kw name="Check and input text" library="main-settings-variables-keywords">
<arg>${selector-input-login-password}</arg>
<arg>${password}</arg>
<kw name="Wait Until Element Is Visible" library="SeleniumLibrary">
<arg>${selector}</arg>
<doc>Waits until the element ``locator`` is visible.</doc>
<status status="PASS" starttime="20230430 21:41:38.031" endtime="20230430 21:41:38.050"/>
</kw>
<kw name="Input Text" library="SeleniumLibrary">
<arg>${selector}</arg>
<arg>${text}</arg>
<doc>Types the given ``text`` into the text field identified by ``locator``.</doc>
<msg timestamp="20230430 21:41:38.052" level="INFO">Typing text '1234567890a' into text field '//input[@id='frm-signInForm-password']'.</msg>
<status status="PASS" starttime="20230430 21:41:38.050" endtime="20230430 21:41:38.126"/>
</kw>
<kw name="Textfield Should Contain" library="SeleniumLibrary">
<arg>${selector}</arg>
<arg>${text}</arg>
<doc>Verifies text field ``locator`` contains text ``expected``.</doc>
<msg timestamp="20230430 21:41:38.165" level="INFO">Text field '//input[@id='frm-signInForm-password']' contains text '1234567890a'.</msg>
<status status="PASS" starttime="20230430 21:41:38.127" endtime="20230430 21:41:38.165"/>
</kw>
<status status="PASS" starttime="20230430 21:41:38.030" endtime="20230430 21:41:38.165"/>
</kw>
<kw name="Wait and click" library="main-settings-variables-keywords">
<arg>${selector-input-login-submit}</arg>
<kw name="Wait Until Element Is Visible" library="SeleniumLibrary">
<arg>${selector}</arg>
<doc>Waits until the element ``locator`` is visible.</doc>
<status status="PASS" starttime="20230430 21:41:38.166" endtime="20230430 21:41:38.183"/>
</kw>
<kw name="Click Element" library="SeleniumLibrary">
<arg>${selector}</arg>
<doc>Click the element identified by ``locator``.</doc>
<msg timestamp="20230430 21:41:38.184" level="INFO">Clicking element '//input[@name='_submit']'.</msg>
<status status="PASS" starttime="20230430 21:41:38.184" endtime="20230430 21:41:38.789"/>
</kw>
<status status="PASS" starttime="20230430 21:41:38.165" endtime="20230430 21:41:38.789"/>
</kw>
<status status="PASS" starttime="20230430 21:41:36.421" endtime="20230430 21:41:38.789"/>
</kw>
<kw name="Wait Until Location Is" library="SeleniumLibrary">
<arg>${adresa-dahsboard}</arg>
<doc>Waits until the current URL is ``expected``.</doc>
<status status="PASS" starttime="20230430 21:41:38.789" endtime="20230430 21:41:38.794"/>
</kw>
<kw name="Location Should Be" library="SeleniumLibrary">
<arg>${adresa-dahsboard}</arg>
<doc>Verifies that the current URL is exactly ``url``.</doc>
<msg timestamp="20230430 21:41:38.799" level="INFO">Current location is 'https://localhost/autobazarDrabek/Dashboard'.</msg>
<status status="PASS" starttime="20230430 21:41:38.794" endtime="20230430 21:41:38.799"/>
</kw>
<status status="PASS" starttime="20230430 21:41:36.420" endtime="20230430 21:41:38.799"/>
</kw>
<kw name="Go To" library="SeleniumLibrary">
<arg>${URL}</arg>
<doc>Navigates the current browser window to the provided ``url``.</doc>
<msg timestamp="20230430 21:41:38.799" level="INFO">Opening url 'https://localhost/autobazarDrabek/Settings'</msg>
<status status="PASS" starttime="20230430 21:41:38.799" endtime="20230430 21:41:39.290"/>
</kw>
<status status="PASS" starttime="20230430 21:41:33.783" endtime="20230430 21:41:39.291"/>
</kw>
<status status="PASS" starttime="20230430 21:41:33.782" endtime="20230430 21:41:39.291"/>
</test>
<test id="s1-s1-s1-s1-s1-t2" name="TP_030 - Přidání textu novinek" line="8">
<kw name="Input TinyMCE Text" library="Variables - TS_014 - Testování nastavení autobazaru">
<arg>${selector-tinyMCE-settings}</arg>
<arg>${data-tinyMCe-Text}</arg>
<kw name="Select Frame" library="SeleniumLibrary">
<arg>${selector}</arg>
<doc>Sets frame identified by ``locator`` as the current frame.</doc>
<msg timestamp="20230430 21:41:39.295" level="INFO">Selecting frame '//iframe[@id="frm-settingsForm-news_ifr"]'.</msg>
<status status="PASS" starttime="20230430 21:41:39.294" endtime="20230430 21:41:39.365"/>
</kw>
<kw name="Execute Javascript" library="SeleniumLibrary">
<arg>document.querySelector('body').innerHTML = ${text}</arg>
<doc>Executes the given JavaScript code with possible arguments.</doc>
<msg timestamp="20230430 21:41:39.366" level="INFO">Executing JavaScript:
document.querySelector('body').innerHTML = "#News – nějaké místo na novinky – například tam budu potřebovat psát dovolenou… nějaká omezení, novinky (nový vozík na půjčení , možná i dodávku budeme mít na půjčení atp) atp.,…"
Without any arguments.</msg>
<status status="PASS" starttime="20230430 21:41:39.365" endtime="20230430 21:41:39.371"/>
</kw>
<kw name="Unselect Frame" library="SeleniumLibrary">
<doc>Sets the main frame as the current frame.</doc>
<status status="PASS" starttime="20230430 21:41:39.371" endtime="20230430 21:41:39.375"/>
</kw>
<status status="PASS" starttime="20230430 21:41:39.294" endtime="20230430 21:41:39.375"/>
</kw>
<kw name="Wait and click" library="main-settings-variables-keywords">
<arg>${selector-input-absolute-submit}</arg>
<kw name="Wait Until Element Is Visible" library="SeleniumLibrary">
<arg>${selector}</arg>
<doc>Waits until the element ``locator`` is visible.</doc>
<status status="PASS" starttime="20230430 21:41:39.376" endtime="20230430 21:41:39.395"/>
</kw>
<kw name="Click Element" library="SeleniumLibrary">
<arg>${selector}</arg>
<doc>Click the element identified by ``locator``.</doc>
<msg timestamp="20230430 21:41:39.396" level="INFO">Clicking element '//input[@type="submit" and @class="btn btn-primary position-fixed bottom-0 end-0 m-2"]'.</msg>
<status status="PASS" starttime="20230430 21:41:39.396" endtime="20230430 21:41:39.940"/>
</kw>
<status status="PASS" starttime="20230430 21:41:39.375" endtime="20230430 21:41:39.940"/>
</kw>
<kw name="Wait and click" library="main-settings-variables-keywords">
<arg>${selector-a-homeLink-image}</arg>
<kw name="Wait Until Element Is Visible" library="SeleniumLibrary">
<arg>${selector}</arg>
<doc>Waits until the element ``locator`` is visible.</doc>
<status status="PASS" starttime="20230430 21:41:39.941" endtime="20230430 21:41:39.972"/>
</kw>
<kw name="Click Element" library="SeleniumLibrary">
<arg>${selector}</arg>
<doc>Click the element identified by ``locator``.</doc>
<msg timestamp="20230430 21:41:39.973" level="INFO">Clicking element '//img[@src='/autobazarDrabek/dist/images/logo-auto-drabek.png']/parent::a'.</msg>
<status status="PASS" starttime="20230430 21:41:39.972" endtime="20230430 21:41:40.490"/>
</kw>
<status status="PASS" starttime="20230430 21:41:39.941" endtime="20230430 21:41:40.490"/>
</kw>
<kw name="Location Should Be" library="SeleniumLibrary">
<arg>${homeURL}</arg>
<doc>Verifies that the current URL is exactly ``url``.</doc>
<msg timestamp="20230430 21:41:40.497" level="INFO">Current location is 'https://localhost/autobazarDrabek/'.</msg>
<status status="PASS" starttime="20230430 21:41:40.491" endtime="20230430 21:41:40.498"/>
</kw>
<kw name="Page Should Contain Element" library="SeleniumLibrary">
<arg>${selector-section-homepageNews}</arg>
<doc>Verifies that element ``locator`` is found on the current page.</doc>
<msg timestamp="20230430 21:41:40.508" level="INFO">Current page contains element '//section[@class="homepage-news my-5 bg-white"]'.</msg>
<status status="PASS" starttime="20230430 21:41:40.498" endtime="20230430 21:41:40.508"/>
</kw>
<kw name="Set Variable" library="BuiltIn">
<var>${text}</var>
<arg>${data-tinyMCe-Text}</arg>
<doc>Returns the given values which can then be assigned to a variables.</doc>
<msg timestamp="20230430 21:41:40.509" level="INFO">${text} = "#News – nějaké místo na novinky – například tam budu potřebovat psát dovolenou… nějaká omezení, novinky (nový vozík na půjčení , možná i dodávku budeme mít na půjčení atp) atp.,…"</msg>
<status status="PASS" starttime="20230430 21:41:40.509" endtime="20230430 21:41:40.509"/>
</kw>
<kw name="Set Variable" library="BuiltIn">
<var>${text}</var>
<arg>${text.replace('\"', '')}</arg>
<doc>Returns the given values which can then be assigned to a variables.</doc>
<msg timestamp="20230430 21:41:40.511" level="INFO">${text} = #News – nějaké místo na novinky – například tam budu potřebovat psát dovolenou… nějaká omezení, novinky (nový vozík na půjčení , možná i dodávku budeme mít na půjčení atp) atp.,…</msg>
<status status="PASS" starttime="20230430 21:41:40.510" endtime="20230430 21:41:40.511"/>
</kw>
<kw name="Check if text is equal" library="main-settings-variables-keywords">
<arg>${selector-p-homepageNews}</arg>
<arg>${text}</arg>
<kw name="Get Text" library="SeleniumLibrary">
<var>${selectedText}</var>
<arg>${selector}</arg>
<doc>Returns the text value of the element identified by ``locator``.</doc>
<msg timestamp="20230430 21:41:40.532" level="INFO">${selectedText} = #News – nějaké místo na novinky – například tam budu potřebovat psát dovolenou… nějaká omezení, novinky (nový vozík na půjčení , možná i dodávku budeme mít na půjčení atp) atp.,…</msg>
<status status="PASS" starttime="20230430 21:41:40.511" endtime="20230430 21:41:40.532"/>
</kw>
<kw name="Should Be Equal" library="BuiltIn">
<arg>${selectedText}</arg>
<arg>${text}</arg>
<doc>Fails if the given objects are unequal.</doc>
<status status="PASS" starttime="20230430 21:41:40.533" endtime="20230430 21:41:40.533"/>
</kw>
<status status="PASS" starttime="20230430 21:41:40.511" endtime="20230430 21:41:40.533"/>
</kw>
<status status="PASS" starttime="20230430 21:41:39.293" endtime="20230430 21:41:40.534"/>
</test>
<test id="s1-s1-s1-s1-s1-t3" name="Post-conditions - Odhlaš uživatele a zavři prohlížeč" line="18">
<kw name="Log Out And Close Window" library="Variables - TS_002 - Administrační část">
<kw name="Go To" library="SeleniumLibrary">
<arg>${adresa-dahsboard}</arg>
<doc>Navigates the current browser window to the provided ``url``.</doc>
<msg timestamp="20230430 21:41:40.537" level="INFO">Opening url 'https://localhost/autobazarDrabek/Dashboard'</msg>
<status status="PASS" starttime="20230430 21:41:40.537" endtime="20230430 21:41:40.708"/>
</kw>
<kw name="Wait and click" library="main-settings-variables-keywords">
<arg>${selector-a-logoutInDashboard}</arg>
<kw name="Wait Until Element Is Visible" library="SeleniumLibrary">
<arg>${selector}</arg>
<doc>Waits until the element ``locator`` is visible.</doc>
<status status="PASS" starttime="20230430 21:41:40.708" endtime="20230430 21:41:40.729"/>
</kw>
<kw name="Click Element" library="SeleniumLibrary">
<arg>${selector}</arg>
<doc>Click the element identified by ``locator``.</doc>
<msg timestamp="20230430 21:41:40.730" level="INFO">Clicking element '//div[@id="main"]//a[@href="/autobazarDrabek/Odhlásit se"]'.</msg>
<status status="PASS" starttime="20230430 21:41:40.729" endtime="20230430 21:41:41.006"/>
</kw>
<status status="PASS" starttime="20230430 21:41:40.708" endtime="20230430 21:41:41.007"/>
</kw>
<kw name="Close Window" library="SeleniumLibrary">
<doc>Closes currently opened and selected browser window/tab.</doc>
<status status="PASS" starttime="20230430 21:41:41.007" endtime="20230430 21:41:41.097"/>
</kw>
<status status="PASS" starttime="20230430 21:41:40.536" endtime="20230430 21:41:41.098"/>
</kw>
<status status="PASS" starttime="20230430 21:41:40.535" endtime="20230430 21:41:41.098"/>
</test>
<status status="PASS" starttime="20230430 21:41:33.591" endtime="20230430 21:41:41.101"/>
</suite>
<status status="PASS" starttime="20230430 21:41:33.587" endtime="20230430 21:41:41.106"/>
</suite>
<status status="PASS" starttime="20230430 21:41:33.585" endtime="20230430 21:41:41.110"/>
</suite>
<status status="PASS" starttime="20230430 21:41:33.583" endtime="20230430 21:41:41.113"/>
</suite>
<status status="PASS" starttime="20230430 21:41:33.560" endtime="20230430 21:41:41.119"/>
</suite>
<statistics>
<total>
<stat pass="3" fail="0" skip="0">All Tests</stat>
</total>
<tag>
</tag>
<suite>
<stat pass="3" fail="0" skip="0" id="s1" name="testovaniAutobazaru">testovaniAutobazaru</stat>
<stat pass="3" fail="0" skip="0" id="s1-s1" name="robotTests">testovaniAutobazaru.robotTests</stat>
<stat pass="3" fail="0" skip="0" id="s1-s1-s1" name="TS 002 - Administrační část">testovaniAutobazaru.robotTests.TS 002 - Administrační část</stat>
<stat pass="3" fail="0" skip="0" id="s1-s1-s1-s1" name="TS 014 - Testování nastavení autobazaru">testovaniAutobazaru.robotTests.TS 002 - Administrační část.TS 014 - Testování nastavení autobazaru</stat>
<stat pass="3" fail="0" skip="0" id="s1-s1-s1-s1-s1" name="TP 030 - Přidání textu novinek">testovaniAutobazaru.robotTests.TS 002 - Administrační část.TS 014 - Testování nastavení autobazaru.TP 030 - Přidání textu novinek</stat>
</suite>
</statistics>
<errors>
</errors>
</robot>
