<?xml version="1.0" encoding="UTF-8"?>
<robot generator="Robot 6.0.2 (Python 3.8.2 on win32)" generated="20230430 22:00:37.515" rpa="false" schemaversion="3">
<suite id="s1" name="testovaniAutobazaru" source="C:\xampp\htdocs\testovaniAutobazaru">
<suite id="s1-s1" name="robotTests" source="C:\xampp\htdocs\testovaniAutobazaru\robotTests">
<suite id="s1-s1-s1" name="TS 002 - Administrační část" source="C:\xampp\htdocs\testovaniAutobazaru\robotTests\TS_002 - Administrační část">
<suite id="s1-s1-s1-s1" name="TS 018 - Testování stránek v menu" source="C:\xampp\htdocs\testovaniAutobazaru\robotTests\TS_002 - Administrační část\TS_018 - Testování stránek v menu">
<suite id="s1-s1-s1-s1-s1" name="TP 050 - Kontrola ručního psaní slugu" source="C:\xampp\htdocs\testovaniAutobazaru\robotTests\TS_002 - Administrační část\TS_018 - Testování stránek v menu\TP_050 - Kontrola ručního psaní slugu.robot">
<test id="s1-s1-s1-s1-s1-t1" name="Pre-conditions - Otevři prohlížeč, přihlaš se a přejdi na stránku" line="5">
<kw name="Open browser Accept danger And Login" library="Variables - TS_002 - Administrační část">
<arg>${adresa-navigation}</arg>
<kw name="Open browser and accept danger In Login" library="Variables - TS_002 - Administrační část">
<arg>${adresa-signIn}</arg>
<kw name="Open Browser" library="SeleniumLibrary">
<arg>${URL}</arg>
<arg>${google}</arg>
<doc>Opens a new browser instance to the optional ``url``.</doc>
<msg timestamp="20230430 22:00:37.750" level="INFO">Opening browser 'Chrome' to base url 'https://localhost/autobazarDrabek/admin/sign-in'.</msg>
<status status="PASS" starttime="20230430 22:00:37.750" endtime="20230430 22:00:39.198"/>
</kw>
<kw name="Maximize Browser Window" library="SeleniumLibrary">
<doc>Maximizes current browser window.</doc>
<status status="PASS" starttime="20230430 22:00:39.198" endtime="20230430 22:00:39.329"/>
</kw>
<kw name="Click Element" library="SeleniumLibrary">
<arg>//*[@id="details-button"]</arg>
<doc>Click the element identified by ``locator``.</doc>
<msg timestamp="20230430 22:00:39.331" level="INFO">Clicking element '//*[@id="details-button"]'.</msg>
<status status="PASS" starttime="20230430 22:00:39.329" endtime="20230430 22:00:39.379"/>
</kw>
<kw name="Wait Until Element Is Visible" library="SeleniumLibrary">
<arg>//*[@id="proceed-link"]</arg>
<doc>Waits until the element ``locator`` is visible.</doc>
<status status="PASS" starttime="20230430 22:00:39.379" endtime="20230430 22:00:39.405"/>
</kw>
<kw name="Click Element" library="SeleniumLibrary">
<arg>//*[@id="proceed-link"]</arg>
<doc>Click the element identified by ``locator``.</doc>
<msg timestamp="20230430 22:00:39.406" level="INFO">Clicking element '//*[@id="proceed-link"]'.</msg>
<status status="PASS" starttime="20230430 22:00:39.405" endtime="20230430 22:00:39.457"/>
</kw>
<kw name="Wait Until Element Is Visible" library="SeleniumLibrary">
<arg>//form[@id='frm-signInForm']</arg>
<doc>Waits until the element ``locator`` is visible.</doc>
<status status="PASS" starttime="20230430 22:00:39.457" endtime="20230430 22:00:40.063"/>
</kw>
<kw name="Location Should Be" library="SeleniumLibrary">
<arg>${URL}</arg>
<doc>Verifies that the current URL is exactly ``url``.</doc>
<msg timestamp="20230430 22:00:40.067" level="INFO">Current location is 'https://localhost/autobazarDrabek/admin/sign-in'.</msg>
<status status="PASS" starttime="20230430 22:00:40.063" endtime="20230430 22:00:40.068"/>
</kw>
<status status="PASS" starttime="20230430 22:00:37.749" endtime="20230430 22:00:40.068"/>
</kw>
<kw name="Login To System" library="Variables - TS_002 - Administrační část">
<kw name="Login To System With Data" library="Variables - TS_002 - Administrační část">
<arg>${data-login-email}</arg>
<arg>${data-login-password}</arg>
<kw name="Set Focus and Wait" library="main-settings-variables-keywords">
<arg>${selector-input-login-email}</arg>
<kw name="Set Focus To Element" library="SeleniumLibrary">
<arg>${selector}</arg>
<doc>Sets the focus to the element identified by ``locator``.</doc>
<status status="PASS" starttime="20230430 22:00:40.069" endtime="20230430 22:00:40.086"/>
</kw>
<kw name="Wait Until Element Is Visible" library="SeleniumLibrary">
<arg>${selector}</arg>
<doc>Waits until the element ``locator`` is visible.</doc>
<status status="PASS" starttime="20230430 22:00:40.086" endtime="20230430 22:00:40.105"/>
</kw>
<kw name="Sleep" library="BuiltIn">
<arg>0.7s</arg>
<doc>Pauses the test executed for the given time.</doc>
<msg timestamp="20230430 22:00:40.811" level="INFO">Slept 700 milliseconds</msg>
<status status="PASS" starttime="20230430 22:00:40.105" endtime="20230430 22:00:40.811"/>
</kw>
<status status="PASS" starttime="20230430 22:00:40.068" endtime="20230430 22:00:40.811"/>
</kw>
<kw name="Check and input text" library="main-settings-variables-keywords">
<arg>${selector-input-login-email}</arg>
<arg>${email}</arg>
<kw name="Wait Until Element Is Visible" library="SeleniumLibrary">
<arg>${selector}</arg>
<doc>Waits until the element ``locator`` is visible.</doc>
<status status="PASS" starttime="20230430 22:00:40.811" endtime="20230430 22:00:40.826"/>
</kw>
<kw name="Input Text" library="SeleniumLibrary">
<arg>${selector}</arg>
<arg>${text}</arg>
<doc>Types the given ``text`` into the text field identified by ``locator``.</doc>
<msg timestamp="20230430 22:00:40.826" level="INFO">Typing text 'leonhol@seznam.cz' into text field '//input[@id='frm-signInForm-email']'.</msg>
<status status="PASS" starttime="20230430 22:00:40.826" endtime="20230430 22:00:40.903"/>
</kw>
<kw name="Textfield Should Contain" library="SeleniumLibrary">
<arg>${selector}</arg>
<arg>${text}</arg>
<doc>Verifies text field ``locator`` contains text ``expected``.</doc>
<msg timestamp="20230430 22:00:40.934" level="INFO">Text field '//input[@id='frm-signInForm-email']' contains text 'leonhol@seznam.cz'.</msg>
<status status="PASS" starttime="20230430 22:00:40.903" endtime="20230430 22:00:40.934"/>
</kw>
<status status="PASS" starttime="20230430 22:00:40.811" endtime="20230430 22:00:40.934"/>
</kw>
<kw name="Set Focus and Wait" library="main-settings-variables-keywords">
<arg>${selector-input-login-password}</arg>
<kw name="Set Focus To Element" library="SeleniumLibrary">
<arg>${selector}</arg>
<doc>Sets the focus to the element identified by ``locator``.</doc>
<status status="PASS" starttime="20230430 22:00:40.935" endtime="20230430 22:00:40.953"/>
</kw>
<kw name="Wait Until Element Is Visible" library="SeleniumLibrary">
<arg>${selector}</arg>
<doc>Waits until the element ``locator`` is visible.</doc>
<status status="PASS" starttime="20230430 22:00:40.953" endtime="20230430 22:00:40.969"/>
</kw>
<kw name="Sleep" library="BuiltIn">
<arg>0.7s</arg>
<doc>Pauses the test executed for the given time.</doc>
<msg timestamp="20230430 22:00:41.670" level="INFO">Slept 700 milliseconds</msg>
<status status="PASS" starttime="20230430 22:00:40.969" endtime="20230430 22:00:41.670"/>
</kw>
<status status="PASS" starttime="20230430 22:00:40.935" endtime="20230430 22:00:41.670"/>
</kw>
<kw name="Check and input text" library="main-settings-variables-keywords">
<arg>${selector-input-login-password}</arg>
<arg>${password}</arg>
<kw name="Wait Until Element Is Visible" library="SeleniumLibrary">
<arg>${selector}</arg>
<doc>Waits until the element ``locator`` is visible.</doc>
<status status="PASS" starttime="20230430 22:00:41.671" endtime="20230430 22:00:41.687"/>
</kw>
<kw name="Input Text" library="SeleniumLibrary">
<arg>${selector}</arg>
<arg>${text}</arg>
<doc>Types the given ``text`` into the text field identified by ``locator``.</doc>
<msg timestamp="20230430 22:00:41.688" level="INFO">Typing text '1234567890a' into text field '//input[@id='frm-signInForm-password']'.</msg>
<status status="PASS" starttime="20230430 22:00:41.687" endtime="20230430 22:00:41.772"/>
</kw>
<kw name="Textfield Should Contain" library="SeleniumLibrary">
<arg>${selector}</arg>
<arg>${text}</arg>
<doc>Verifies text field ``locator`` contains text ``expected``.</doc>
<msg timestamp="20230430 22:00:41.801" level="INFO">Text field '//input[@id='frm-signInForm-password']' contains text '1234567890a'.</msg>
<status status="PASS" starttime="20230430 22:00:41.773" endtime="20230430 22:00:41.801"/>
</kw>
<status status="PASS" starttime="20230430 22:00:41.670" endtime="20230430 22:00:41.801"/>
</kw>
<kw name="Wait and click" library="main-settings-variables-keywords">
<arg>${selector-input-login-submit}</arg>
<kw name="Wait Until Element Is Visible" library="SeleniumLibrary">
<arg>${selector}</arg>
<doc>Waits until the element ``locator`` is visible.</doc>
<status status="PASS" starttime="20230430 22:00:41.801" endtime="20230430 22:00:41.821"/>
</kw>
<kw name="Click Element" library="SeleniumLibrary">
<arg>${selector}</arg>
<doc>Click the element identified by ``locator``.</doc>
<msg timestamp="20230430 22:00:41.821" level="INFO">Clicking element '//input[@name='_submit']'.</msg>
<status status="PASS" starttime="20230430 22:00:41.821" endtime="20230430 22:00:42.493"/>
</kw>
<status status="PASS" starttime="20230430 22:00:41.801" endtime="20230430 22:00:42.493"/>
</kw>
<status status="PASS" starttime="20230430 22:00:40.068" endtime="20230430 22:00:42.493"/>
</kw>
<kw name="Wait Until Location Is" library="SeleniumLibrary">
<arg>${adresa-dahsboard}</arg>
<doc>Waits until the current URL is ``expected``.</doc>
<status status="PASS" starttime="20230430 22:00:42.493" endtime="20230430 22:00:42.498"/>
</kw>
<kw name="Location Should Be" library="SeleniumLibrary">
<arg>${adresa-dahsboard}</arg>
<doc>Verifies that the current URL is exactly ``url``.</doc>
<msg timestamp="20230430 22:00:42.503" level="INFO">Current location is 'https://localhost/autobazarDrabek/Dashboard'.</msg>
<status status="PASS" starttime="20230430 22:00:42.498" endtime="20230430 22:00:42.503"/>
</kw>
<status status="PASS" starttime="20230430 22:00:40.068" endtime="20230430 22:00:42.503"/>
</kw>
<kw name="Go To" library="SeleniumLibrary">
<arg>${URL}</arg>
<doc>Navigates the current browser window to the provided ``url``.</doc>
<msg timestamp="20230430 22:00:42.503" level="INFO">Opening url 'https://localhost/autobazarDrabek/Navigation'</msg>
<status status="PASS" starttime="20230430 22:00:42.503" endtime="20230430 22:00:42.930"/>
</kw>
<status status="PASS" starttime="20230430 22:00:37.749" endtime="20230430 22:00:42.930"/>
</kw>
<status status="PASS" starttime="20230430 22:00:37.748" endtime="20230430 22:00:42.931"/>
</test>
<test id="s1-s1-s1-s1-s1-t2" name="TP_050 - Kontrola ručního psaní slugu" line="8">
<kw name="Wait and click" library="main-settings-variables-keywords">
<arg>${selector-a-addPage}</arg>
<kw name="Wait Until Element Is Visible" library="SeleniumLibrary">
<arg>${selector}</arg>
<doc>Waits until the element ``locator`` is visible.</doc>
<status status="PASS" starttime="20230430 22:00:42.935" endtime="20230430 22:00:42.958"/>
</kw>
<kw name="Click Element" library="SeleniumLibrary">
<arg>${selector}</arg>
<doc>Click the element identified by ``locator``.</doc>
<msg timestamp="20230430 22:00:42.959" level="INFO">Clicking element '//a[@href='/autobazarDrabek/Page/Add']'.</msg>
<status status="PASS" starttime="20230430 22:00:42.958" endtime="20230430 22:00:43.380"/>
</kw>
<status status="PASS" starttime="20230430 22:00:42.934" endtime="20230430 22:00:43.380"/>
</kw>
<kw name="Wait Until Location Is" library="SeleniumLibrary">
<arg>${adresa-navigation-pageAdd}</arg>
<doc>Waits until the current URL is ``expected``.</doc>
<status status="PASS" starttime="20230430 22:00:43.381" endtime="20230430 22:00:43.405"/>
</kw>
<kw name="Location Should Be" library="SeleniumLibrary">
<arg>${adresa-navigation-pageAdd}</arg>
<doc>Verifies that the current URL is exactly ``url``.</doc>
<msg timestamp="20230430 22:00:43.408" level="INFO">Current location is 'https://localhost/autobazarDrabek/Page/Add'.</msg>
<status status="PASS" starttime="20230430 22:00:43.405" endtime="20230430 22:00:43.408"/>
</kw>
<kw name="Set Focus and Wait" library="main-settings-variables-keywords">
<arg>${selector-input-name}</arg>
<kw name="Set Focus To Element" library="SeleniumLibrary">
<arg>${selector}</arg>
<doc>Sets the focus to the element identified by ``locator``.</doc>
<status status="PASS" starttime="20230430 22:00:43.409" endtime="20230430 22:00:43.432"/>
</kw>
<kw name="Wait Until Element Is Visible" library="SeleniumLibrary">
<arg>${selector}</arg>
<doc>Waits until the element ``locator`` is visible.</doc>
<status status="PASS" starttime="20230430 22:00:43.432" endtime="20230430 22:00:43.454"/>
</kw>
<kw name="Sleep" library="BuiltIn">
<arg>0.7s</arg>
<doc>Pauses the test executed for the given time.</doc>
<msg timestamp="20230430 22:00:44.163" level="INFO">Slept 700 milliseconds</msg>
<status status="PASS" starttime="20230430 22:00:43.455" endtime="20230430 22:00:44.163"/>
</kw>
<status status="PASS" starttime="20230430 22:00:43.409" endtime="20230430 22:00:44.163"/>
</kw>
<kw name="Check and input text" library="main-settings-variables-keywords">
<arg>${selector-input-name}</arg>
<arg>${data-name}</arg>
<kw name="Wait Until Element Is Visible" library="SeleniumLibrary">
<arg>${selector}</arg>
<doc>Waits until the element ``locator`` is visible.</doc>
<status status="PASS" starttime="20230430 22:00:44.164" endtime="20230430 22:00:44.178"/>
</kw>
<kw name="Input Text" library="SeleniumLibrary">
<arg>${selector}</arg>
<arg>${text}</arg>
<doc>Types the given ``text`` into the text field identified by ``locator``.</doc>
<msg timestamp="20230430 22:00:44.178" level="INFO">Typing text 'Dlouhý název' into text field '//input[@id='frm-pageForm-name']'.</msg>
<status status="PASS" starttime="20230430 22:00:44.178" endtime="20230430 22:00:44.245"/>
</kw>
<kw name="Textfield Should Contain" library="SeleniumLibrary">
<arg>${selector}</arg>
<arg>${text}</arg>
<doc>Verifies text field ``locator`` contains text ``expected``.</doc>
<msg timestamp="20230430 22:00:44.273" level="INFO">Text field '//input[@id='frm-pageForm-name']' contains text 'Dlouhý název'.</msg>
<status status="PASS" starttime="20230430 22:00:44.245" endtime="20230430 22:00:44.273"/>
</kw>
<status status="PASS" starttime="20230430 22:00:44.164" endtime="20230430 22:00:44.273"/>
</kw>
<kw name="Textfield Should Contain" library="SeleniumLibrary">
<arg>${selector-input-slug}</arg>
<arg>${data-check-nameToSlug}</arg>
<doc>Verifies text field ``locator`` contains text ``expected``.</doc>
<msg timestamp="20230430 22:00:44.301" level="INFO">Text field '//input[@id='frm-pageForm-slug']' contains text 'Dlouhy-nazev'.</msg>
<status status="PASS" starttime="20230430 22:00:44.273" endtime="20230430 22:00:44.301"/>
</kw>
<kw name="Check and input text" library="main-settings-variables-keywords">
<arg>${selector-input-slug}</arg>
<arg>${data-name}</arg>
<kw name="Wait Until Element Is Visible" library="SeleniumLibrary">
<arg>${selector}</arg>
<doc>Waits until the element ``locator`` is visible.</doc>
<status status="PASS" starttime="20230430 22:00:44.303" endtime="20230430 22:00:44.318"/>
</kw>
<kw name="Input Text" library="SeleniumLibrary">
<arg>${selector}</arg>
<arg>${text}</arg>
<doc>Types the given ``text`` into the text field identified by ``locator``.</doc>
<msg timestamp="20230430 22:00:44.318" level="INFO">Typing text 'Dlouhý název' into text field '//input[@id='frm-pageForm-slug']'.</msg>
<status status="PASS" starttime="20230430 22:00:44.318" endtime="20230430 22:00:44.411"/>
</kw>
<kw name="Textfield Should Contain" library="SeleniumLibrary">
<arg>${selector}</arg>
<arg>${text}</arg>
<doc>Verifies text field ``locator`` contains text ``expected``.</doc>
<msg timestamp="20230430 22:00:44.451" level="INFO">Text field '//input[@id='frm-pageForm-slug']' contains text 'Dlouhý název'.</msg>
<status status="PASS" starttime="20230430 22:00:44.412" endtime="20230430 22:00:44.451"/>
</kw>
<status status="PASS" starttime="20230430 22:00:44.303" endtime="20230430 22:00:44.451"/>
</kw>
<kw name="Set Focus To Element" library="SeleniumLibrary">
<arg>${selector-input-name}</arg>
<doc>Sets the focus to the element identified by ``locator``.</doc>
<status status="PASS" starttime="20230430 22:00:44.451" endtime="20230430 22:00:44.470"/>
</kw>
<kw name="Check If Text Is Equal Without Non-Breakable Spaces" library="main-settings-variables-keywords">
<arg>${selector-span-error-slug}</arg>
<arg>${data-check-error-slug}</arg>
<kw name="Get Text" library="SeleniumLibrary">
<var>${element_text}</var>
<arg>${selector}</arg>
<doc>Returns the text value of the element identified by ``locator``.</doc>
<msg timestamp="20230430 22:00:44.497" level="INFO">${element_text} =   Slug se může skládat pouze z písmen anglické abecedy, čísel a pomlčky</msg>
<status status="PASS" starttime="20230430 22:00:44.472" endtime="20230430 22:00:44.497"/>
</kw>
<kw name="Set Variable" library="BuiltIn">
<var>${element_text}</var>
<arg>${element_text.replace(' ', '')}</arg>
<doc>Returns the given values which can then be assigned to a variables.</doc>
<msg timestamp="20230430 22:00:44.499" level="INFO">${element_text} = Slugsemůžeskládatpouzezpísmenanglickéabecedy,číselapomlčky</msg>
<status status="PASS" starttime="20230430 22:00:44.498" endtime="20230430 22:00:44.499"/>
</kw>
<kw name="Should Be Equal" library="BuiltIn">
<arg>${element_text}</arg>
<arg>${text.replace(' ', '')}</arg>
<doc>Fails if the given objects are unequal.</doc>
<status status="PASS" starttime="20230430 22:00:44.499" endtime="20230430 22:00:44.499"/>
</kw>
<status status="PASS" starttime="20230430 22:00:44.471" endtime="20230430 22:00:44.499"/>
</kw>
<status status="PASS" starttime="20230430 22:00:42.934" endtime="20230430 22:00:44.501"/>
</test>
<test id="s1-s1-s1-s1-s1-t3" name="Post-conditions - Odhlaš uživatele a zavři prohlížeč" line="19">
<kw name="Log Out And Close Window" library="Variables - TS_002 - Administrační část">
<kw name="Go To" library="SeleniumLibrary">
<arg>${adresa-dahsboard}</arg>
<doc>Navigates the current browser window to the provided ``url``.</doc>
<msg timestamp="20230430 22:00:44.504" level="INFO">Opening url 'https://localhost/autobazarDrabek/Dashboard'</msg>
<status status="PASS" starttime="20230430 22:00:44.504" endtime="20230430 22:00:44.720"/>
</kw>
<kw name="Wait and click" library="main-settings-variables-keywords">
<arg>${selector-a-logoutInDashboard}</arg>
<kw name="Wait Until Element Is Visible" library="SeleniumLibrary">
<arg>${selector}</arg>
<doc>Waits until the element ``locator`` is visible.</doc>
<status status="PASS" starttime="20230430 22:00:44.721" endtime="20230430 22:00:44.741"/>
</kw>
<kw name="Click Element" library="SeleniumLibrary">
<arg>${selector}</arg>
<doc>Click the element identified by ``locator``.</doc>
<msg timestamp="20230430 22:00:44.743" level="INFO">Clicking element '//div[@id="main"]//a[@href="/autobazarDrabek/Odhlásit se"]'.</msg>
<status status="PASS" starttime="20230430 22:00:44.741" endtime="20230430 22:00:45.007"/>
</kw>
<status status="PASS" starttime="20230430 22:00:44.720" endtime="20230430 22:00:45.008"/>
</kw>
<kw name="Close Window" library="SeleniumLibrary">
<doc>Closes currently opened and selected browser window/tab.</doc>
<status status="PASS" starttime="20230430 22:00:45.008" endtime="20230430 22:00:45.079"/>
</kw>
<status status="PASS" starttime="20230430 22:00:44.504" endtime="20230430 22:00:45.079"/>
</kw>
<status status="PASS" starttime="20230430 22:00:44.503" endtime="20230430 22:00:45.080"/>
</test>
<status status="PASS" starttime="20230430 22:00:37.547" endtime="20230430 22:00:45.084"/>
</suite>
<status status="PASS" starttime="20230430 22:00:37.545" endtime="20230430 22:00:45.090"/>
</suite>
<status status="PASS" starttime="20230430 22:00:37.541" endtime="20230430 22:00:45.095"/>
</suite>
<status status="PASS" starttime="20230430 22:00:37.539" endtime="20230430 22:00:45.100"/>
</suite>
<status status="PASS" starttime="20230430 22:00:37.517" endtime="20230430 22:00:45.104"/>
</suite>
<statistics>
<total>
<stat pass="3" fail="0" skip="0">All Tests</stat>
</total>
<tag>
</tag>
<suite>
<stat pass="3" fail="0" skip="0" id="s1" name="testovaniAutobazaru">testovaniAutobazaru</stat>
<stat pass="3" fail="0" skip="0" id="s1-s1" name="robotTests">testovaniAutobazaru.robotTests</stat>
<stat pass="3" fail="0" skip="0" id="s1-s1-s1" name="TS 002 - Administrační část">testovaniAutobazaru.robotTests.TS 002 - Administrační část</stat>
<stat pass="3" fail="0" skip="0" id="s1-s1-s1-s1" name="TS 018 - Testování stránek v menu">testovaniAutobazaru.robotTests.TS 002 - Administrační část.TS 018 - Testování stránek v menu</stat>
<stat pass="3" fail="0" skip="0" id="s1-s1-s1-s1-s1" name="TP 050 - Kontrola ručního psaní slugu">testovaniAutobazaru.robotTests.TS 002 - Administrační část.TS 018 - Testování stránek v menu.TP 050 - Kontrola ručního psaní slugu</stat>
</suite>
</statistics>
<errors>
</errors>
</robot>
