<?xml version="1.0" encoding="UTF-8"?>
<robot generator="Robot 6.0.2 (Python 3.8.2 on win32)" generated="20230430 21:39:38.261" rpa="false" schemaversion="3">
<suite id="s1" name="testovaniAutobazaru" source="C:\xampp\htdocs\testovaniAutobazaru">
<suite id="s1-s1" name="robotTests" source="C:\xampp\htdocs\testovaniAutobazaru\robotTests">
<suite id="s1-s1-s1" name="TS 002 - Administrační část" source="C:\xampp\htdocs\testovaniAutobazaru\robotTests\TS_002 - Administrační část">
<suite id="s1-s1-s1-s1" name="TS 012 - Testování přihlášení do systému" source="C:\xampp\htdocs\testovaniAutobazaru\robotTests\TS_002 - Administrační část\TS_012 - Testování přihlášení do systému">
<suite id="s1-s1-s1-s1-s1" name="TP 022 - Úspěšné přihlášení do systému" source="C:\xampp\htdocs\testovaniAutobazaru\robotTests\TS_002 - Administrační část\TS_012 - Testování přihlášení do systému\TP_022 - Úspěšné přihlášení do systému.robot">
<test id="s1-s1-s1-s1-s1-t1" name="Pre-conditions - Otevři prohlížeč a jdi na stránku loginu" line="5">
<kw name="Open browser and accept danger In Login" library="Variables - TS_002 - Administrační část">
<arg>${adresa-signIn}</arg>
<kw name="Open Browser" library="SeleniumLibrary">
<arg>${URL}</arg>
<arg>${google}</arg>
<doc>Opens a new browser instance to the optional ``url``.</doc>
<msg timestamp="20230430 21:39:38.506" level="INFO">Opening browser 'Chrome' to base url 'https://localhost/autobazarDrabek/admin/sign-in'.</msg>
<status status="PASS" starttime="20230430 21:39:38.506" endtime="20230430 21:39:40.035"/>
</kw>
<kw name="Maximize Browser Window" library="SeleniumLibrary">
<doc>Maximizes current browser window.</doc>
<status status="PASS" starttime="20230430 21:39:40.035" endtime="20230430 21:39:40.153"/>
</kw>
<kw name="Click Element" library="SeleniumLibrary">
<arg>//*[@id="details-button"]</arg>
<doc>Click the element identified by ``locator``.</doc>
<msg timestamp="20230430 21:39:40.154" level="INFO">Clicking element '//*[@id="details-button"]'.</msg>
<status status="PASS" starttime="20230430 21:39:40.153" endtime="20230430 21:39:40.214"/>
</kw>
<kw name="Wait Until Element Is Visible" library="SeleniumLibrary">
<arg>//*[@id="proceed-link"]</arg>
<doc>Waits until the element ``locator`` is visible.</doc>
<status status="PASS" starttime="20230430 21:39:40.214" endtime="20230430 21:39:40.249"/>
</kw>
<kw name="Click Element" library="SeleniumLibrary">
<arg>//*[@id="proceed-link"]</arg>
<doc>Click the element identified by ``locator``.</doc>
<msg timestamp="20230430 21:39:40.250" level="INFO">Clicking element '//*[@id="proceed-link"]'.</msg>
<status status="PASS" starttime="20230430 21:39:40.250" endtime="20230430 21:39:40.306"/>
</kw>
<kw name="Wait Until Element Is Visible" library="SeleniumLibrary">
<arg>//form[@id='frm-signInForm']</arg>
<doc>Waits until the element ``locator`` is visible.</doc>
<status status="PASS" starttime="20230430 21:39:40.307" endtime="20230430 21:39:41.097"/>
</kw>
<kw name="Location Should Be" library="SeleniumLibrary">
<arg>${URL}</arg>
<doc>Verifies that the current URL is exactly ``url``.</doc>
<msg timestamp="20230430 21:39:41.101" level="INFO">Current location is 'https://localhost/autobazarDrabek/admin/sign-in'.</msg>
<status status="PASS" starttime="20230430 21:39:41.097" endtime="20230430 21:39:41.101"/>
</kw>
<status status="PASS" starttime="20230430 21:39:38.506" endtime="20230430 21:39:41.101"/>
</kw>
<status status="PASS" starttime="20230430 21:39:38.505" endtime="20230430 21:39:41.102"/>
</test>
<test id="s1-s1-s1-s1-s1-t2" name="TP_022 - Úspěšné přihlášení do systému" line="8">
<kw name="Login To System" library="Variables - TS_002 - Administrační část">
<kw name="Login To System With Data" library="Variables - TS_002 - Administrační část">
<arg>${data-login-email}</arg>
<arg>${data-login-password}</arg>
<kw name="Set Focus and Wait" library="main-settings-variables-keywords">
<arg>${selector-input-login-email}</arg>
<kw name="Set Focus To Element" library="SeleniumLibrary">
<arg>${selector}</arg>
<doc>Sets the focus to the element identified by ``locator``.</doc>
<status status="PASS" starttime="20230430 21:39:41.104" endtime="20230430 21:39:41.120"/>
</kw>
<kw name="Wait Until Element Is Visible" library="SeleniumLibrary">
<arg>${selector}</arg>
<doc>Waits until the element ``locator`` is visible.</doc>
<status status="PASS" starttime="20230430 21:39:41.121" endtime="20230430 21:39:41.141"/>
</kw>
<kw name="Sleep" library="BuiltIn">
<arg>0.7s</arg>
<doc>Pauses the test executed for the given time.</doc>
<msg timestamp="20230430 21:39:41.851" level="INFO">Slept 700 milliseconds</msg>
<status status="PASS" starttime="20230430 21:39:41.141" endtime="20230430 21:39:41.851"/>
</kw>
<status status="PASS" starttime="20230430 21:39:41.104" endtime="20230430 21:39:41.851"/>
</kw>
<kw name="Check and input text" library="main-settings-variables-keywords">
<arg>${selector-input-login-email}</arg>
<arg>${email}</arg>
<kw name="Wait Until Element Is Visible" library="SeleniumLibrary">
<arg>${selector}</arg>
<doc>Waits until the element ``locator`` is visible.</doc>
<status status="PASS" starttime="20230430 21:39:41.851" endtime="20230430 21:39:41.888"/>
</kw>
<kw name="Input Text" library="SeleniumLibrary">
<arg>${selector}</arg>
<arg>${text}</arg>
<doc>Types the given ``text`` into the text field identified by ``locator``.</doc>
<msg timestamp="20230430 21:39:41.889" level="INFO">Typing text 'leonhol@seznam.cz' into text field '//input[@id='frm-signInForm-email']'.</msg>
<status status="PASS" starttime="20230430 21:39:41.888" endtime="20230430 21:39:41.979"/>
</kw>
<kw name="Textfield Should Contain" library="SeleniumLibrary">
<arg>${selector}</arg>
<arg>${text}</arg>
<doc>Verifies text field ``locator`` contains text ``expected``.</doc>
<msg timestamp="20230430 21:39:42.012" level="INFO">Text field '//input[@id='frm-signInForm-email']' contains text 'leonhol@seznam.cz'.</msg>
<status status="PASS" starttime="20230430 21:39:41.979" endtime="20230430 21:39:42.013"/>
</kw>
<status status="PASS" starttime="20230430 21:39:41.851" endtime="20230430 21:39:42.013"/>
</kw>
<kw name="Set Focus and Wait" library="main-settings-variables-keywords">
<arg>${selector-input-login-password}</arg>
<kw name="Set Focus To Element" library="SeleniumLibrary">
<arg>${selector}</arg>
<doc>Sets the focus to the element identified by ``locator``.</doc>
<status status="PASS" starttime="20230430 21:39:42.013" endtime="20230430 21:39:42.029"/>
</kw>
<kw name="Wait Until Element Is Visible" library="SeleniumLibrary">
<arg>${selector}</arg>
<doc>Waits until the element ``locator`` is visible.</doc>
<status status="PASS" starttime="20230430 21:39:42.029" endtime="20230430 21:39:42.059"/>
</kw>
<kw name="Sleep" library="BuiltIn">
<arg>0.7s</arg>
<doc>Pauses the test executed for the given time.</doc>
<msg timestamp="20230430 21:39:42.770" level="INFO">Slept 700 milliseconds</msg>
<status status="PASS" starttime="20230430 21:39:42.060" endtime="20230430 21:39:42.770"/>
</kw>
<status status="PASS" starttime="20230430 21:39:42.013" endtime="20230430 21:39:42.770"/>
</kw>
<kw name="Check and input text" library="main-settings-variables-keywords">
<arg>${selector-input-login-password}</arg>
<arg>${password}</arg>
<kw name="Wait Until Element Is Visible" library="SeleniumLibrary">
<arg>${selector}</arg>
<doc>Waits until the element ``locator`` is visible.</doc>
<status status="PASS" starttime="20230430 21:39:42.771" endtime="20230430 21:39:42.791"/>
</kw>
<kw name="Input Text" library="SeleniumLibrary">
<arg>${selector}</arg>
<arg>${text}</arg>
<doc>Types the given ``text`` into the text field identified by ``locator``.</doc>
<msg timestamp="20230430 21:39:42.792" level="INFO">Typing text '1234567890a' into text field '//input[@id='frm-signInForm-password']'.</msg>
<status status="PASS" starttime="20230430 21:39:42.791" endtime="20230430 21:39:42.857"/>
</kw>
<kw name="Textfield Should Contain" library="SeleniumLibrary">
<arg>${selector}</arg>
<arg>${text}</arg>
<doc>Verifies text field ``locator`` contains text ``expected``.</doc>
<msg timestamp="20230430 21:39:42.883" level="INFO">Text field '//input[@id='frm-signInForm-password']' contains text '1234567890a'.</msg>
<status status="PASS" starttime="20230430 21:39:42.857" endtime="20230430 21:39:42.884"/>
</kw>
<status status="PASS" starttime="20230430 21:39:42.770" endtime="20230430 21:39:42.884"/>
</kw>
<kw name="Wait and click" library="main-settings-variables-keywords">
<arg>${selector-input-login-submit}</arg>
<kw name="Wait Until Element Is Visible" library="SeleniumLibrary">
<arg>${selector}</arg>
<doc>Waits until the element ``locator`` is visible.</doc>
<status status="PASS" starttime="20230430 21:39:42.884" endtime="20230430 21:39:42.903"/>
</kw>
<kw name="Click Element" library="SeleniumLibrary">
<arg>${selector}</arg>
<doc>Click the element identified by ``locator``.</doc>
<msg timestamp="20230430 21:39:42.903" level="INFO">Clicking element '//input[@name='_submit']'.</msg>
<status status="PASS" starttime="20230430 21:39:42.903" endtime="20230430 21:39:43.574"/>
</kw>
<status status="PASS" starttime="20230430 21:39:42.884" endtime="20230430 21:39:43.574"/>
</kw>
<status status="PASS" starttime="20230430 21:39:41.103" endtime="20230430 21:39:43.574"/>
</kw>
<kw name="Wait Until Location Is" library="SeleniumLibrary">
<arg>${adresa-dahsboard}</arg>
<doc>Waits until the current URL is ``expected``.</doc>
<status status="PASS" starttime="20230430 21:39:43.574" endtime="20230430 21:39:43.579"/>
</kw>
<kw name="Location Should Be" library="SeleniumLibrary">
<arg>${adresa-dahsboard}</arg>
<doc>Verifies that the current URL is exactly ``url``.</doc>
<msg timestamp="20230430 21:39:43.585" level="INFO">Current location is 'https://localhost/autobazarDrabek/Dashboard'.</msg>
<status status="PASS" starttime="20230430 21:39:43.579" endtime="20230430 21:39:43.585"/>
</kw>
<status status="PASS" starttime="20230430 21:39:41.103" endtime="20230430 21:39:43.585"/>
</kw>
<status status="PASS" starttime="20230430 21:39:41.103" endtime="20230430 21:39:43.585"/>
</test>
<test id="s1-s1-s1-s1-s1-t3" name="Post-conditions - Odhlaš uživatele a zavři prohlížeč" line="11">
<kw name="Log Out And Close Window" library="Variables - TS_002 - Administrační část">
<kw name="Go To" library="SeleniumLibrary">
<arg>${adresa-dahsboard}</arg>
<doc>Navigates the current browser window to the provided ``url``.</doc>
<msg timestamp="20230430 21:39:43.589" level="INFO">Opening url 'https://localhost/autobazarDrabek/Dashboard'</msg>
<status status="PASS" starttime="20230430 21:39:43.588" endtime="20230430 21:39:43.787"/>
</kw>
<kw name="Wait and click" library="main-settings-variables-keywords">
<arg>${selector-a-logoutInDashboard}</arg>
<kw name="Wait Until Element Is Visible" library="SeleniumLibrary">
<arg>${selector}</arg>
<doc>Waits until the element ``locator`` is visible.</doc>
<status status="PASS" starttime="20230430 21:39:43.788" endtime="20230430 21:39:43.810"/>
</kw>
<kw name="Click Element" library="SeleniumLibrary">
<arg>${selector}</arg>
<doc>Click the element identified by ``locator``.</doc>
<msg timestamp="20230430 21:39:43.811" level="INFO">Clicking element '//div[@id="main"]//a[@href="/autobazarDrabek/Odhlásit se"]'.</msg>
<status status="PASS" starttime="20230430 21:39:43.810" endtime="20230430 21:39:44.111"/>
</kw>
<status status="PASS" starttime="20230430 21:39:43.787" endtime="20230430 21:39:44.111"/>
</kw>
<kw name="Close Window" library="SeleniumLibrary">
<doc>Closes currently opened and selected browser window/tab.</doc>
<status status="PASS" starttime="20230430 21:39:44.111" endtime="20230430 21:39:44.169"/>
</kw>
<status status="PASS" starttime="20230430 21:39:43.588" endtime="20230430 21:39:44.169"/>
</kw>
<status status="PASS" starttime="20230430 21:39:43.587" endtime="20230430 21:39:44.170"/>
</test>
<status status="PASS" starttime="20230430 21:39:38.298" endtime="20230430 21:39:44.172"/>
</suite>
<status status="PASS" starttime="20230430 21:39:38.296" endtime="20230430 21:39:44.178"/>
</suite>
<status status="PASS" starttime="20230430 21:39:38.292" endtime="20230430 21:39:44.181"/>
</suite>
<status status="PASS" starttime="20230430 21:39:38.288" endtime="20230430 21:39:44.184"/>
</suite>
<status status="PASS" starttime="20230430 21:39:38.263" endtime="20230430 21:39:44.187"/>
</suite>
<statistics>
<total>
<stat pass="3" fail="0" skip="0">All Tests</stat>
</total>
<tag>
</tag>
<suite>
<stat pass="3" fail="0" skip="0" id="s1" name="testovaniAutobazaru">testovaniAutobazaru</stat>
<stat pass="3" fail="0" skip="0" id="s1-s1" name="robotTests">testovaniAutobazaru.robotTests</stat>
<stat pass="3" fail="0" skip="0" id="s1-s1-s1" name="TS 002 - Administrační část">testovaniAutobazaru.robotTests.TS 002 - Administrační část</stat>
<stat pass="3" fail="0" skip="0" id="s1-s1-s1-s1" name="TS 012 - Testování přihlášení do systému">testovaniAutobazaru.robotTests.TS 002 - Administrační část.TS 012 - Testování přihlášení do systému</stat>
<stat pass="3" fail="0" skip="0" id="s1-s1-s1-s1-s1" name="TP 022 - Úspěšné přihlášení do systému">testovaniAutobazaru.robotTests.TS 002 - Administrační část.TS 012 - Testování přihlášení do systému.TP 022 - Úspěšné přihlášení do systému</stat>
</suite>
</statistics>
<errors>
</errors>
</robot>
