<?xml version="1.0" encoding="UTF-8"?>
<robot generator="Robot 6.0.2 (Python 3.8.2 on win32)" generated="20230425 09:44:12.574" rpa="false" schemaversion="3">
<suite id="s1" name="testovaniAutobazaru" source="C:\xampp\htdocs\testovaniAutobazaru">
<suite id="s1-s1" name="robotTests" source="C:\xampp\htdocs\testovaniAutobazaru\robotTests">
<suite id="s1-s1-s1" name="TS 001 - Veřejná část" source="C:\xampp\htdocs\testovaniAutobazaru\robotTests\TS_001 - Veřejná část">
<suite id="s1-s1-s1-s1" name="TS 013 - Testování tvorby poptávky na vozidlo" source="C:\xampp\htdocs\testovaniAutobazaru\robotTests\TS_001 - Veřejná část\TS_013 - Testování tvorby poptávky na vozidlo">
<suite id="s1-s1-s1-s1-s1" name="TP 027 - Zrušení poptávky" source="C:\xampp\htdocs\testovaniAutobazaru\robotTests\TS_001 - Veřejná část\TS_013 - Testování tvorby poptávky na vozidlo\TP_027 - Zrušení poptávky.robot">
<test id="s1-s1-s1-s1-s1-t1" name="Pre-conditions - Otevři prohlížeč a jdi na stránku" line="6">
<kw name="Open browser and accept danger" library="main-settings-variables-keywords">
<arg>${homeURL}${adresa-zruseniPoptávky}</arg>
<kw name="Open Browser" library="SeleniumLibrary">
<arg>${URL}</arg>
<arg>${google}</arg>
<doc>Opens a new browser instance to the optional ``url``.</doc>
<msg timestamp="20230425 09:44:12.786" level="INFO">Opening browser 'Chrome' to base url 'https://localhost/autobazarDrabek/poptavka/114/Leon-Holub'.</msg>
<status status="PASS" starttime="20230425 09:44:12.786" endtime="20230425 09:44:14.234"/>
</kw>
<kw name="Maximize Browser Window" library="SeleniumLibrary">
<doc>Maximizes current browser window.</doc>
<status status="PASS" starttime="20230425 09:44:14.234" endtime="20230425 09:44:14.352"/>
</kw>
<kw name="Click Element" library="SeleniumLibrary">
<arg>//*[@id="details-button"]</arg>
<doc>Click the element identified by ``locator``.</doc>
<msg timestamp="20230425 09:44:14.354" level="INFO">Clicking element '//*[@id="details-button"]'.</msg>
<status status="PASS" starttime="20230425 09:44:14.352" endtime="20230425 09:44:14.409"/>
</kw>
<kw name="Wait Until Element Is Visible" library="SeleniumLibrary">
<arg>//*[@id="proceed-link"]</arg>
<doc>Waits until the element ``locator`` is visible.</doc>
<status status="PASS" starttime="20230425 09:44:14.410" endtime="20230425 09:44:14.441"/>
</kw>
<kw name="Click Element" library="SeleniumLibrary">
<arg>//*[@id="proceed-link"]</arg>
<doc>Click the element identified by ``locator``.</doc>
<msg timestamp="20230425 09:44:14.442" level="INFO">Clicking element '//*[@id="proceed-link"]'.</msg>
<status status="PASS" starttime="20230425 09:44:14.441" endtime="20230425 09:44:14.496"/>
</kw>
<kw name="Wait Until Element Is Visible" library="SeleniumLibrary">
<arg>//div[@id="main"]</arg>
<doc>Waits until the element ``locator`` is visible.</doc>
<status status="PASS" starttime="20230425 09:44:14.496" endtime="20230425 09:44:15.300"/>
</kw>
<kw name="Location Should Be" library="SeleniumLibrary">
<arg>${URL}</arg>
<doc>Verifies that the current URL is exactly ``url``.</doc>
<msg timestamp="20230425 09:44:15.305" level="INFO">Current location is 'https://localhost/autobazarDrabek/poptavka/114/Leon-Holub'.</msg>
<status status="PASS" starttime="20230425 09:44:15.300" endtime="20230425 09:44:15.305"/>
</kw>
<status status="PASS" starttime="20230425 09:44:12.786" endtime="20230425 09:44:15.305"/>
</kw>
<status status="PASS" starttime="20230425 09:44:12.784" endtime="20230425 09:44:15.306"/>
</test>
<test id="s1-s1-s1-s1-s1-t2" name="TP_027 - Zrušení poptávky" line="9">
<kw name="Wait Until Element Is Visible" library="SeleniumLibrary">
<arg>${selector-h1-detailPoptávky}</arg>
<doc>Waits until the element ``locator`` is visible.</doc>
<status status="PASS" starttime="20230425 09:44:15.309" endtime="20230425 09:44:15.334"/>
</kw>
<kw name="Set Focus and Wait" library="main-settings-variables-keywords">
<arg>${selector-button-zrušitPoptávku}</arg>
<kw name="Set Focus To Element" library="SeleniumLibrary">
<arg>${selector}</arg>
<doc>Sets the focus to the element identified by ``locator``.</doc>
<status status="PASS" starttime="20230425 09:44:15.335" endtime="20230425 09:44:15.356"/>
</kw>
<kw name="Wait Until Element Is Visible" library="SeleniumLibrary">
<arg>${selector}</arg>
<doc>Waits until the element ``locator`` is visible.</doc>
<status status="PASS" starttime="20230425 09:44:15.356" endtime="20230425 09:44:15.377"/>
</kw>
<kw name="Sleep" library="BuiltIn">
<arg>0.2s</arg>
<doc>Pauses the test executed for the given time.</doc>
<msg timestamp="20230425 09:44:15.579" level="INFO">Slept 200 milliseconds</msg>
<status status="PASS" starttime="20230425 09:44:15.377" endtime="20230425 09:44:15.579"/>
</kw>
<status status="PASS" starttime="20230425 09:44:15.335" endtime="20230425 09:44:15.579"/>
</kw>
<kw name="Click Link" library="SeleniumLibrary">
<arg>${selector-button-zrušitPoptávku}</arg>
<doc>Clicks a link identified by ``locator``.</doc>
<msg timestamp="20230425 09:44:15.580" level="INFO">Clicking link '//a[contains(text(),'Zrušit poptávku')]'.</msg>
<status status="PASS" starttime="20230425 09:44:15.580" endtime="20230425 09:44:15.625"/>
</kw>
<kw name="Accept Modal Dialog" library="main-settings-variables-keywords">
<kw name="Wait Until Element Is Visible" library="SeleniumLibrary">
<arg>${selector-modal-acceptance}</arg>
<doc>Waits until the element ``locator`` is visible.</doc>
<status status="PASS" starttime="20230425 09:44:15.626" endtime="20230425 09:44:15.875"/>
</kw>
<kw name="Sleep" library="BuiltIn">
<arg>0.2s</arg>
<doc>Pauses the test executed for the given time.</doc>
<msg timestamp="20230425 09:44:16.077" level="INFO">Slept 200 milliseconds</msg>
<status status="PASS" starttime="20230425 09:44:15.875" endtime="20230425 09:44:16.077"/>
</kw>
<kw name="Wait and click" library="main-settings-variables-keywords">
<arg>${selector-modal-acceptance-accept}</arg>
<kw name="Wait Until Element Is Visible" library="SeleniumLibrary">
<arg>${selector}</arg>
<doc>Waits until the element ``locator`` is visible.</doc>
<status status="PASS" starttime="20230425 09:44:16.078" endtime="20230425 09:44:16.098"/>
</kw>
<kw name="Click Element" library="SeleniumLibrary">
<arg>${selector}</arg>
<doc>Click the element identified by ``locator``.</doc>
<msg timestamp="20230425 09:44:16.099" level="INFO">Clicking element '//a[contains(text(),"Ano")]'.</msg>
<status status="PASS" starttime="20230425 09:44:16.098" endtime="20230425 09:44:16.134"/>
</kw>
<status status="PASS" starttime="20230425 09:44:16.077" endtime="20230425 09:44:16.134"/>
</kw>
<kw name="Wait Until Element Is Not Visible" library="SeleniumLibrary">
<arg>${selector-modal-acceptance}</arg>
<doc>Waits until the element ``locator`` is not visible.</doc>
<status status="PASS" starttime="20230425 09:44:16.134" endtime="20230425 09:44:16.376"/>
</kw>
<status status="PASS" starttime="20230425 09:44:15.625" endtime="20230425 09:44:16.376"/>
</kw>
<kw name="Set Focus and Wait" library="main-settings-variables-keywords">
<arg>${selector-alert}</arg>
<kw name="Set Focus To Element" library="SeleniumLibrary">
<arg>${selector}</arg>
<doc>Sets the focus to the element identified by ``locator``.</doc>
<status status="PASS" starttime="20230425 09:44:16.377" endtime="20230425 09:44:16.393"/>
</kw>
<kw name="Wait Until Element Is Visible" library="SeleniumLibrary">
<arg>${selector}</arg>
<doc>Waits until the element ``locator`` is visible.</doc>
<status status="PASS" starttime="20230425 09:44:16.393" endtime="20230425 09:44:16.409"/>
</kw>
<kw name="Sleep" library="BuiltIn">
<arg>0.2s</arg>
<doc>Pauses the test executed for the given time.</doc>
<msg timestamp="20230425 09:44:16.609" level="INFO">Slept 200 milliseconds</msg>
<status status="PASS" starttime="20230425 09:44:16.409" endtime="20230425 09:44:16.609"/>
</kw>
<status status="PASS" starttime="20230425 09:44:16.377" endtime="20230425 09:44:16.609"/>
</kw>
<kw name="Check If Text Is Equal Without Non-Breakable Spaces" library="main-settings-variables-keywords">
<arg>${selector-alert}</arg>
<arg>${message-request-cancel}</arg>
<kw name="Get Text" library="SeleniumLibrary">
<var>${element_text}</var>
<arg>${selector}</arg>
<doc>Returns the text value of the element identified by ``locator``.</doc>
<msg timestamp="20230425 09:44:16.629" level="INFO">${element_text} = Váš požadavek na výkup vozu byl úspěšně zrušen</msg>
<status status="PASS" starttime="20230425 09:44:16.610" endtime="20230425 09:44:16.629"/>
</kw>
<kw name="Set Variable" library="BuiltIn">
<var>${element_text}</var>
<arg>${element_text.replace(' ', '')}</arg>
<doc>Returns the given values which can then be assigned to a variables.</doc>
<msg timestamp="20230425 09:44:16.630" level="INFO">${element_text} = Vášpožadaveknavýkupvozubylúspěšnězrušen</msg>
<status status="PASS" starttime="20230425 09:44:16.629" endtime="20230425 09:44:16.630"/>
</kw>
<kw name="Should Be Equal" library="BuiltIn">
<arg>${element_text}</arg>
<arg>${text.replace(' ', '')}</arg>
<doc>Fails if the given objects are unequal.</doc>
<status status="PASS" starttime="20230425 09:44:16.631" endtime="20230425 09:44:16.631"/>
</kw>
<status status="PASS" starttime="20230425 09:44:16.610" endtime="20230425 09:44:16.632"/>
</kw>
<status status="PASS" starttime="20230425 09:44:15.307" endtime="20230425 09:44:16.632"/>
</test>
<status status="PASS" starttime="20230425 09:44:12.603" endtime="20230425 09:44:16.634"/>
</suite>
<status status="PASS" starttime="20230425 09:44:12.601" endtime="20230425 09:44:16.638"/>
</suite>
<status status="PASS" starttime="20230425 09:44:12.598" endtime="20230425 09:44:16.641"/>
</suite>
<status status="PASS" starttime="20230425 09:44:12.596" endtime="20230425 09:44:16.644"/>
</suite>
<status status="PASS" starttime="20230425 09:44:12.576" endtime="20230425 09:44:16.646"/>
</suite>
<statistics>
<total>
<stat pass="2" fail="0" skip="0">All Tests</stat>
</total>
<tag>
</tag>
<suite>
<stat pass="2" fail="0" skip="0" id="s1" name="testovaniAutobazaru">testovaniAutobazaru</stat>
<stat pass="2" fail="0" skip="0" id="s1-s1" name="robotTests">testovaniAutobazaru.robotTests</stat>
<stat pass="2" fail="0" skip="0" id="s1-s1-s1" name="TS 001 - Veřejná část">testovaniAutobazaru.robotTests.TS 001 - Veřejná část</stat>
<stat pass="2" fail="0" skip="0" id="s1-s1-s1-s1" name="TS 013 - Testování tvorby poptávky na vozidlo">testovaniAutobazaru.robotTests.TS 001 - Veřejná část.TS 013 - Testování tvorby poptávky na vozidlo</stat>
<stat pass="2" fail="0" skip="0" id="s1-s1-s1-s1-s1" name="TP 027 - Zrušení poptávky">testovaniAutobazaru.robotTests.TS 001 - Veřejná část.TS 013 - Testování tvorby poptávky na vozidlo.TP 027 - Zrušení poptávky</stat>
</suite>
</statistics>
<errors>
</errors>
</robot>
