<?xml version="1.0" encoding="UTF-8"?>
<robot generator="Robot 6.0.2 (Python 3.8.2 on win32)" generated="20230424 19:27:00.166" rpa="false" schemaversion="3">
<suite id="s1" name="testovaniAutobazaru" source="C:\xampp\htdocs\testovaniAutobazaru">
<suite id="s1-s1" name="robotTests" source="C:\xampp\htdocs\testovaniAutobazaru\robotTests">
<suite id="s1-s1-s1" name="TS 001 - Veřejná část" source="C:\xampp\htdocs\testovaniAutobazaru\robotTests\TS_001 - Veřejná část">
<suite id="s1-s1-s1-s1" name="TS 013 - Testování tvorby poptávky na vozidlo" source="C:\xampp\htdocs\testovaniAutobazaru\robotTests\TS_001 - Veřejná část\TS_013 - Testování tvorby poptávky na vozidlo">
<suite id="s1-s1-s1-s1-s1" name="TP 027 - Zrušení poptávky" source="C:\xampp\htdocs\testovaniAutobazaru\robotTests\TS_001 - Veřejná část\TS_013 - Testování tvorby poptávky na vozidlo\TP_027 - Zrušení poptávky.robot">
<test id="s1-s1-s1-s1-s1-t1" name="Pre-conditions - Otevři prohlížeč a jdi na stránku" line="6">
<kw name="Open browser and accept danger" library="main-settings-variables-keywords">
<arg>${homeURL}${adresa-zruseniPoptávky}</arg>
<kw name="Open Browser" library="SeleniumLibrary">
<arg>${URL}</arg>
<arg>${google}</arg>
<doc>Opens a new browser instance to the optional ``url``.</doc>
<msg timestamp="20230424 19:27:00.382" level="INFO">Opening browser 'Chrome' to base url 'https://localhost/autobazarDrabek/poptavka/114/Leon-Holub'.</msg>
<status status="PASS" starttime="20230424 19:27:00.381" endtime="20230424 19:27:01.843"/>
</kw>
<kw name="Maximize Browser Window" library="SeleniumLibrary">
<doc>Maximizes current browser window.</doc>
<status status="PASS" starttime="20230424 19:27:01.843" endtime="20230424 19:27:01.978"/>
</kw>
<kw name="Click Element" library="SeleniumLibrary">
<arg>//*[@id="details-button"]</arg>
<doc>Click the element identified by ``locator``.</doc>
<msg timestamp="20230424 19:27:01.980" level="INFO">Clicking element '//*[@id="details-button"]'.</msg>
<status status="PASS" starttime="20230424 19:27:01.978" endtime="20230424 19:27:02.025"/>
</kw>
<kw name="Wait Until Element Is Visible" library="SeleniumLibrary">
<arg>//*[@id="proceed-link"]</arg>
<doc>Waits until the element ``locator`` is visible.</doc>
<status status="PASS" starttime="20230424 19:27:02.025" endtime="20230424 19:27:02.053"/>
</kw>
<kw name="Click Element" library="SeleniumLibrary">
<arg>//*[@id="proceed-link"]</arg>
<doc>Click the element identified by ``locator``.</doc>
<msg timestamp="20230424 19:27:02.054" level="INFO">Clicking element '//*[@id="proceed-link"]'.</msg>
<status status="PASS" starttime="20230424 19:27:02.053" endtime="20230424 19:27:02.105"/>
</kw>
<kw name="Wait Until Element Is Visible" library="SeleniumLibrary">
<arg>//div[@id="main"]</arg>
<doc>Waits until the element ``locator`` is visible.</doc>
<status status="PASS" starttime="20230424 19:27:02.105" endtime="20230424 19:27:03.001"/>
</kw>
<kw name="Location Should Be" library="SeleniumLibrary">
<arg>${URL}</arg>
<doc>Verifies that the current URL is exactly ``url``.</doc>
<msg timestamp="20230424 19:27:03.005" level="INFO">Current location is 'https://localhost/autobazarDrabek/poptavka/114/Leon-Holub'.</msg>
<status status="PASS" starttime="20230424 19:27:03.001" endtime="20230424 19:27:03.005"/>
</kw>
<status status="PASS" starttime="20230424 19:27:00.381" endtime="20230424 19:27:03.006"/>
</kw>
<status status="PASS" starttime="20230424 19:27:00.380" endtime="20230424 19:27:03.006"/>
</test>
<test id="s1-s1-s1-s1-s1-t2" name="TP_027 - Zrušení poptávky" line="9">
<kw name="Wait Until Element Is Visible" library="SeleniumLibrary">
<arg>${selector-h1-detailPoptávky}</arg>
<doc>Waits until the element ``locator`` is visible.</doc>
<status status="PASS" starttime="20230424 19:27:03.009" endtime="20230424 19:27:03.035"/>
</kw>
<kw name="Set Focus and Wait" library="main-settings-variables-keywords">
<arg>${selector-button-zrušitPoptávku}</arg>
<kw name="Set Focus To Element" library="SeleniumLibrary">
<arg>${selector}</arg>
<doc>Sets the focus to the element identified by ``locator``.</doc>
<status status="PASS" starttime="20230424 19:27:03.036" endtime="20230424 19:27:03.060"/>
</kw>
<kw name="Wait Until Element Is Visible" library="SeleniumLibrary">
<arg>${selector}</arg>
<doc>Waits until the element ``locator`` is visible.</doc>
<status status="PASS" starttime="20230424 19:27:03.060" endtime="20230424 19:27:03.079"/>
</kw>
<kw name="Sleep" library="BuiltIn">
<arg>0.2s</arg>
<doc>Pauses the test executed for the given time.</doc>
<msg timestamp="20230424 19:27:03.286" level="INFO">Slept 200 milliseconds</msg>
<status status="PASS" starttime="20230424 19:27:03.079" endtime="20230424 19:27:03.286"/>
</kw>
<status status="PASS" starttime="20230424 19:27:03.035" endtime="20230424 19:27:03.286"/>
</kw>
<kw name="Click Link" library="SeleniumLibrary">
<arg>${selector-button-zrušitPoptávku}</arg>
<doc>Clicks a link identified by ``locator``.</doc>
<msg timestamp="20230424 19:27:03.287" level="INFO">Clicking link '//a[contains(text(),'Zrušit poptávku')]'.</msg>
<status status="PASS" starttime="20230424 19:27:03.287" endtime="20230424 19:27:03.331"/>
</kw>
<kw name="Accept Modal Dialog" library="main-settings-variables-keywords">
<kw name="Wait Until Element Is Visible" library="SeleniumLibrary">
<arg>${selector-modal-acceptance}</arg>
<doc>Waits until the element ``locator`` is visible.</doc>
<status status="PASS" starttime="20230424 19:27:03.333" endtime="20230424 19:27:03.581"/>
</kw>
<kw name="Sleep" library="BuiltIn">
<arg>0.2s</arg>
<doc>Pauses the test executed for the given time.</doc>
<msg timestamp="20230424 19:27:03.787" level="INFO">Slept 200 milliseconds</msg>
<status status="PASS" starttime="20230424 19:27:03.581" endtime="20230424 19:27:03.787"/>
</kw>
<kw name="Wait and click" library="main-settings-variables-keywords">
<arg>${selector-modal-acceptance-accept}</arg>
<kw name="Wait Until Element Is Visible" library="SeleniumLibrary">
<arg>${selector}</arg>
<doc>Waits until the element ``locator`` is visible.</doc>
<status status="PASS" starttime="20230424 19:27:03.788" endtime="20230424 19:27:03.808"/>
</kw>
<kw name="Click Element" library="SeleniumLibrary">
<arg>${selector}</arg>
<doc>Click the element identified by ``locator``.</doc>
<msg timestamp="20230424 19:27:03.809" level="INFO">Clicking element '//a[contains(text(),"Ano")]'.</msg>
<status status="PASS" starttime="20230424 19:27:03.809" endtime="20230424 19:27:03.843"/>
</kw>
<status status="PASS" starttime="20230424 19:27:03.787" endtime="20230424 19:27:03.843"/>
</kw>
<kw name="Wait Until Element Is Not Visible" library="SeleniumLibrary">
<arg>${selector-modal-acceptance}</arg>
<doc>Waits until the element ``locator`` is not visible.</doc>
<status status="PASS" starttime="20230424 19:27:03.844" endtime="20230424 19:27:04.078"/>
</kw>
<status status="PASS" starttime="20230424 19:27:03.332" endtime="20230424 19:27:04.078"/>
</kw>
<kw name="Set Focus and Wait" library="main-settings-variables-keywords">
<arg>${selector-alert}</arg>
<kw name="Set Focus To Element" library="SeleniumLibrary">
<arg>${selector}</arg>
<doc>Sets the focus to the element identified by ``locator``.</doc>
<status status="PASS" starttime="20230424 19:27:04.079" endtime="20230424 19:27:04.093"/>
</kw>
<kw name="Wait Until Element Is Visible" library="SeleniumLibrary">
<arg>${selector}</arg>
<doc>Waits until the element ``locator`` is visible.</doc>
<status status="PASS" starttime="20230424 19:27:04.093" endtime="20230424 19:27:04.107"/>
</kw>
<kw name="Sleep" library="BuiltIn">
<arg>0.2s</arg>
<doc>Pauses the test executed for the given time.</doc>
<msg timestamp="20230424 19:27:04.316" level="INFO">Slept 200 milliseconds</msg>
<status status="PASS" starttime="20230424 19:27:04.108" endtime="20230424 19:27:04.316"/>
</kw>
<status status="PASS" starttime="20230424 19:27:04.079" endtime="20230424 19:27:04.316"/>
</kw>
<kw name="Check If Text Is Without Non-Breakable Spaces" library="main-settings-variables-keywords">
<arg>${selector-alert}</arg>
<arg>${message-request-cancel}</arg>
<kw name="Get Text" library="SeleniumLibrary">
<var>${element_text}</var>
<arg>${selector}</arg>
<doc>Returns the text value of the element identified by ``locator``.</doc>
<msg timestamp="20230424 19:27:04.335" level="INFO">${element_text} = Váš požadavek na výkup vozu byl úspěšně zrušen</msg>
<status status="PASS" starttime="20230424 19:27:04.317" endtime="20230424 19:27:04.335"/>
</kw>
<kw name="Set Variable" library="BuiltIn">
<var>${element_text}</var>
<arg>${element_text.replace(' ', '')}</arg>
<doc>Returns the given values which can then be assigned to a variables.</doc>
<msg timestamp="20230424 19:27:04.336" level="INFO">${element_text} = Vášpožadaveknavýkupvozubylúspěšnězrušen</msg>
<status status="PASS" starttime="20230424 19:27:04.335" endtime="20230424 19:27:04.336"/>
</kw>
<kw name="Should Be Equal" library="BuiltIn">
<arg>${element_text}</arg>
<arg>${text.replace(' ', '')}</arg>
<doc>Fails if the given objects are unequal.</doc>
<status status="PASS" starttime="20230424 19:27:04.336" endtime="20230424 19:27:04.337"/>
</kw>
<status status="PASS" starttime="20230424 19:27:04.316" endtime="20230424 19:27:04.337"/>
</kw>
<status status="PASS" starttime="20230424 19:27:03.009" endtime="20230424 19:27:04.338"/>
</test>
<status status="PASS" starttime="20230424 19:27:00.196" endtime="20230424 19:27:04.339"/>
</suite>
<status status="PASS" starttime="20230424 19:27:00.194" endtime="20230424 19:27:04.342"/>
</suite>
<status status="PASS" starttime="20230424 19:27:00.192" endtime="20230424 19:27:04.344"/>
</suite>
<status status="PASS" starttime="20230424 19:27:00.190" endtime="20230424 19:27:04.347"/>
</suite>
<status status="PASS" starttime="20230424 19:27:00.168" endtime="20230424 19:27:04.350"/>
</suite>
<statistics>
<total>
<stat pass="2" fail="0" skip="0">All Tests</stat>
</total>
<tag>
</tag>
<suite>
<stat pass="2" fail="0" skip="0" id="s1" name="testovaniAutobazaru">testovaniAutobazaru</stat>
<stat pass="2" fail="0" skip="0" id="s1-s1" name="robotTests">testovaniAutobazaru.robotTests</stat>
<stat pass="2" fail="0" skip="0" id="s1-s1-s1" name="TS 001 - Veřejná část">testovaniAutobazaru.robotTests.TS 001 - Veřejná část</stat>
<stat pass="2" fail="0" skip="0" id="s1-s1-s1-s1" name="TS 013 - Testování tvorby poptávky na vozidlo">testovaniAutobazaru.robotTests.TS 001 - Veřejná část.TS 013 - Testování tvorby poptávky na vozidlo</stat>
<stat pass="2" fail="0" skip="0" id="s1-s1-s1-s1-s1" name="TP 027 - Zrušení poptávky">testovaniAutobazaru.robotTests.TS 001 - Veřejná část.TS 013 - Testování tvorby poptávky na vozidlo.TP 027 - Zrušení poptávky</stat>
</suite>
</statistics>
<errors>
</errors>
</robot>
