<?xml version="1.0" encoding="UTF-8"?>
<robot generator="Robot 6.0.2 (Python 3.8.2 on win32)" generated="20230430 21:55:30.565" rpa="false" schemaversion="3">
<suite id="s1" name="testovaniAutobazaru" source="C:\xampp\htdocs\testovaniAutobazaru">
<suite id="s1-s1" name="robotTests" source="C:\xampp\htdocs\testovaniAutobazaru\robotTests">
<suite id="s1-s1-s1" name="TS 002 - Administrační část" source="C:\xampp\htdocs\testovaniAutobazaru\robotTests\TS_002 - Administrační část">
<suite id="s1-s1-s1-s1" name="TS 016 - Testování správy poptávek" source="C:\xampp\htdocs\testovaniAutobazaru\robotTests\TS_002 - Administrační část\TS_016 - Testování správy poptávek">
<suite id="s1-s1-s1-s1-s1" name="TP 039 - Změna stavu výběrem" source="C:\xampp\htdocs\testovaniAutobazaru\robotTests\TS_002 - Administrační část\TS_016 - Testování správy poptávek\TP_039 - Změna stavu výběrem.robot">
<test id="s1-s1-s1-s1-s1-t1" name="Pre-conditions - Otevři prohlížeč, přihlaš se a přejdi na stránku" line="5">
<kw name="Open browser Accept danger And Login" library="Variables - TS_002 - Administrační část">
<arg>${adresa-poptavky}</arg>
<kw name="Open browser and accept danger In Login" library="Variables - TS_002 - Administrační část">
<arg>${adresa-signIn}</arg>
<kw name="Open Browser" library="SeleniumLibrary">
<arg>${URL}</arg>
<arg>${google}</arg>
<doc>Opens a new browser instance to the optional ``url``.</doc>
<msg timestamp="20230430 21:55:30.812" level="INFO">Opening browser 'Chrome' to base url 'https://localhost/autobazarDrabek/admin/sign-in'.</msg>
<status status="PASS" starttime="20230430 21:55:30.812" endtime="20230430 21:55:32.491"/>
</kw>
<kw name="Maximize Browser Window" library="SeleniumLibrary">
<doc>Maximizes current browser window.</doc>
<status status="PASS" starttime="20230430 21:55:32.491" endtime="20230430 21:55:32.613"/>
</kw>
<kw name="Click Element" library="SeleniumLibrary">
<arg>//*[@id="details-button"]</arg>
<doc>Click the element identified by ``locator``.</doc>
<msg timestamp="20230430 21:55:32.614" level="INFO">Clicking element '//*[@id="details-button"]'.</msg>
<status status="PASS" starttime="20230430 21:55:32.613" endtime="20230430 21:55:32.694"/>
</kw>
<kw name="Wait Until Element Is Visible" library="SeleniumLibrary">
<arg>//*[@id="proceed-link"]</arg>
<doc>Waits until the element ``locator`` is visible.</doc>
<status status="PASS" starttime="20230430 21:55:32.694" endtime="20230430 21:55:32.756"/>
</kw>
<kw name="Click Element" library="SeleniumLibrary">
<arg>//*[@id="proceed-link"]</arg>
<doc>Click the element identified by ``locator``.</doc>
<msg timestamp="20230430 21:55:32.758" level="INFO">Clicking element '//*[@id="proceed-link"]'.</msg>
<status status="PASS" starttime="20230430 21:55:32.757" endtime="20230430 21:55:32.827"/>
</kw>
<kw name="Wait Until Element Is Visible" library="SeleniumLibrary">
<arg>//form[@id='frm-signInForm']</arg>
<doc>Waits until the element ``locator`` is visible.</doc>
<status status="PASS" starttime="20230430 21:55:32.828" endtime="20230430 21:55:33.615"/>
</kw>
<kw name="Location Should Be" library="SeleniumLibrary">
<arg>${URL}</arg>
<doc>Verifies that the current URL is exactly ``url``.</doc>
<msg timestamp="20230430 21:55:33.620" level="INFO">Current location is 'https://localhost/autobazarDrabek/admin/sign-in'.</msg>
<status status="PASS" starttime="20230430 21:55:33.615" endtime="20230430 21:55:33.620"/>
</kw>
<status status="PASS" starttime="20230430 21:55:30.812" endtime="20230430 21:55:33.621"/>
</kw>
<kw name="Login To System" library="Variables - TS_002 - Administrační část">
<kw name="Login To System With Data" library="Variables - TS_002 - Administrační část">
<arg>${data-login-email}</arg>
<arg>${data-login-password}</arg>
<kw name="Set Focus and Wait" library="main-settings-variables-keywords">
<arg>${selector-input-login-email}</arg>
<kw name="Set Focus To Element" library="SeleniumLibrary">
<arg>${selector}</arg>
<doc>Sets the focus to the element identified by ``locator``.</doc>
<status status="PASS" starttime="20230430 21:55:33.622" endtime="20230430 21:55:33.640"/>
</kw>
<kw name="Wait Until Element Is Visible" library="SeleniumLibrary">
<arg>${selector}</arg>
<doc>Waits until the element ``locator`` is visible.</doc>
<status status="PASS" starttime="20230430 21:55:33.641" endtime="20230430 21:55:33.663"/>
</kw>
<kw name="Sleep" library="BuiltIn">
<arg>0.7s</arg>
<doc>Pauses the test executed for the given time.</doc>
<msg timestamp="20230430 21:55:34.369" level="INFO">Slept 700 milliseconds</msg>
<status status="PASS" starttime="20230430 21:55:33.663" endtime="20230430 21:55:34.369"/>
</kw>
<status status="PASS" starttime="20230430 21:55:33.621" endtime="20230430 21:55:34.369"/>
</kw>
<kw name="Check and input text" library="main-settings-variables-keywords">
<arg>${selector-input-login-email}</arg>
<arg>${email}</arg>
<kw name="Wait Until Element Is Visible" library="SeleniumLibrary">
<arg>${selector}</arg>
<doc>Waits until the element ``locator`` is visible.</doc>
<status status="PASS" starttime="20230430 21:55:34.369" endtime="20230430 21:55:34.385"/>
</kw>
<kw name="Input Text" library="SeleniumLibrary">
<arg>${selector}</arg>
<arg>${text}</arg>
<doc>Types the given ``text`` into the text field identified by ``locator``.</doc>
<msg timestamp="20230430 21:55:34.385" level="INFO">Typing text 'leonhol@seznam.cz' into text field '//input[@id='frm-signInForm-email']'.</msg>
<status status="PASS" starttime="20230430 21:55:34.385" endtime="20230430 21:55:34.465"/>
</kw>
<kw name="Textfield Should Contain" library="SeleniumLibrary">
<arg>${selector}</arg>
<arg>${text}</arg>
<doc>Verifies text field ``locator`` contains text ``expected``.</doc>
<msg timestamp="20230430 21:55:34.499" level="INFO">Text field '//input[@id='frm-signInForm-email']' contains text 'leonhol@seznam.cz'.</msg>
<status status="PASS" starttime="20230430 21:55:34.465" endtime="20230430 21:55:34.499"/>
</kw>
<status status="PASS" starttime="20230430 21:55:34.369" endtime="20230430 21:55:34.500"/>
</kw>
<kw name="Set Focus and Wait" library="main-settings-variables-keywords">
<arg>${selector-input-login-password}</arg>
<kw name="Set Focus To Element" library="SeleniumLibrary">
<arg>${selector}</arg>
<doc>Sets the focus to the element identified by ``locator``.</doc>
<status status="PASS" starttime="20230430 21:55:34.500" endtime="20230430 21:55:34.519"/>
</kw>
<kw name="Wait Until Element Is Visible" library="SeleniumLibrary">
<arg>${selector}</arg>
<doc>Waits until the element ``locator`` is visible.</doc>
<status status="PASS" starttime="20230430 21:55:34.520" endtime="20230430 21:55:34.537"/>
</kw>
<kw name="Sleep" library="BuiltIn">
<arg>0.7s</arg>
<doc>Pauses the test executed for the given time.</doc>
<msg timestamp="20230430 21:55:35.242" level="INFO">Slept 700 milliseconds</msg>
<status status="PASS" starttime="20230430 21:55:34.538" endtime="20230430 21:55:35.242"/>
</kw>
<status status="PASS" starttime="20230430 21:55:34.500" endtime="20230430 21:55:35.242"/>
</kw>
<kw name="Check and input text" library="main-settings-variables-keywords">
<arg>${selector-input-login-password}</arg>
<arg>${password}</arg>
<kw name="Wait Until Element Is Visible" library="SeleniumLibrary">
<arg>${selector}</arg>
<doc>Waits until the element ``locator`` is visible.</doc>
<status status="PASS" starttime="20230430 21:55:35.243" endtime="20230430 21:55:35.259"/>
</kw>
<kw name="Input Text" library="SeleniumLibrary">
<arg>${selector}</arg>
<arg>${text}</arg>
<doc>Types the given ``text`` into the text field identified by ``locator``.</doc>
<msg timestamp="20230430 21:55:35.260" level="INFO">Typing text '1234567890a' into text field '//input[@id='frm-signInForm-password']'.</msg>
<status status="PASS" starttime="20230430 21:55:35.259" endtime="20230430 21:55:35.323"/>
</kw>
<kw name="Textfield Should Contain" library="SeleniumLibrary">
<arg>${selector}</arg>
<arg>${text}</arg>
<doc>Verifies text field ``locator`` contains text ``expected``.</doc>
<msg timestamp="20230430 21:55:35.350" level="INFO">Text field '//input[@id='frm-signInForm-password']' contains text '1234567890a'.</msg>
<status status="PASS" starttime="20230430 21:55:35.323" endtime="20230430 21:55:35.350"/>
</kw>
<status status="PASS" starttime="20230430 21:55:35.242" endtime="20230430 21:55:35.350"/>
</kw>
<kw name="Wait and click" library="main-settings-variables-keywords">
<arg>${selector-input-login-submit}</arg>
<kw name="Wait Until Element Is Visible" library="SeleniumLibrary">
<arg>${selector}</arg>
<doc>Waits until the element ``locator`` is visible.</doc>
<status status="PASS" starttime="20230430 21:55:35.351" endtime="20230430 21:55:35.368"/>
</kw>
<kw name="Click Element" library="SeleniumLibrary">
<arg>${selector}</arg>
<doc>Click the element identified by ``locator``.</doc>
<msg timestamp="20230430 21:55:35.369" level="INFO">Clicking element '//input[@name='_submit']'.</msg>
<status status="PASS" starttime="20230430 21:55:35.368" endtime="20230430 21:55:36.051"/>
</kw>
<status status="PASS" starttime="20230430 21:55:35.350" endtime="20230430 21:55:36.051"/>
</kw>
<status status="PASS" starttime="20230430 21:55:33.621" endtime="20230430 21:55:36.051"/>
</kw>
<kw name="Wait Until Location Is" library="SeleniumLibrary">
<arg>${adresa-dahsboard}</arg>
<doc>Waits until the current URL is ``expected``.</doc>
<status status="PASS" starttime="20230430 21:55:36.051" endtime="20230430 21:55:36.055"/>
</kw>
<kw name="Location Should Be" library="SeleniumLibrary">
<arg>${adresa-dahsboard}</arg>
<doc>Verifies that the current URL is exactly ``url``.</doc>
<msg timestamp="20230430 21:55:36.061" level="INFO">Current location is 'https://localhost/autobazarDrabek/Dashboard'.</msg>
<status status="PASS" starttime="20230430 21:55:36.057" endtime="20230430 21:55:36.061"/>
</kw>
<status status="PASS" starttime="20230430 21:55:33.621" endtime="20230430 21:55:36.061"/>
</kw>
<kw name="Go To" library="SeleniumLibrary">
<arg>${URL}</arg>
<doc>Navigates the current browser window to the provided ``url``.</doc>
<msg timestamp="20230430 21:55:36.061" level="INFO">Opening url 'https://localhost/autobazarDrabek/Cars/Requests'</msg>
<status status="PASS" starttime="20230430 21:55:36.061" endtime="20230430 21:55:36.510"/>
</kw>
<status status="PASS" starttime="20230430 21:55:30.811" endtime="20230430 21:55:36.510"/>
</kw>
<status status="PASS" starttime="20230430 21:55:30.811" endtime="20230430 21:55:36.511"/>
</test>
<test id="s1-s1-s1-s1-s1-t2" name="TP_039 - Změna stavu výběrem" line="8">
<kw name="Get Text" library="SeleniumLibrary">
<var>${count-poptavky}</var>
<arg>${select-span-requestsCount}</arg>
<doc>Returns the text value of the element identified by ``locator``.</doc>
<msg timestamp="20230430 21:55:36.542" level="INFO">${count-poptavky} = 11</msg>
<status status="PASS" starttime="20230430 21:55:36.514" endtime="20230430 21:55:36.542"/>
</kw>
<kw name="Wait and click" library="main-settings-variables-keywords">
<arg>${selector-button-showStatesSelect}</arg>
<kw name="Wait Until Element Is Visible" library="SeleniumLibrary">
<arg>${selector}</arg>
<doc>Waits until the element ``locator`` is visible.</doc>
<status status="PASS" starttime="20230430 21:55:36.544" endtime="20230430 21:55:36.571"/>
</kw>
<kw name="Click Element" library="SeleniumLibrary">
<arg>${selector}</arg>
<doc>Click the element identified by ``locator``.</doc>
<msg timestamp="20230430 21:55:36.572" level="INFO">Clicking element '//tr[@id='snippet-carRequestsGrid-item-114']//button[@type='button'][normalize-space()='Nový']'.</msg>
<status status="PASS" starttime="20230430 21:55:36.571" endtime="20230430 21:55:36.632"/>
</kw>
<status status="PASS" starttime="20230430 21:55:36.543" endtime="20230430 21:55:36.632"/>
</kw>
<kw name="Set Focus and Wait" library="main-settings-variables-keywords">
<arg>${selector-a-select-acceptRequest}</arg>
<kw name="Set Focus To Element" library="SeleniumLibrary">
<arg>${selector}</arg>
<doc>Sets the focus to the element identified by ``locator``.</doc>
<status status="PASS" starttime="20230430 21:55:36.633" endtime="20230430 21:55:36.657"/>
</kw>
<kw name="Wait Until Element Is Visible" library="SeleniumLibrary">
<arg>${selector}</arg>
<doc>Waits until the element ``locator`` is visible.</doc>
<status status="PASS" starttime="20230430 21:55:36.658" endtime="20230430 21:55:36.679"/>
</kw>
<kw name="Sleep" library="BuiltIn">
<arg>0.7s</arg>
<doc>Pauses the test executed for the given time.</doc>
<msg timestamp="20230430 21:55:37.386" level="INFO">Slept 700 milliseconds</msg>
<status status="PASS" starttime="20230430 21:55:36.679" endtime="20230430 21:55:37.386"/>
</kw>
<status status="PASS" starttime="20230430 21:55:36.632" endtime="20230430 21:55:37.386"/>
</kw>
<kw name="Wait and click" library="main-settings-variables-keywords">
<arg>${selector-a-select-acceptRequest}</arg>
<kw name="Wait Until Element Is Visible" library="SeleniumLibrary">
<arg>${selector}</arg>
<doc>Waits until the element ``locator`` is visible.</doc>
<status status="PASS" starttime="20230430 21:55:37.387" endtime="20230430 21:55:37.403"/>
</kw>
<kw name="Click Element" library="SeleniumLibrary">
<arg>${selector}</arg>
<doc>Click the element identified by ``locator``.</doc>
<msg timestamp="20230430 21:55:37.404" level="INFO">Clicking element '//ul[@class='dropdown-menu show']//a[@class='ajax dropdown-item'][contains(text(),'Přijat')]'.</msg>
<status status="PASS" starttime="20230430 21:55:37.403" endtime="20230430 21:55:37.449"/>
</kw>
<status status="PASS" starttime="20230430 21:55:37.386" endtime="20230430 21:55:37.449"/>
</kw>
<kw name="Sleep" library="BuiltIn">
<arg>1s</arg>
<doc>Pauses the test executed for the given time.</doc>
<msg timestamp="20230430 21:55:38.463" level="INFO">Slept 1 second</msg>
<status status="PASS" starttime="20230430 21:55:37.449" endtime="20230430 21:55:38.463"/>
</kw>
<kw name="Get Text" library="SeleniumLibrary">
<var>${count-newPoptavky}</var>
<arg>${select-span-requestsCount}</arg>
<doc>Returns the text value of the element identified by ``locator``.</doc>
<msg timestamp="20230430 21:55:38.480" level="INFO">${count-newPoptavky} = 10</msg>
<status status="PASS" starttime="20230430 21:55:38.464" endtime="20230430 21:55:38.480"/>
</kw>
<kw name="Should Not Be Equal As Integers" library="BuiltIn">
<arg>${count-newPoptavky}</arg>
<arg>${count-poptavky}</arg>
<doc>Fails if objects are equal after converting them to integers.</doc>
<status status="PASS" starttime="20230430 21:55:38.481" endtime="20230430 21:55:38.481"/>
</kw>
<kw name="Page Should Contain Element" library="SeleniumLibrary">
<arg>${selector-button-showStatesSelect-success}</arg>
<doc>Verifies that element ``locator`` is found on the current page.</doc>
<msg timestamp="20230430 21:55:38.492" level="INFO">Current page contains element '//tr[@id='snippet-carRequestsGrid-item-114']//button[@type='button'][normalize-space()='Přijat']'.</msg>
<status status="PASS" starttime="20230430 21:55:38.481" endtime="20230430 21:55:38.492"/>
</kw>
<status status="PASS" starttime="20230430 21:55:36.512" endtime="20230430 21:55:38.492"/>
</test>
<test id="s1-s1-s1-s1-s1-t3" name="Post-conditions - Odhlaš uživatele a zavři prohlížeč" line="18">
<kw name="Log Out And Close Window" library="Variables - TS_002 - Administrační část">
<kw name="Go To" library="SeleniumLibrary">
<arg>${adresa-dahsboard}</arg>
<doc>Navigates the current browser window to the provided ``url``.</doc>
<msg timestamp="20230430 21:55:38.495" level="INFO">Opening url 'https://localhost/autobazarDrabek/Dashboard'</msg>
<status status="PASS" starttime="20230430 21:55:38.495" endtime="20230430 21:55:38.685"/>
</kw>
<kw name="Wait and click" library="main-settings-variables-keywords">
<arg>${selector-a-logoutInDashboard}</arg>
<kw name="Wait Until Element Is Visible" library="SeleniumLibrary">
<arg>${selector}</arg>
<doc>Waits until the element ``locator`` is visible.</doc>
<status status="PASS" starttime="20230430 21:55:38.687" endtime="20230430 21:55:38.711"/>
</kw>
<kw name="Click Element" library="SeleniumLibrary">
<arg>${selector}</arg>
<doc>Click the element identified by ``locator``.</doc>
<msg timestamp="20230430 21:55:38.712" level="INFO">Clicking element '//div[@id="main"]//a[@href="/autobazarDrabek/Odhlásit se"]'.</msg>
<status status="PASS" starttime="20230430 21:55:38.711" endtime="20230430 21:55:39.020"/>
</kw>
<status status="PASS" starttime="20230430 21:55:38.685" endtime="20230430 21:55:39.020"/>
</kw>
<kw name="Close Window" library="SeleniumLibrary">
<doc>Closes currently opened and selected browser window/tab.</doc>
<status status="PASS" starttime="20230430 21:55:39.020" endtime="20230430 21:55:39.094"/>
</kw>
<status status="PASS" starttime="20230430 21:55:38.495" endtime="20230430 21:55:39.094"/>
</kw>
<status status="PASS" starttime="20230430 21:55:38.494" endtime="20230430 21:55:39.095"/>
</test>
<status status="PASS" starttime="20230430 21:55:30.600" endtime="20230430 21:55:39.098"/>
</suite>
<status status="PASS" starttime="20230430 21:55:30.597" endtime="20230430 21:55:39.105"/>
</suite>
<status status="PASS" starttime="20230430 21:55:30.594" endtime="20230430 21:55:39.110"/>
</suite>
<status status="PASS" starttime="20230430 21:55:30.591" endtime="20230430 21:55:39.114"/>
</suite>
<status status="PASS" starttime="20230430 21:55:30.567" endtime="20230430 21:55:39.117"/>
</suite>
<statistics>
<total>
<stat pass="3" fail="0" skip="0">All Tests</stat>
</total>
<tag>
</tag>
<suite>
<stat pass="3" fail="0" skip="0" id="s1" name="testovaniAutobazaru">testovaniAutobazaru</stat>
<stat pass="3" fail="0" skip="0" id="s1-s1" name="robotTests">testovaniAutobazaru.robotTests</stat>
<stat pass="3" fail="0" skip="0" id="s1-s1-s1" name="TS 002 - Administrační část">testovaniAutobazaru.robotTests.TS 002 - Administrační část</stat>
<stat pass="3" fail="0" skip="0" id="s1-s1-s1-s1" name="TS 016 - Testování správy poptávek">testovaniAutobazaru.robotTests.TS 002 - Administrační část.TS 016 - Testování správy poptávek</stat>
<stat pass="3" fail="0" skip="0" id="s1-s1-s1-s1-s1" name="TP 039 - Změna stavu výběrem">testovaniAutobazaru.robotTests.TS 002 - Administrační část.TS 016 - Testování správy poptávek.TP 039 - Změna stavu výběrem</stat>
</suite>
</statistics>
<errors>
</errors>
</robot>
