<?xml version="1.0" encoding="UTF-8"?>
<robot generator="Robot 6.0.2 (Python 3.8.2 on win32)" generated="20230430 22:00:00.265" rpa="false" schemaversion="3">
<suite id="s1" name="testovaniAutobazaru" source="C:\xampp\htdocs\testovaniAutobazaru">
<suite id="s1-s1" name="robotTests" source="C:\xampp\htdocs\testovaniAutobazaru\robotTests">
<suite id="s1-s1-s1" name="TS 002 - Administrační část" source="C:\xampp\htdocs\testovaniAutobazaru\robotTests\TS_002 - Administrační část">
<suite id="s1-s1-s1-s1" name="TS 018 - Testování stránek v menu" source="C:\xampp\htdocs\testovaniAutobazaru\robotTests\TS_002 - Administrační část\TS_018 - Testování stránek v menu">
<suite id="s1-s1-s1-s1-s1" name="TP 049 - Kontrola generace slugu stránky" source="C:\xampp\htdocs\testovaniAutobazaru\robotTests\TS_002 - Administrační část\TS_018 - Testování stránek v menu\TP_049 - Kontrola generace slugu stránky.robot">
<test id="s1-s1-s1-s1-s1-t1" name="Pre-conditions - Otevři prohlížeč, přihlaš se a přejdi na stránku" line="5">
<kw name="Open browser Accept danger And Login" library="Variables - TS_002 - Administrační část">
<arg>${adresa-navigation}</arg>
<kw name="Open browser and accept danger In Login" library="Variables - TS_002 - Administrační část">
<arg>${adresa-signIn}</arg>
<kw name="Open Browser" library="SeleniumLibrary">
<arg>${URL}</arg>
<arg>${google}</arg>
<doc>Opens a new browser instance to the optional ``url``.</doc>
<msg timestamp="20230430 22:00:00.509" level="INFO">Opening browser 'Chrome' to base url 'https://localhost/autobazarDrabek/admin/sign-in'.</msg>
<status status="PASS" starttime="20230430 22:00:00.509" endtime="20230430 22:00:02.030"/>
</kw>
<kw name="Maximize Browser Window" library="SeleniumLibrary">
<doc>Maximizes current browser window.</doc>
<status status="PASS" starttime="20230430 22:00:02.030" endtime="20230430 22:00:02.150"/>
</kw>
<kw name="Click Element" library="SeleniumLibrary">
<arg>//*[@id="details-button"]</arg>
<doc>Click the element identified by ``locator``.</doc>
<msg timestamp="20230430 22:00:02.151" level="INFO">Clicking element '//*[@id="details-button"]'.</msg>
<status status="PASS" starttime="20230430 22:00:02.150" endtime="20230430 22:00:02.252"/>
</kw>
<kw name="Wait Until Element Is Visible" library="SeleniumLibrary">
<arg>//*[@id="proceed-link"]</arg>
<doc>Waits until the element ``locator`` is visible.</doc>
<status status="PASS" starttime="20230430 22:00:02.252" endtime="20230430 22:00:02.304"/>
</kw>
<kw name="Click Element" library="SeleniumLibrary">
<arg>//*[@id="proceed-link"]</arg>
<doc>Click the element identified by ``locator``.</doc>
<msg timestamp="20230430 22:00:02.305" level="INFO">Clicking element '//*[@id="proceed-link"]'.</msg>
<status status="PASS" starttime="20230430 22:00:02.304" endtime="20230430 22:00:02.383"/>
</kw>
<kw name="Wait Until Element Is Visible" library="SeleniumLibrary">
<arg>//form[@id='frm-signInForm']</arg>
<doc>Waits until the element ``locator`` is visible.</doc>
<status status="PASS" starttime="20230430 22:00:02.383" endtime="20230430 22:00:03.133"/>
</kw>
<kw name="Location Should Be" library="SeleniumLibrary">
<arg>${URL}</arg>
<doc>Verifies that the current URL is exactly ``url``.</doc>
<msg timestamp="20230430 22:00:03.138" level="INFO">Current location is 'https://localhost/autobazarDrabek/admin/sign-in'.</msg>
<status status="PASS" starttime="20230430 22:00:03.133" endtime="20230430 22:00:03.138"/>
</kw>
<status status="PASS" starttime="20230430 22:00:00.508" endtime="20230430 22:00:03.138"/>
</kw>
<kw name="Login To System" library="Variables - TS_002 - Administrační část">
<kw name="Login To System With Data" library="Variables - TS_002 - Administrační část">
<arg>${data-login-email}</arg>
<arg>${data-login-password}</arg>
<kw name="Set Focus and Wait" library="main-settings-variables-keywords">
<arg>${selector-input-login-email}</arg>
<kw name="Set Focus To Element" library="SeleniumLibrary">
<arg>${selector}</arg>
<doc>Sets the focus to the element identified by ``locator``.</doc>
<status status="PASS" starttime="20230430 22:00:03.139" endtime="20230430 22:00:03.156"/>
</kw>
<kw name="Wait Until Element Is Visible" library="SeleniumLibrary">
<arg>${selector}</arg>
<doc>Waits until the element ``locator`` is visible.</doc>
<status status="PASS" starttime="20230430 22:00:03.156" endtime="20230430 22:00:03.177"/>
</kw>
<kw name="Sleep" library="BuiltIn">
<arg>0.7s</arg>
<doc>Pauses the test executed for the given time.</doc>
<msg timestamp="20230430 22:00:03.880" level="INFO">Slept 700 milliseconds</msg>
<status status="PASS" starttime="20230430 22:00:03.177" endtime="20230430 22:00:03.880"/>
</kw>
<status status="PASS" starttime="20230430 22:00:03.139" endtime="20230430 22:00:03.880"/>
</kw>
<kw name="Check and input text" library="main-settings-variables-keywords">
<arg>${selector-input-login-email}</arg>
<arg>${email}</arg>
<kw name="Wait Until Element Is Visible" library="SeleniumLibrary">
<arg>${selector}</arg>
<doc>Waits until the element ``locator`` is visible.</doc>
<status status="PASS" starttime="20230430 22:00:03.881" endtime="20230430 22:00:03.897"/>
</kw>
<kw name="Input Text" library="SeleniumLibrary">
<arg>${selector}</arg>
<arg>${text}</arg>
<doc>Types the given ``text`` into the text field identified by ``locator``.</doc>
<msg timestamp="20230430 22:00:03.898" level="INFO">Typing text 'leonhol@seznam.cz' into text field '//input[@id='frm-signInForm-email']'.</msg>
<status status="PASS" starttime="20230430 22:00:03.897" endtime="20230430 22:00:03.973"/>
</kw>
<kw name="Textfield Should Contain" library="SeleniumLibrary">
<arg>${selector}</arg>
<arg>${text}</arg>
<doc>Verifies text field ``locator`` contains text ``expected``.</doc>
<msg timestamp="20230430 22:00:04.005" level="INFO">Text field '//input[@id='frm-signInForm-email']' contains text 'leonhol@seznam.cz'.</msg>
<status status="PASS" starttime="20230430 22:00:03.973" endtime="20230430 22:00:04.005"/>
</kw>
<status status="PASS" starttime="20230430 22:00:03.881" endtime="20230430 22:00:04.005"/>
</kw>
<kw name="Set Focus and Wait" library="main-settings-variables-keywords">
<arg>${selector-input-login-password}</arg>
<kw name="Set Focus To Element" library="SeleniumLibrary">
<arg>${selector}</arg>
<doc>Sets the focus to the element identified by ``locator``.</doc>
<status status="PASS" starttime="20230430 22:00:04.005" endtime="20230430 22:00:04.025"/>
</kw>
<kw name="Wait Until Element Is Visible" library="SeleniumLibrary">
<arg>${selector}</arg>
<doc>Waits until the element ``locator`` is visible.</doc>
<status status="PASS" starttime="20230430 22:00:04.025" endtime="20230430 22:00:04.044"/>
</kw>
<kw name="Sleep" library="BuiltIn">
<arg>0.7s</arg>
<doc>Pauses the test executed for the given time.</doc>
<msg timestamp="20230430 22:00:04.752" level="INFO">Slept 700 milliseconds</msg>
<status status="PASS" starttime="20230430 22:00:04.044" endtime="20230430 22:00:04.752"/>
</kw>
<status status="PASS" starttime="20230430 22:00:04.005" endtime="20230430 22:00:04.752"/>
</kw>
<kw name="Check and input text" library="main-settings-variables-keywords">
<arg>${selector-input-login-password}</arg>
<arg>${password}</arg>
<kw name="Wait Until Element Is Visible" library="SeleniumLibrary">
<arg>${selector}</arg>
<doc>Waits until the element ``locator`` is visible.</doc>
<status status="PASS" starttime="20230430 22:00:04.753" endtime="20230430 22:00:04.772"/>
</kw>
<kw name="Input Text" library="SeleniumLibrary">
<arg>${selector}</arg>
<arg>${text}</arg>
<doc>Types the given ``text`` into the text field identified by ``locator``.</doc>
<msg timestamp="20230430 22:00:04.773" level="INFO">Typing text '1234567890a' into text field '//input[@id='frm-signInForm-password']'.</msg>
<status status="PASS" starttime="20230430 22:00:04.773" endtime="20230430 22:00:04.840"/>
</kw>
<kw name="Textfield Should Contain" library="SeleniumLibrary">
<arg>${selector}</arg>
<arg>${text}</arg>
<doc>Verifies text field ``locator`` contains text ``expected``.</doc>
<msg timestamp="20230430 22:00:04.874" level="INFO">Text field '//input[@id='frm-signInForm-password']' contains text '1234567890a'.</msg>
<status status="PASS" starttime="20230430 22:00:04.841" endtime="20230430 22:00:04.874"/>
</kw>
<status status="PASS" starttime="20230430 22:00:04.752" endtime="20230430 22:00:04.875"/>
</kw>
<kw name="Wait and click" library="main-settings-variables-keywords">
<arg>${selector-input-login-submit}</arg>
<kw name="Wait Until Element Is Visible" library="SeleniumLibrary">
<arg>${selector}</arg>
<doc>Waits until the element ``locator`` is visible.</doc>
<status status="PASS" starttime="20230430 22:00:04.876" endtime="20230430 22:00:04.899"/>
</kw>
<kw name="Click Element" library="SeleniumLibrary">
<arg>${selector}</arg>
<doc>Click the element identified by ``locator``.</doc>
<msg timestamp="20230430 22:00:04.900" level="INFO">Clicking element '//input[@name='_submit']'.</msg>
<status status="PASS" starttime="20230430 22:00:04.899" endtime="20230430 22:00:05.860"/>
</kw>
<status status="PASS" starttime="20230430 22:00:04.875" endtime="20230430 22:00:05.860"/>
</kw>
<status status="PASS" starttime="20230430 22:00:03.138" endtime="20230430 22:00:05.861"/>
</kw>
<kw name="Wait Until Location Is" library="SeleniumLibrary">
<arg>${adresa-dahsboard}</arg>
<doc>Waits until the current URL is ``expected``.</doc>
<status status="PASS" starttime="20230430 22:00:05.861" endtime="20230430 22:00:05.868"/>
</kw>
<kw name="Location Should Be" library="SeleniumLibrary">
<arg>${adresa-dahsboard}</arg>
<doc>Verifies that the current URL is exactly ``url``.</doc>
<msg timestamp="20230430 22:00:05.875" level="INFO">Current location is 'https://localhost/autobazarDrabek/Dashboard'.</msg>
<status status="PASS" starttime="20230430 22:00:05.868" endtime="20230430 22:00:05.875"/>
</kw>
<status status="PASS" starttime="20230430 22:00:03.138" endtime="20230430 22:00:05.875"/>
</kw>
<kw name="Go To" library="SeleniumLibrary">
<arg>${URL}</arg>
<doc>Navigates the current browser window to the provided ``url``.</doc>
<msg timestamp="20230430 22:00:05.877" level="INFO">Opening url 'https://localhost/autobazarDrabek/Navigation'</msg>
<status status="PASS" starttime="20230430 22:00:05.876" endtime="20230430 22:00:06.423"/>
</kw>
<status status="PASS" starttime="20230430 22:00:00.508" endtime="20230430 22:00:06.423"/>
</kw>
<status status="PASS" starttime="20230430 22:00:00.507" endtime="20230430 22:00:06.424"/>
</test>
<test id="s1-s1-s1-s1-s1-t2" name="TP_049 - Kontrola generace slugu stránky" line="8">
<kw name="Wait and click" library="main-settings-variables-keywords">
<arg>${selector-a-addPage}</arg>
<kw name="Wait Until Element Is Visible" library="SeleniumLibrary">
<arg>${selector}</arg>
<doc>Waits until the element ``locator`` is visible.</doc>
<status status="PASS" starttime="20230430 22:00:06.430" endtime="20230430 22:00:06.462"/>
</kw>
<kw name="Click Element" library="SeleniumLibrary">
<arg>${selector}</arg>
<doc>Click the element identified by ``locator``.</doc>
<msg timestamp="20230430 22:00:06.464" level="INFO">Clicking element '//a[@href='/autobazarDrabek/Page/Add']'.</msg>
<status status="PASS" starttime="20230430 22:00:06.463" endtime="20230430 22:00:07.169"/>
</kw>
<status status="PASS" starttime="20230430 22:00:06.429" endtime="20230430 22:00:07.169"/>
</kw>
<kw name="Wait Until Location Is" library="SeleniumLibrary">
<arg>${adresa-navigation-pageAdd}</arg>
<doc>Waits until the current URL is ``expected``.</doc>
<status status="PASS" starttime="20230430 22:00:07.170" endtime="20230430 22:00:07.175"/>
</kw>
<kw name="Location Should Be" library="SeleniumLibrary">
<arg>${adresa-navigation-pageAdd}</arg>
<doc>Verifies that the current URL is exactly ``url``.</doc>
<msg timestamp="20230430 22:00:07.180" level="INFO">Current location is 'https://localhost/autobazarDrabek/Page/Add'.</msg>
<status status="PASS" starttime="20230430 22:00:07.176" endtime="20230430 22:00:07.180"/>
</kw>
<kw name="Set Focus and Wait" library="main-settings-variables-keywords">
<arg>${selector-input-name}</arg>
<kw name="Set Focus To Element" library="SeleniumLibrary">
<arg>${selector}</arg>
<doc>Sets the focus to the element identified by ``locator``.</doc>
<status status="PASS" starttime="20230430 22:00:07.180" endtime="20230430 22:00:07.199"/>
</kw>
<kw name="Wait Until Element Is Visible" library="SeleniumLibrary">
<arg>${selector}</arg>
<doc>Waits until the element ``locator`` is visible.</doc>
<status status="PASS" starttime="20230430 22:00:07.199" endtime="20230430 22:00:07.217"/>
</kw>
<kw name="Sleep" library="BuiltIn">
<arg>0.7s</arg>
<doc>Pauses the test executed for the given time.</doc>
<msg timestamp="20230430 22:00:07.919" level="INFO">Slept 700 milliseconds</msg>
<status status="PASS" starttime="20230430 22:00:07.217" endtime="20230430 22:00:07.919"/>
</kw>
<status status="PASS" starttime="20230430 22:00:07.180" endtime="20230430 22:00:07.919"/>
</kw>
<kw name="Check and input text" library="main-settings-variables-keywords">
<arg>${selector-input-name}</arg>
<arg>${data-name}</arg>
<kw name="Wait Until Element Is Visible" library="SeleniumLibrary">
<arg>${selector}</arg>
<doc>Waits until the element ``locator`` is visible.</doc>
<status status="PASS" starttime="20230430 22:00:07.920" endtime="20230430 22:00:07.938"/>
</kw>
<kw name="Input Text" library="SeleniumLibrary">
<arg>${selector}</arg>
<arg>${text}</arg>
<doc>Types the given ``text`` into the text field identified by ``locator``.</doc>
<msg timestamp="20230430 22:00:07.938" level="INFO">Typing text 'Dlouhý název' into text field '//input[@id='frm-pageForm-name']'.</msg>
<status status="PASS" starttime="20230430 22:00:07.938" endtime="20230430 22:00:08.010"/>
</kw>
<kw name="Textfield Should Contain" library="SeleniumLibrary">
<arg>${selector}</arg>
<arg>${text}</arg>
<doc>Verifies text field ``locator`` contains text ``expected``.</doc>
<msg timestamp="20230430 22:00:08.040" level="INFO">Text field '//input[@id='frm-pageForm-name']' contains text 'Dlouhý název'.</msg>
<status status="PASS" starttime="20230430 22:00:08.010" endtime="20230430 22:00:08.040"/>
</kw>
<status status="PASS" starttime="20230430 22:00:07.920" endtime="20230430 22:00:08.040"/>
</kw>
<kw name="Textfield Should Contain" library="SeleniumLibrary">
<arg>${selector-input-slug}</arg>
<arg>${data-check-nameToSlug}</arg>
<doc>Verifies text field ``locator`` contains text ``expected``.</doc>
<msg timestamp="20230430 22:00:08.072" level="INFO">Text field '//input[@id='frm-pageForm-slug']' contains text 'Dlouhy-nazev'.</msg>
<status status="PASS" starttime="20230430 22:00:08.041" endtime="20230430 22:00:08.072"/>
</kw>
<status status="PASS" starttime="20230430 22:00:06.427" endtime="20230430 22:00:08.073"/>
</test>
<test id="s1-s1-s1-s1-s1-t3" name="Post-conditions - Odhlaš uživatele a zavři prohlížeč" line="16">
<kw name="Log Out And Close Window" library="Variables - TS_002 - Administrační část">
<kw name="Go To" library="SeleniumLibrary">
<arg>${adresa-dahsboard}</arg>
<doc>Navigates the current browser window to the provided ``url``.</doc>
<msg timestamp="20230430 22:00:08.075" level="INFO">Opening url 'https://localhost/autobazarDrabek/Dashboard'</msg>
<status status="PASS" starttime="20230430 22:00:08.075" endtime="20230430 22:00:08.263"/>
</kw>
<kw name="Wait and click" library="main-settings-variables-keywords">
<arg>${selector-a-logoutInDashboard}</arg>
<kw name="Wait Until Element Is Visible" library="SeleniumLibrary">
<arg>${selector}</arg>
<doc>Waits until the element ``locator`` is visible.</doc>
<status status="PASS" starttime="20230430 22:00:08.265" endtime="20230430 22:00:08.286"/>
</kw>
<kw name="Click Element" library="SeleniumLibrary">
<arg>${selector}</arg>
<doc>Click the element identified by ``locator``.</doc>
<msg timestamp="20230430 22:00:08.287" level="INFO">Clicking element '//div[@id="main"]//a[@href="/autobazarDrabek/Odhlásit se"]'.</msg>
<status status="PASS" starttime="20230430 22:00:08.286" endtime="20230430 22:00:08.564"/>
</kw>
<status status="PASS" starttime="20230430 22:00:08.264" endtime="20230430 22:00:08.564"/>
</kw>
<kw name="Close Window" library="SeleniumLibrary">
<doc>Closes currently opened and selected browser window/tab.</doc>
<status status="PASS" starttime="20230430 22:00:08.564" endtime="20230430 22:00:08.619"/>
</kw>
<status status="PASS" starttime="20230430 22:00:08.075" endtime="20230430 22:00:08.619"/>
</kw>
<status status="PASS" starttime="20230430 22:00:08.074" endtime="20230430 22:00:08.620"/>
</test>
<status status="PASS" starttime="20230430 22:00:00.300" endtime="20230430 22:00:08.622"/>
</suite>
<status status="PASS" starttime="20230430 22:00:00.296" endtime="20230430 22:00:08.626"/>
</suite>
<status status="PASS" starttime="20230430 22:00:00.293" endtime="20230430 22:00:08.630"/>
</suite>
<status status="PASS" starttime="20230430 22:00:00.290" endtime="20230430 22:00:08.635"/>
</suite>
<status status="PASS" starttime="20230430 22:00:00.267" endtime="20230430 22:00:08.639"/>
</suite>
<statistics>
<total>
<stat pass="3" fail="0" skip="0">All Tests</stat>
</total>
<tag>
</tag>
<suite>
<stat pass="3" fail="0" skip="0" id="s1" name="testovaniAutobazaru">testovaniAutobazaru</stat>
<stat pass="3" fail="0" skip="0" id="s1-s1" name="robotTests">testovaniAutobazaru.robotTests</stat>
<stat pass="3" fail="0" skip="0" id="s1-s1-s1" name="TS 002 - Administrační část">testovaniAutobazaru.robotTests.TS 002 - Administrační část</stat>
<stat pass="3" fail="0" skip="0" id="s1-s1-s1-s1" name="TS 018 - Testování stránek v menu">testovaniAutobazaru.robotTests.TS 002 - Administrační část.TS 018 - Testování stránek v menu</stat>
<stat pass="3" fail="0" skip="0" id="s1-s1-s1-s1-s1" name="TP 049 - Kontrola generace slugu stránky">testovaniAutobazaru.robotTests.TS 002 - Administrační část.TS 018 - Testování stránek v menu.TP 049 - Kontrola generace slugu stránky</stat>
</suite>
</statistics>
<errors>
</errors>
</robot>
