<?xml version="1.0" encoding="UTF-8"?>
<robot generator="Robot 6.0.2 (Python 3.8.2 on win32)" generated="20230430 14:00:05.625" rpa="false" schemaversion="3">
<suite id="s1" name="testovaniAutobazaru" source="C:\xampp\htdocs\testovaniAutobazaru">
<suite id="s1-s1" name="robotTests" source="C:\xampp\htdocs\testovaniAutobazaru\robotTests">
<suite id="s1-s1-s1" name="TS 001 - Veřejná část" source="C:\xampp\htdocs\testovaniAutobazaru\robotTests\TS_001 - Veřejná část">
<suite id="s1-s1-s1-s1" name="TS 011 - Testování odkazů na stránky" source="C:\xampp\htdocs\testovaniAutobazaru\robotTests\TS_001 - Veřejná část\TS_011 - Testování odkazů na stránky">
<suite id="s1-s1-s1-s1-s1" name="TP 018 - Test odkazu na stránku mimo systém (vrchní)" source="C:\xampp\htdocs\testovaniAutobazaru\robotTests\TS_001 - Veřejná část\TS_011 - Testování odkazů na stránky\TP_018 - Test odkazu na stránku mimo systém (vrchní).robot">
<test id="s1-s1-s1-s1-s1-t1" name="Pre-conditions - Otevři prohlížeč a jdi na stránku" line="4">
<kw name="Open browser and accept danger" library="main-settings-variables-keywords">
<arg>${homeURL}</arg>
<kw name="Open Browser" library="SeleniumLibrary">
<arg>${URL}</arg>
<arg>${google}</arg>
<doc>Opens a new browser instance to the optional ``url``.</doc>
<msg timestamp="20230430 14:00:05.837" level="INFO">Opening browser 'Chrome' to base url 'https://localhost/autobazarDrabek/'.</msg>
<status status="PASS" starttime="20230430 14:00:05.836" endtime="20230430 14:00:07.347"/>
</kw>
<kw name="Maximize Browser Window" library="SeleniumLibrary">
<doc>Maximizes current browser window.</doc>
<status status="PASS" starttime="20230430 14:00:07.347" endtime="20230430 14:00:07.476"/>
</kw>
<kw name="Click Element" library="SeleniumLibrary">
<arg>//*[@id="details-button"]</arg>
<doc>Click the element identified by ``locator``.</doc>
<msg timestamp="20230430 14:00:07.477" level="INFO">Clicking element '//*[@id="details-button"]'.</msg>
<status status="PASS" starttime="20230430 14:00:07.476" endtime="20230430 14:00:07.523"/>
</kw>
<kw name="Wait Until Element Is Visible" library="SeleniumLibrary">
<arg>//*[@id="proceed-link"]</arg>
<doc>Waits until the element ``locator`` is visible.</doc>
<status status="PASS" starttime="20230430 14:00:07.523" endtime="20230430 14:00:07.550"/>
</kw>
<kw name="Click Element" library="SeleniumLibrary">
<arg>//*[@id="proceed-link"]</arg>
<doc>Click the element identified by ``locator``.</doc>
<msg timestamp="20230430 14:00:07.550" level="INFO">Clicking element '//*[@id="proceed-link"]'.</msg>
<status status="PASS" starttime="20230430 14:00:07.550" endtime="20230430 14:00:07.604"/>
</kw>
<kw name="Wait Until Element Is Visible" library="SeleniumLibrary">
<arg>//div[@id="main"]</arg>
<doc>Waits until the element ``locator`` is visible.</doc>
<status status="PASS" starttime="20230430 14:00:07.605" endtime="20230430 14:00:08.490"/>
</kw>
<kw name="Location Should Be" library="SeleniumLibrary">
<arg>${URL}</arg>
<doc>Verifies that the current URL is exactly ``url``.</doc>
<msg timestamp="20230430 14:00:08.494" level="INFO">Current location is 'https://localhost/autobazarDrabek/'.</msg>
<status status="PASS" starttime="20230430 14:00:08.490" endtime="20230430 14:00:08.494"/>
</kw>
<status status="PASS" starttime="20230430 14:00:05.836" endtime="20230430 14:00:08.494"/>
</kw>
<status status="PASS" starttime="20230430 14:00:05.835" endtime="20230430 14:00:08.495"/>
</test>
<test id="s1-s1-s1-s1-s1-t2" name="TP_018 - Test odkazu na stránku mimo systém (vrchní)" line="7">
<kw name="Set Focus and Wait" library="main-settings-variables-keywords">
<arg>${selector-a-header-seznam}</arg>
<kw name="Set Focus To Element" library="SeleniumLibrary">
<arg>${selector}</arg>
<doc>Sets the focus to the element identified by ``locator``.</doc>
<status status="PASS" starttime="20230430 14:00:08.497" endtime="20230430 14:00:08.515"/>
</kw>
<kw name="Wait Until Element Is Visible" library="SeleniumLibrary">
<arg>${selector}</arg>
<doc>Waits until the element ``locator`` is visible.</doc>
<status status="PASS" starttime="20230430 14:00:08.515" endtime="20230430 14:00:08.533"/>
</kw>
<kw name="Sleep" library="BuiltIn">
<arg>0.7s</arg>
<doc>Pauses the test executed for the given time.</doc>
<msg timestamp="20230430 14:00:09.243" level="INFO">Slept 700 milliseconds</msg>
<status status="PASS" starttime="20230430 14:00:08.533" endtime="20230430 14:00:09.243"/>
</kw>
<status status="PASS" starttime="20230430 14:00:08.496" endtime="20230430 14:00:09.243"/>
</kw>
<kw name="Wait and click" library="main-settings-variables-keywords">
<arg>${selector-a-header-seznam}</arg>
<kw name="Wait Until Element Is Visible" library="SeleniumLibrary">
<arg>${selector}</arg>
<doc>Waits until the element ``locator`` is visible.</doc>
<status status="PASS" starttime="20230430 14:00:09.244" endtime="20230430 14:00:09.259"/>
</kw>
<kw name="Click Element" library="SeleniumLibrary">
<arg>${selector}</arg>
<doc>Click the element identified by ``locator``.</doc>
<msg timestamp="20230430 14:00:09.260" level="INFO">Clicking element '//nav//div[@class="container main-nav--bottom pt-1"]//a[@class="nav-link" and normalize-space()='Seznam']'.</msg>
<status status="PASS" starttime="20230430 14:00:09.259" endtime="20230430 14:00:09.327"/>
</kw>
<status status="PASS" starttime="20230430 14:00:09.244" endtime="20230430 14:00:09.328"/>
</kw>
<kw name="Check Tab URL" library="main-settings-variables-keywords">
<arg>${adresa-seznam}</arg>
<kw name="Get Window Handles" library="SeleniumLibrary">
<var>${handles}</var>
<doc>Returns all child window handles of the selected browser as a list.</doc>
<msg timestamp="20230430 14:00:09.342" level="INFO">${handles} = ['A70E9769376D70EE3C0ACCDA0E1E416B', 'F1C47BDCD0454C1EF294BF9FC3FFD614']</msg>
<status status="PASS" starttime="20230430 14:00:09.329" endtime="20230430 14:00:09.342"/>
</kw>
<kw name="Switch Window" library="SeleniumLibrary">
<arg>${handles[1]}</arg>
<doc>Switches to browser window matching ``locator``.</doc>
<status status="PASS" starttime="20230430 14:00:09.342" endtime="20230430 14:00:09.411"/>
</kw>
<kw name="Location Should Be" library="SeleniumLibrary">
<arg>${location}</arg>
<doc>Verifies that the current URL is exactly ``url``.</doc>
<msg timestamp="20230430 14:00:16.094" level="INFO">Current location is 'https://www.seznam.cz/'.</msg>
<status status="PASS" starttime="20230430 14:00:09.411" endtime="20230430 14:00:16.094"/>
</kw>
<kw name="Switch Window" library="SeleniumLibrary">
<arg>${handles[0]}</arg>
<doc>Switches to browser window matching ``locator``.</doc>
<status status="PASS" starttime="20230430 14:00:16.094" endtime="20230430 14:00:16.112"/>
</kw>
<status status="PASS" starttime="20230430 14:00:09.328" endtime="20230430 14:00:16.113"/>
</kw>
<status status="PASS" starttime="20230430 14:00:08.496" endtime="20230430 14:00:16.113"/>
</test>
<status status="PASS" starttime="20230430 14:00:05.654" endtime="20230430 14:00:16.117"/>
</suite>
<status status="PASS" starttime="20230430 14:00:05.652" endtime="20230430 14:00:16.122"/>
</suite>
<status status="PASS" starttime="20230430 14:00:05.649" endtime="20230430 14:00:16.125"/>
</suite>
<status status="PASS" starttime="20230430 14:00:05.648" endtime="20230430 14:00:16.127"/>
</suite>
<status status="PASS" starttime="20230430 14:00:05.626" endtime="20230430 14:00:16.129"/>
</suite>
<statistics>
<total>
<stat pass="2" fail="0" skip="0">All Tests</stat>
</total>
<tag>
</tag>
<suite>
<stat pass="2" fail="0" skip="0" id="s1" name="testovaniAutobazaru">testovaniAutobazaru</stat>
<stat pass="2" fail="0" skip="0" id="s1-s1" name="robotTests">testovaniAutobazaru.robotTests</stat>
<stat pass="2" fail="0" skip="0" id="s1-s1-s1" name="TS 001 - Veřejná část">testovaniAutobazaru.robotTests.TS 001 - Veřejná část</stat>
<stat pass="2" fail="0" skip="0" id="s1-s1-s1-s1" name="TS 011 - Testování odkazů na stránky">testovaniAutobazaru.robotTests.TS 001 - Veřejná část.TS 011 - Testování odkazů na stránky</stat>
<stat pass="2" fail="0" skip="0" id="s1-s1-s1-s1-s1" name="TP 018 - Test odkazu na stránku mimo systém (vrchní)">testovaniAutobazaru.robotTests.TS 001 - Veřejná část.TS 011 - Testování odkazů na stránky.TP 018 - Test odkazu na stránku mimo systém (vrchní)</stat>
</suite>
</statistics>
<errors>
</errors>
</robot>
