<?xml version="1.0" encoding="UTF-8"?>
<robot generator="Robot 6.0.2 (Python 3.8.2 on win32)" generated="20230430 11:48:36.365" rpa="false" schemaversion="3">
<suite id="s1" name="testovaniAutobazaru" source="C:\xampp\htdocs\testovaniAutobazaru">
<suite id="s1-s1" name="robotTests" source="C:\xampp\htdocs\testovaniAutobazaru\robotTests">
<suite id="s1-s1-s1" name="TS 001 - Veřejná část" source="C:\xampp\htdocs\testovaniAutobazaru\robotTests\TS_001 - Veřejná část">
<suite id="s1-s1-s1-s1" name="TS 010 - Testování filtrace vozidel" source="C:\xampp\htdocs\testovaniAutobazaru\robotTests\TS_001 - Veřejná část\TS_010 - Testování filtrace vozidel">
<suite id="s1-s1-s1-s1-s1" name="TP 010 - Test filtrovacího výběru" source="C:\xampp\htdocs\testovaniAutobazaru\robotTests\TS_001 - Veřejná část\TS_010 - Testování filtrace vozidel\TP_010 - Test filtrovacího výběru.robot">
<test id="s1-s1-s1-s1-s1-t1" name="Pre-conditions - Otevři prohlížeč a jdi na stránku" line="6">
<kw name="Open browser and accept danger" library="main-settings-variables-keywords">
<arg>${homeURL}${adresa-vyhledavacVozidel}</arg>
<kw name="Open Browser" library="SeleniumLibrary">
<arg>${URL}</arg>
<arg>${google}</arg>
<doc>Opens a new browser instance to the optional ``url``.</doc>
<msg timestamp="20230430 11:48:36.582" level="INFO">Opening browser 'Chrome' to base url 'https://localhost/autobazarDrabek/vyhledavac-vozidel'.</msg>
<status status="PASS" starttime="20230430 11:48:36.581" endtime="20230430 11:48:38.204"/>
</kw>
<kw name="Maximize Browser Window" library="SeleniumLibrary">
<doc>Maximizes current browser window.</doc>
<status status="PASS" starttime="20230430 11:48:38.204" endtime="20230430 11:48:38.332"/>
</kw>
<kw name="Click Element" library="SeleniumLibrary">
<arg>//*[@id="details-button"]</arg>
<doc>Click the element identified by ``locator``.</doc>
<msg timestamp="20230430 11:48:38.333" level="INFO">Clicking element '//*[@id="details-button"]'.</msg>
<status status="PASS" starttime="20230430 11:48:38.333" endtime="20230430 11:48:38.376"/>
</kw>
<kw name="Wait Until Element Is Visible" library="SeleniumLibrary">
<arg>//*[@id="proceed-link"]</arg>
<doc>Waits until the element ``locator`` is visible.</doc>
<status status="PASS" starttime="20230430 11:48:38.377" endtime="20230430 11:48:38.404"/>
</kw>
<kw name="Click Element" library="SeleniumLibrary">
<arg>//*[@id="proceed-link"]</arg>
<doc>Click the element identified by ``locator``.</doc>
<msg timestamp="20230430 11:48:38.405" level="INFO">Clicking element '//*[@id="proceed-link"]'.</msg>
<status status="PASS" starttime="20230430 11:48:38.404" endtime="20230430 11:48:38.455"/>
</kw>
<kw name="Wait Until Element Is Visible" library="SeleniumLibrary">
<arg>//div[@id="main"]</arg>
<doc>Waits until the element ``locator`` is visible.</doc>
<status status="PASS" starttime="20230430 11:48:38.455" endtime="20230430 11:48:39.356"/>
</kw>
<kw name="Location Should Be" library="SeleniumLibrary">
<arg>${URL}</arg>
<doc>Verifies that the current URL is exactly ``url``.</doc>
<msg timestamp="20230430 11:48:39.361" level="INFO">Current location is 'https://localhost/autobazarDrabek/vyhledavac-vozidel'.</msg>
<status status="PASS" starttime="20230430 11:48:39.357" endtime="20230430 11:48:39.361"/>
</kw>
<status status="PASS" starttime="20230430 11:48:36.581" endtime="20230430 11:48:39.361"/>
</kw>
<status status="PASS" starttime="20230430 11:48:36.580" endtime="20230430 11:48:39.362"/>
</test>
<test id="s1-s1-s1-s1-s1-t2" name="TP_010 - Test filtrovacího výběru" line="9">
<kw name="Set Value on Custom Select" library="TS_010 - Testování filtrace vozidel">
<arg>${selector-div-customSelect-druhVozidla}</arg>
<arg>${selector-div-customSelect-option-osobníVůz}</arg>
<kw name="Wait and click" library="main-settings-variables-keywords">
<arg>${selector-customSelect}</arg>
<kw name="Wait Until Element Is Visible" library="SeleniumLibrary">
<arg>${selector}</arg>
<doc>Waits until the element ``locator`` is visible.</doc>
<status status="PASS" starttime="20230430 11:48:39.364" endtime="20230430 11:48:39.402"/>
</kw>
<kw name="Click Element" library="SeleniumLibrary">
<arg>${selector}</arg>
<doc>Click the element identified by ``locator``.</doc>
<msg timestamp="20230430 11:48:39.403" level="INFO">Clicking element '//label[normalize-space()='Druh vozidla']/following-sibling::div[@class="custom-select"]'.</msg>
<status status="PASS" starttime="20230430 11:48:39.402" endtime="20230430 11:48:39.439"/>
</kw>
<status status="PASS" starttime="20230430 11:48:39.364" endtime="20230430 11:48:39.439"/>
</kw>
<kw name="Wait Until Element Is Visible" library="SeleniumLibrary">
<arg>${selector-customSelect}${selector-div-customSelect-panel}</arg>
<doc>Waits until the element ``locator`` is visible.</doc>
<status status="PASS" starttime="20230430 11:48:39.440" endtime="20230430 11:48:39.458"/>
</kw>
<kw name="Element Should Be Visible" library="SeleniumLibrary">
<arg>${selector-customSelect}${selector-div-customSelect-panel}</arg>
<doc>Verifies that the element identified by ``locator`` is visible.</doc>
<msg timestamp="20230430 11:48:39.474" level="INFO">Element '//label[normalize-space()='Druh vozidla']/following-sibling::div[@class="custom-select"]//div[@class="custom-select-panel"]' is displayed.</msg>
<status status="PASS" starttime="20230430 11:48:39.458" endtime="20230430 11:48:39.474"/>
</kw>
<kw name="Set Focus and Wait" library="main-settings-variables-keywords">
<arg>${selector-customSelect}//div[normalize-space()='${selector-option}' and @class="custom-select-option"]</arg>
<kw name="Set Focus To Element" library="SeleniumLibrary">
<arg>${selector}</arg>
<doc>Sets the focus to the element identified by ``locator``.</doc>
<status status="PASS" starttime="20230430 11:48:39.475" endtime="20230430 11:48:39.490"/>
</kw>
<kw name="Wait Until Element Is Visible" library="SeleniumLibrary">
<arg>${selector}</arg>
<doc>Waits until the element ``locator`` is visible.</doc>
<status status="PASS" starttime="20230430 11:48:39.490" endtime="20230430 11:48:39.735"/>
</kw>
<kw name="Sleep" library="BuiltIn">
<arg>0.7s</arg>
<doc>Pauses the test executed for the given time.</doc>
<msg timestamp="20230430 11:48:40.435" level="INFO">Slept 700 milliseconds</msg>
<status status="PASS" starttime="20230430 11:48:39.735" endtime="20230430 11:48:40.435"/>
</kw>
<status status="PASS" starttime="20230430 11:48:39.474" endtime="20230430 11:48:40.435"/>
</kw>
<kw name="Wait and click" library="main-settings-variables-keywords">
<arg>${selector-customSelect}//div[normalize-space()='${selector-option}' and @class="custom-select-option"]</arg>
<kw name="Wait Until Element Is Visible" library="SeleniumLibrary">
<arg>${selector}</arg>
<doc>Waits until the element ``locator`` is visible.</doc>
<status status="PASS" starttime="20230430 11:48:40.436" endtime="20230430 11:48:40.452"/>
</kw>
<kw name="Click Element" library="SeleniumLibrary">
<arg>${selector}</arg>
<doc>Click the element identified by ``locator``.</doc>
<msg timestamp="20230430 11:48:40.453" level="INFO">Clicking element '//label[normalize-space()='Druh vozidla']/following-sibling::div[@class="custom-select"]//div[normalize-space()='Osobní vůz' and @class="custom-select-option"]'.</msg>
<status status="PASS" starttime="20230430 11:48:40.452" endtime="20230430 11:48:40.494"/>
</kw>
<status status="PASS" starttime="20230430 11:48:40.436" endtime="20230430 11:48:40.494"/>
</kw>
<kw name="Wait Until Element Is Not Visible" library="SeleniumLibrary">
<arg>${selector-customSelect}${selector-div-customSelect-panel}</arg>
<doc>Waits until the element ``locator`` is not visible.</doc>
<status status="PASS" starttime="20230430 11:48:40.494" endtime="20230430 11:48:40.732"/>
</kw>
<kw name="Element Should Not Be Visible" library="SeleniumLibrary">
<arg>${selector-customSelect}${selector-div-customSelect-panel}</arg>
<doc>Verifies that the element identified by ``locator`` is NOT visible.</doc>
<msg timestamp="20230430 11:48:40.747" level="INFO">Element '//label[normalize-space()='Druh vozidla']/following-sibling::div[@class="custom-select"]//div[@class="custom-select-panel"]' exists but is not displayed.</msg>
<status status="PASS" starttime="20230430 11:48:40.732" endtime="20230430 11:48:40.747"/>
</kw>
<status status="PASS" starttime="20230430 11:48:39.364" endtime="20230430 11:48:40.747"/>
</kw>
<kw name="Set Focus and Wait" library="main-settings-variables-keywords">
<arg>${selector-section-foundCars}</arg>
<kw name="Set Focus To Element" library="SeleniumLibrary">
<arg>${selector}</arg>
<doc>Sets the focus to the element identified by ``locator``.</doc>
<status status="PASS" starttime="20230430 11:48:40.748" endtime="20230430 11:48:40.762"/>
</kw>
<kw name="Wait Until Element Is Visible" library="SeleniumLibrary">
<arg>${selector}</arg>
<doc>Waits until the element ``locator`` is visible.</doc>
<status status="PASS" starttime="20230430 11:48:40.762" endtime="20230430 11:48:40.776"/>
</kw>
<kw name="Sleep" library="BuiltIn">
<arg>0.7s</arg>
<doc>Pauses the test executed for the given time.</doc>
<msg timestamp="20230430 11:48:41.485" level="INFO">Slept 700 milliseconds</msg>
<status status="PASS" starttime="20230430 11:48:40.776" endtime="20230430 11:48:41.485"/>
</kw>
<status status="PASS" starttime="20230430 11:48:40.748" endtime="20230430 11:48:41.485"/>
</kw>
<kw name="Check Count Of Occurrences" library="main-settings-variables-keywords">
<arg>${selector-div-carCard}</arg>
<arg>${count-osobníVůz}</arg>
<kw name="Get Element Count" library="SeleniumLibrary">
<var>${elementCount}</var>
<arg>${selector}</arg>
<doc>Returns the number of elements matching ``locator``.</doc>
<msg timestamp="20230430 11:48:41.496" level="INFO">${elementCount} = 4</msg>
<status status="PASS" starttime="20230430 11:48:41.486" endtime="20230430 11:48:41.496"/>
</kw>
<kw name="Should Be Equal As Integers" library="BuiltIn">
<arg>${elementCount}</arg>
<arg>${count}</arg>
<doc>Fails if objects are unequal after converting them to integers.</doc>
<msg timestamp="20230430 11:48:41.497" level="INFO">Argument types are:
&lt;class 'int'&gt;
&lt;class 'str'&gt;</msg>
<status status="PASS" starttime="20230430 11:48:41.496" endtime="20230430 11:48:41.497"/>
</kw>
<status status="PASS" starttime="20230430 11:48:41.486" endtime="20230430 11:48:41.497"/>
</kw>
<status status="PASS" starttime="20230430 11:48:39.363" endtime="20230430 11:48:41.498"/>
</test>
<status status="PASS" starttime="20230430 11:48:36.395" endtime="20230430 11:48:41.499"/>
</suite>
<status status="PASS" starttime="20230430 11:48:36.393" endtime="20230430 11:48:41.502"/>
</suite>
<status status="PASS" starttime="20230430 11:48:36.390" endtime="20230430 11:48:41.504"/>
</suite>
<status status="PASS" starttime="20230430 11:48:36.389" endtime="20230430 11:48:41.506"/>
</suite>
<status status="PASS" starttime="20230430 11:48:36.367" endtime="20230430 11:48:41.508"/>
</suite>
<statistics>
<total>
<stat pass="2" fail="0" skip="0">All Tests</stat>
</total>
<tag>
</tag>
<suite>
<stat pass="2" fail="0" skip="0" id="s1" name="testovaniAutobazaru">testovaniAutobazaru</stat>
<stat pass="2" fail="0" skip="0" id="s1-s1" name="robotTests">testovaniAutobazaru.robotTests</stat>
<stat pass="2" fail="0" skip="0" id="s1-s1-s1" name="TS 001 - Veřejná část">testovaniAutobazaru.robotTests.TS 001 - Veřejná část</stat>
<stat pass="2" fail="0" skip="0" id="s1-s1-s1-s1" name="TS 010 - Testování filtrace vozidel">testovaniAutobazaru.robotTests.TS 001 - Veřejná část.TS 010 - Testování filtrace vozidel</stat>
<stat pass="2" fail="0" skip="0" id="s1-s1-s1-s1-s1" name="TP 010 - Test filtrovacího výběru">testovaniAutobazaru.robotTests.TS 001 - Veřejná část.TS 010 - Testování filtrace vozidel.TP 010 - Test filtrovacího výběru</stat>
</suite>
</statistics>
<errors>
</errors>
</robot>
