<?xml version="1.0" encoding="UTF-8"?>
<robot generator="Robot 6.0.2 (Python 3.8.2 on win32)" generated="20230430 21:41:03.980" rpa="false" schemaversion="3">
<suite id="s1" name="testovaniAutobazaru" source="C:\xampp\htdocs\testovaniAutobazaru">
<suite id="s1-s1" name="robotTests" source="C:\xampp\htdocs\testovaniAutobazaru\robotTests">
<suite id="s1-s1-s1" name="TS 002 - Administrační část" source="C:\xampp\htdocs\testovaniAutobazaru\robotTests\TS_002 - Administrační část">
<suite id="s1-s1-s1-s1" name="TS 014 - Testování nastavení autobazaru" source="C:\xampp\htdocs\testovaniAutobazaru\robotTests\TS_002 - Administrační část\TS_014 - Testování nastavení autobazaru">
<suite id="s1-s1-s1-s1-s1" name="TP 029 - Zrušení textu novinek" source="C:\xampp\htdocs\testovaniAutobazaru\robotTests\TS_002 - Administrační část\TS_014 - Testování nastavení autobazaru\TP_029 - Zrušení textu novinek.robot">
<test id="s1-s1-s1-s1-s1-t1" name="Pre-conditions - Otevři prohlížeč, přihlaš se a přejdi na stránku" line="5">
<kw name="Open browser Accept danger And Login" library="Variables - TS_002 - Administrační část">
<arg>${adresa-settings}</arg>
<kw name="Open browser and accept danger In Login" library="Variables - TS_002 - Administrační část">
<arg>${adresa-signIn}</arg>
<kw name="Open Browser" library="SeleniumLibrary">
<arg>${URL}</arg>
<arg>${google}</arg>
<doc>Opens a new browser instance to the optional ``url``.</doc>
<msg timestamp="20230430 21:41:04.222" level="INFO">Opening browser 'Chrome' to base url 'https://localhost/autobazarDrabek/admin/sign-in'.</msg>
<status status="PASS" starttime="20230430 21:41:04.221" endtime="20230430 21:41:05.878"/>
</kw>
<kw name="Maximize Browser Window" library="SeleniumLibrary">
<doc>Maximizes current browser window.</doc>
<status status="PASS" starttime="20230430 21:41:05.878" endtime="20230430 21:41:06.001"/>
</kw>
<kw name="Click Element" library="SeleniumLibrary">
<arg>//*[@id="details-button"]</arg>
<doc>Click the element identified by ``locator``.</doc>
<msg timestamp="20230430 21:41:06.002" level="INFO">Clicking element '//*[@id="details-button"]'.</msg>
<status status="PASS" starttime="20230430 21:41:06.001" endtime="20230430 21:41:06.044"/>
</kw>
<kw name="Wait Until Element Is Visible" library="SeleniumLibrary">
<arg>//*[@id="proceed-link"]</arg>
<doc>Waits until the element ``locator`` is visible.</doc>
<status status="PASS" starttime="20230430 21:41:06.044" endtime="20230430 21:41:06.072"/>
</kw>
<kw name="Click Element" library="SeleniumLibrary">
<arg>//*[@id="proceed-link"]</arg>
<doc>Click the element identified by ``locator``.</doc>
<msg timestamp="20230430 21:41:06.072" level="INFO">Clicking element '//*[@id="proceed-link"]'.</msg>
<status status="PASS" starttime="20230430 21:41:06.072" endtime="20230430 21:41:06.124"/>
</kw>
<kw name="Wait Until Element Is Visible" library="SeleniumLibrary">
<arg>//form[@id='frm-signInForm']</arg>
<doc>Waits until the element ``locator`` is visible.</doc>
<status status="PASS" starttime="20230430 21:41:06.125" endtime="20230430 21:41:06.858"/>
</kw>
<kw name="Location Should Be" library="SeleniumLibrary">
<arg>${URL}</arg>
<doc>Verifies that the current URL is exactly ``url``.</doc>
<msg timestamp="20230430 21:41:06.863" level="INFO">Current location is 'https://localhost/autobazarDrabek/admin/sign-in'.</msg>
<status status="PASS" starttime="20230430 21:41:06.858" endtime="20230430 21:41:06.863"/>
</kw>
<status status="PASS" starttime="20230430 21:41:04.221" endtime="20230430 21:41:06.863"/>
</kw>
<kw name="Login To System" library="Variables - TS_002 - Administrační část">
<kw name="Login To System With Data" library="Variables - TS_002 - Administrační část">
<arg>${data-login-email}</arg>
<arg>${data-login-password}</arg>
<kw name="Set Focus and Wait" library="main-settings-variables-keywords">
<arg>${selector-input-login-email}</arg>
<kw name="Set Focus To Element" library="SeleniumLibrary">
<arg>${selector}</arg>
<doc>Sets the focus to the element identified by ``locator``.</doc>
<status status="PASS" starttime="20230430 21:41:06.865" endtime="20230430 21:41:06.883"/>
</kw>
<kw name="Wait Until Element Is Visible" library="SeleniumLibrary">
<arg>${selector}</arg>
<doc>Waits until the element ``locator`` is visible.</doc>
<status status="PASS" starttime="20230430 21:41:06.883" endtime="20230430 21:41:06.901"/>
</kw>
<kw name="Sleep" library="BuiltIn">
<arg>0.7s</arg>
<doc>Pauses the test executed for the given time.</doc>
<msg timestamp="20230430 21:41:07.606" level="INFO">Slept 700 milliseconds</msg>
<status status="PASS" starttime="20230430 21:41:06.902" endtime="20230430 21:41:07.606"/>
</kw>
<status status="PASS" starttime="20230430 21:41:06.865" endtime="20230430 21:41:07.607"/>
</kw>
<kw name="Check and input text" library="main-settings-variables-keywords">
<arg>${selector-input-login-email}</arg>
<arg>${email}</arg>
<kw name="Wait Until Element Is Visible" library="SeleniumLibrary">
<arg>${selector}</arg>
<doc>Waits until the element ``locator`` is visible.</doc>
<status status="PASS" starttime="20230430 21:41:07.607" endtime="20230430 21:41:07.621"/>
</kw>
<kw name="Input Text" library="SeleniumLibrary">
<arg>${selector}</arg>
<arg>${text}</arg>
<doc>Types the given ``text`` into the text field identified by ``locator``.</doc>
<msg timestamp="20230430 21:41:07.623" level="INFO">Typing text 'leonhol@seznam.cz' into text field '//input[@id='frm-signInForm-email']'.</msg>
<status status="PASS" starttime="20230430 21:41:07.621" endtime="20230430 21:41:07.701"/>
</kw>
<kw name="Textfield Should Contain" library="SeleniumLibrary">
<arg>${selector}</arg>
<arg>${text}</arg>
<doc>Verifies text field ``locator`` contains text ``expected``.</doc>
<msg timestamp="20230430 21:41:07.733" level="INFO">Text field '//input[@id='frm-signInForm-email']' contains text 'leonhol@seznam.cz'.</msg>
<status status="PASS" starttime="20230430 21:41:07.701" endtime="20230430 21:41:07.733"/>
</kw>
<status status="PASS" starttime="20230430 21:41:07.607" endtime="20230430 21:41:07.733"/>
</kw>
<kw name="Set Focus and Wait" library="main-settings-variables-keywords">
<arg>${selector-input-login-password}</arg>
<kw name="Set Focus To Element" library="SeleniumLibrary">
<arg>${selector}</arg>
<doc>Sets the focus to the element identified by ``locator``.</doc>
<status status="PASS" starttime="20230430 21:41:07.733" endtime="20230430 21:41:07.752"/>
</kw>
<kw name="Wait Until Element Is Visible" library="SeleniumLibrary">
<arg>${selector}</arg>
<doc>Waits until the element ``locator`` is visible.</doc>
<status status="PASS" starttime="20230430 21:41:07.753" endtime="20230430 21:41:07.768"/>
</kw>
<kw name="Sleep" library="BuiltIn">
<arg>0.7s</arg>
<doc>Pauses the test executed for the given time.</doc>
<msg timestamp="20230430 21:41:08.480" level="INFO">Slept 700 milliseconds</msg>
<status status="PASS" starttime="20230430 21:41:07.768" endtime="20230430 21:41:08.480"/>
</kw>
<status status="PASS" starttime="20230430 21:41:07.733" endtime="20230430 21:41:08.481"/>
</kw>
<kw name="Check and input text" library="main-settings-variables-keywords">
<arg>${selector-input-login-password}</arg>
<arg>${password}</arg>
<kw name="Wait Until Element Is Visible" library="SeleniumLibrary">
<arg>${selector}</arg>
<doc>Waits until the element ``locator`` is visible.</doc>
<status status="PASS" starttime="20230430 21:41:08.482" endtime="20230430 21:41:08.498"/>
</kw>
<kw name="Input Text" library="SeleniumLibrary">
<arg>${selector}</arg>
<arg>${text}</arg>
<doc>Types the given ``text`` into the text field identified by ``locator``.</doc>
<msg timestamp="20230430 21:41:08.499" level="INFO">Typing text '1234567890a' into text field '//input[@id='frm-signInForm-password']'.</msg>
<status status="PASS" starttime="20230430 21:41:08.498" endtime="20230430 21:41:08.569"/>
</kw>
<kw name="Textfield Should Contain" library="SeleniumLibrary">
<arg>${selector}</arg>
<arg>${text}</arg>
<doc>Verifies text field ``locator`` contains text ``expected``.</doc>
<msg timestamp="20230430 21:41:08.595" level="INFO">Text field '//input[@id='frm-signInForm-password']' contains text '1234567890a'.</msg>
<status status="PASS" starttime="20230430 21:41:08.569" endtime="20230430 21:41:08.596"/>
</kw>
<status status="PASS" starttime="20230430 21:41:08.481" endtime="20230430 21:41:08.596"/>
</kw>
<kw name="Wait and click" library="main-settings-variables-keywords">
<arg>${selector-input-login-submit}</arg>
<kw name="Wait Until Element Is Visible" library="SeleniumLibrary">
<arg>${selector}</arg>
<doc>Waits until the element ``locator`` is visible.</doc>
<status status="PASS" starttime="20230430 21:41:08.596" endtime="20230430 21:41:08.612"/>
</kw>
<kw name="Click Element" library="SeleniumLibrary">
<arg>${selector}</arg>
<doc>Click the element identified by ``locator``.</doc>
<msg timestamp="20230430 21:41:08.613" level="INFO">Clicking element '//input[@name='_submit']'.</msg>
<status status="PASS" starttime="20230430 21:41:08.612" endtime="20230430 21:41:09.259"/>
</kw>
<status status="PASS" starttime="20230430 21:41:08.596" endtime="20230430 21:41:09.260"/>
</kw>
<status status="PASS" starttime="20230430 21:41:06.863" endtime="20230430 21:41:09.260"/>
</kw>
<kw name="Wait Until Location Is" library="SeleniumLibrary">
<arg>${adresa-dahsboard}</arg>
<doc>Waits until the current URL is ``expected``.</doc>
<status status="PASS" starttime="20230430 21:41:09.260" endtime="20230430 21:41:09.265"/>
</kw>
<kw name="Location Should Be" library="SeleniumLibrary">
<arg>${adresa-dahsboard}</arg>
<doc>Verifies that the current URL is exactly ``url``.</doc>
<msg timestamp="20230430 21:41:09.270" level="INFO">Current location is 'https://localhost/autobazarDrabek/Dashboard'.</msg>
<status status="PASS" starttime="20230430 21:41:09.265" endtime="20230430 21:41:09.270"/>
</kw>
<status status="PASS" starttime="20230430 21:41:06.863" endtime="20230430 21:41:09.270"/>
</kw>
<kw name="Go To" library="SeleniumLibrary">
<arg>${URL}</arg>
<doc>Navigates the current browser window to the provided ``url``.</doc>
<msg timestamp="20230430 21:41:09.271" level="INFO">Opening url 'https://localhost/autobazarDrabek/Settings'</msg>
<status status="PASS" starttime="20230430 21:41:09.270" endtime="20230430 21:41:09.855"/>
</kw>
<status status="PASS" starttime="20230430 21:41:04.221" endtime="20230430 21:41:09.855"/>
</kw>
<status status="PASS" starttime="20230430 21:41:04.220" endtime="20230430 21:41:09.856"/>
</test>
<test id="s1-s1-s1-s1-s1-t2" name="TP_029 - Zrušení textu novinek" line="8">
<kw name="Input TinyMCE Text" library="Variables - TS_014 - Testování nastavení autobazaru">
<arg>${selector-tinyMCE-settings}</arg>
<arg>${data-tinyMCe-empty}</arg>
<kw name="Select Frame" library="SeleniumLibrary">
<arg>${selector}</arg>
<doc>Sets frame identified by ``locator`` as the current frame.</doc>
<msg timestamp="20230430 21:41:09.859" level="INFO">Selecting frame '//iframe[@id="frm-settingsForm-news_ifr"]'.</msg>
<status status="PASS" starttime="20230430 21:41:09.858" endtime="20230430 21:41:09.944"/>
</kw>
<kw name="Execute Javascript" library="SeleniumLibrary">
<arg>document.querySelector('body').innerHTML = ${text}</arg>
<doc>Executes the given JavaScript code with possible arguments.</doc>
<msg timestamp="20230430 21:41:09.945" level="INFO">Executing JavaScript:
document.querySelector('body').innerHTML = ""
Without any arguments.</msg>
<status status="PASS" starttime="20230430 21:41:09.944" endtime="20230430 21:41:09.950"/>
</kw>
<kw name="Unselect Frame" library="SeleniumLibrary">
<doc>Sets the main frame as the current frame.</doc>
<status status="PASS" starttime="20230430 21:41:09.950" endtime="20230430 21:41:09.952"/>
</kw>
<status status="PASS" starttime="20230430 21:41:09.858" endtime="20230430 21:41:09.953"/>
</kw>
<kw name="Wait and click" library="main-settings-variables-keywords">
<arg>${selector-input-absolute-submit}</arg>
<kw name="Wait Until Element Is Visible" library="SeleniumLibrary">
<arg>${selector}</arg>
<doc>Waits until the element ``locator`` is visible.</doc>
<status status="PASS" starttime="20230430 21:41:09.953" endtime="20230430 21:41:09.975"/>
</kw>
<kw name="Click Element" library="SeleniumLibrary">
<arg>${selector}</arg>
<doc>Click the element identified by ``locator``.</doc>
<msg timestamp="20230430 21:41:09.975" level="INFO">Clicking element '//input[@type="submit" and @class="btn btn-primary position-fixed bottom-0 end-0 m-2"]'.</msg>
<status status="PASS" starttime="20230430 21:41:09.975" endtime="20230430 21:41:10.605"/>
</kw>
<status status="PASS" starttime="20230430 21:41:09.953" endtime="20230430 21:41:10.605"/>
</kw>
<kw name="Wait and click" library="main-settings-variables-keywords">
<arg>${selector-a-homeLink-image}</arg>
<kw name="Wait Until Element Is Visible" library="SeleniumLibrary">
<arg>${selector}</arg>
<doc>Waits until the element ``locator`` is visible.</doc>
<status status="PASS" starttime="20230430 21:41:10.605" endtime="20230430 21:41:10.651"/>
</kw>
<kw name="Click Element" library="SeleniumLibrary">
<arg>${selector}</arg>
<doc>Click the element identified by ``locator``.</doc>
<msg timestamp="20230430 21:41:10.651" level="INFO">Clicking element '//img[@src='/autobazarDrabek/dist/images/logo-auto-drabek.png']/parent::a'.</msg>
<status status="PASS" starttime="20230430 21:41:10.651" endtime="20230430 21:41:11.192"/>
</kw>
<status status="PASS" starttime="20230430 21:41:10.605" endtime="20230430 21:41:11.193"/>
</kw>
<kw name="Location Should Be" library="SeleniumLibrary">
<arg>${homeURL}</arg>
<doc>Verifies that the current URL is exactly ``url``.</doc>
<msg timestamp="20230430 21:41:11.197" level="INFO">Current location is 'https://localhost/autobazarDrabek/'.</msg>
<status status="PASS" starttime="20230430 21:41:11.193" endtime="20230430 21:41:11.197"/>
</kw>
<kw name="Page Should Not Contain Element" library="SeleniumLibrary">
<arg>${selector-section-homepageNews}</arg>
<doc>Verifies that element ``locator`` is not found on the current page.</doc>
<msg timestamp="20230430 21:41:11.209" level="INFO">Current page does not contain element '//section[@class="homepage-news my-5 bg-white"]'.</msg>
<status status="PASS" starttime="20230430 21:41:11.197" endtime="20230430 21:41:11.209"/>
</kw>
<status status="PASS" starttime="20230430 21:41:09.857" endtime="20230430 21:41:11.210"/>
</test>
<test id="s1-s1-s1-s1-s1-t3" name="Post-conditions - Odhlaš uživatele a zavři prohlížeč" line="15">
<kw name="Log Out And Close Window" library="Variables - TS_002 - Administrační část">
<kw name="Go To" library="SeleniumLibrary">
<arg>${adresa-dahsboard}</arg>
<doc>Navigates the current browser window to the provided ``url``.</doc>
<msg timestamp="20230430 21:41:11.212" level="INFO">Opening url 'https://localhost/autobazarDrabek/Dashboard'</msg>
<status status="PASS" starttime="20230430 21:41:11.212" endtime="20230430 21:41:11.434"/>
</kw>
<kw name="Wait and click" library="main-settings-variables-keywords">
<arg>${selector-a-logoutInDashboard}</arg>
<kw name="Wait Until Element Is Visible" library="SeleniumLibrary">
<arg>${selector}</arg>
<doc>Waits until the element ``locator`` is visible.</doc>
<status status="PASS" starttime="20230430 21:41:11.435" endtime="20230430 21:41:11.455"/>
</kw>
<kw name="Click Element" library="SeleniumLibrary">
<arg>${selector}</arg>
<doc>Click the element identified by ``locator``.</doc>
<msg timestamp="20230430 21:41:11.456" level="INFO">Clicking element '//div[@id="main"]//a[@href="/autobazarDrabek/Odhlásit se"]'.</msg>
<status status="PASS" starttime="20230430 21:41:11.455" endtime="20230430 21:41:11.739"/>
</kw>
<status status="PASS" starttime="20230430 21:41:11.434" endtime="20230430 21:41:11.739"/>
</kw>
<kw name="Close Window" library="SeleniumLibrary">
<doc>Closes currently opened and selected browser window/tab.</doc>
<status status="PASS" starttime="20230430 21:41:11.739" endtime="20230430 21:41:11.811"/>
</kw>
<status status="PASS" starttime="20230430 21:41:11.212" endtime="20230430 21:41:11.811"/>
</kw>
<status status="PASS" starttime="20230430 21:41:11.211" endtime="20230430 21:41:11.812"/>
</test>
<status status="PASS" starttime="20230430 21:41:04.017" endtime="20230430 21:41:11.816"/>
</suite>
<status status="PASS" starttime="20230430 21:41:04.014" endtime="20230430 21:41:11.822"/>
</suite>
<status status="PASS" starttime="20230430 21:41:04.011" endtime="20230430 21:41:11.825"/>
</suite>
<status status="PASS" starttime="20230430 21:41:04.009" endtime="20230430 21:41:11.828"/>
</suite>
<status status="PASS" starttime="20230430 21:41:03.982" endtime="20230430 21:41:11.833"/>
</suite>
<statistics>
<total>
<stat pass="3" fail="0" skip="0">All Tests</stat>
</total>
<tag>
</tag>
<suite>
<stat pass="3" fail="0" skip="0" id="s1" name="testovaniAutobazaru">testovaniAutobazaru</stat>
<stat pass="3" fail="0" skip="0" id="s1-s1" name="robotTests">testovaniAutobazaru.robotTests</stat>
<stat pass="3" fail="0" skip="0" id="s1-s1-s1" name="TS 002 - Administrační část">testovaniAutobazaru.robotTests.TS 002 - Administrační část</stat>
<stat pass="3" fail="0" skip="0" id="s1-s1-s1-s1" name="TS 014 - Testování nastavení autobazaru">testovaniAutobazaru.robotTests.TS 002 - Administrační část.TS 014 - Testování nastavení autobazaru</stat>
<stat pass="3" fail="0" skip="0" id="s1-s1-s1-s1-s1" name="TP 029 - Zrušení textu novinek">testovaniAutobazaru.robotTests.TS 002 - Administrační část.TS 014 - Testování nastavení autobazaru.TP 029 - Zrušení textu novinek</stat>
</suite>
</statistics>
<errors>
</errors>
</robot>
