<?xml version="1.0" encoding="UTF-8"?>
<robot generator="Robot 6.0.2 (Python 3.8.2 on win32)" generated="20230423 10:36:34.378" rpa="false" schemaversion="3">
<suite id="s1" name="testovaniAutobazaru" source="C:\xampp\htdocs\testovaniAutobazaru">
<suite id="s1-s1" name="robotTests" source="C:\xampp\htdocs\testovaniAutobazaru\robotTests">
<suite id="s1-s1-s1" name="TS 001 - Veřejná část" source="C:\xampp\htdocs\testovaniAutobazaru\robotTests\TS_001 - Veřejná část">
<suite id="s1-s1-s1-s1" name="TS 007 - Testování homepage" source="C:\xampp\htdocs\testovaniAutobazaru\robotTests\TS_001 - Veřejná část\TS_007 - Testování homepage">
<suite id="s1-s1-s1-s1-s1" name="TS 008 - Testování odkazů" source="C:\xampp\htdocs\testovaniAutobazaru\robotTests\TS_001 - Veřejná část\TS_007 - Testování homepage\TS_008 - Testování odkazů">
<suite id="s1-s1-s1-s1-s1-s1" name="TP 008 - Test zobrazení vozidla" source="C:\xampp\htdocs\testovaniAutobazaru\robotTests\TS_001 - Veřejná část\TS_007 - Testování homepage\TS_008 - Testování odkazů\TP_008 - Test zobrazení vozidla.robot">
<test id="s1-s1-s1-s1-s1-s1-t1" name="Pre-conditions - Otevři prohlížeč a jdi na stránku" line="6">
<kw name="Open browser and accept danger" library="main-settings-variables-keywords">
<arg>${homeURL}</arg>
<kw name="Open Browser" library="SeleniumLibrary">
<arg>${URL}</arg>
<arg>${google}</arg>
<doc>Opens a new browser instance to the optional ``url``.</doc>
<msg timestamp="20230423 10:36:34.603" level="INFO">Opening browser 'Chrome' to base url 'https://localhost/autobazarDrabek/'.</msg>
<status status="PASS" starttime="20230423 10:36:34.602" endtime="20230423 10:36:36.084"/>
</kw>
<kw name="Maximize Browser Window" library="SeleniumLibrary">
<doc>Maximizes current browser window.</doc>
<status status="PASS" starttime="20230423 10:36:36.084" endtime="20230423 10:36:36.209"/>
</kw>
<kw name="Click Element" library="SeleniumLibrary">
<arg>//*[@id="details-button"]</arg>
<doc>Click the element identified by ``locator``.</doc>
<msg timestamp="20230423 10:36:36.209" level="INFO">Clicking element '//*[@id="details-button"]'.</msg>
<status status="PASS" starttime="20230423 10:36:36.209" endtime="20230423 10:36:36.261"/>
</kw>
<kw name="Wait Until Element Is Visible" library="SeleniumLibrary">
<arg>//*[@id="proceed-link"]</arg>
<doc>Waits until the element ``locator`` is visible.</doc>
<status status="PASS" starttime="20230423 10:36:36.261" endtime="20230423 10:36:36.290"/>
</kw>
<kw name="Click Element" library="SeleniumLibrary">
<arg>//*[@id="proceed-link"]</arg>
<doc>Click the element identified by ``locator``.</doc>
<msg timestamp="20230423 10:36:36.290" level="INFO">Clicking element '//*[@id="proceed-link"]'.</msg>
<status status="PASS" starttime="20230423 10:36:36.290" endtime="20230423 10:36:36.343"/>
</kw>
<kw name="Wait Until Element Is Visible" library="SeleniumLibrary">
<arg>//div[@id="main"]</arg>
<doc>Waits until the element ``locator`` is visible.</doc>
<status status="PASS" starttime="20230423 10:36:36.343" endtime="20230423 10:36:37.270"/>
</kw>
<kw name="Location Should Be" library="SeleniumLibrary">
<arg>${URL}</arg>
<doc>Verifies that the current URL is exactly ``url``.</doc>
<msg timestamp="20230423 10:36:37.276" level="INFO">Current location is 'https://localhost/autobazarDrabek/'.</msg>
<status status="PASS" starttime="20230423 10:36:37.270" endtime="20230423 10:36:37.276"/>
</kw>
<status status="PASS" starttime="20230423 10:36:34.602" endtime="20230423 10:36:37.276"/>
</kw>
<status status="PASS" starttime="20230423 10:36:34.601" endtime="20230423 10:36:37.277"/>
</test>
<test id="s1-s1-s1-s1-s1-s1-t2" name="TP_008 - Test zobrazení vozidla" line="9">
<kw name="Set Focus and Wait" library="main-settings-variables-keywords">
<arg>${selector-section-tips}</arg>
<kw name="Set Focus To Element" library="SeleniumLibrary">
<arg>${selector}</arg>
<doc>Sets the focus to the element identified by ``locator``.</doc>
<status status="PASS" starttime="20230423 10:36:37.283" endtime="20230423 10:36:37.302"/>
</kw>
<kw name="Wait Until Element Is Visible" library="SeleniumLibrary">
<arg>${selector}</arg>
<doc>Waits until the element ``locator`` is visible.</doc>
<status status="PASS" starttime="20230423 10:36:37.304" endtime="20230423 10:36:37.336"/>
</kw>
<kw name="Sleep" library="BuiltIn">
<arg>0.5s</arg>
<doc>Pauses the test executed for the given time.</doc>
<msg timestamp="20230423 10:36:37.840" level="INFO">Slept 500 milliseconds</msg>
<status status="PASS" starttime="20230423 10:36:37.337" endtime="20230423 10:36:37.840"/>
</kw>
<status status="PASS" starttime="20230423 10:36:37.281" endtime="20230423 10:36:37.840"/>
</kw>
<kw name="Set Focus and Wait" library="main-settings-variables-keywords">
<arg>${selector-a-BMW}</arg>
<kw name="Set Focus To Element" library="SeleniumLibrary">
<arg>${selector}</arg>
<doc>Sets the focus to the element identified by ``locator``.</doc>
<status status="PASS" starttime="20230423 10:36:37.842" endtime="20230423 10:36:37.863"/>
</kw>
<kw name="Wait Until Element Is Visible" library="SeleniumLibrary">
<arg>${selector}</arg>
<doc>Waits until the element ``locator`` is visible.</doc>
<status status="PASS" starttime="20230423 10:36:37.863" endtime="20230423 10:36:37.882"/>
</kw>
<kw name="Sleep" library="BuiltIn">
<arg>0.5s</arg>
<doc>Pauses the test executed for the given time.</doc>
<msg timestamp="20230423 10:36:38.385" level="INFO">Slept 500 milliseconds</msg>
<status status="PASS" starttime="20230423 10:36:37.882" endtime="20230423 10:36:38.385"/>
</kw>
<status status="PASS" starttime="20230423 10:36:37.841" endtime="20230423 10:36:38.385"/>
</kw>
<kw name="Wait and click" library="main-settings-variables-keywords">
<arg>${selector-a-BMW}</arg>
<kw name="Wait Until Element Is Visible" library="SeleniumLibrary">
<arg>${selector}</arg>
<doc>Waits until the element ``locator`` is visible.</doc>
<status status="PASS" starttime="20230423 10:36:38.385" endtime="20230423 10:36:38.404"/>
</kw>
<kw name="Click Element" library="SeleniumLibrary">
<arg>${selector}</arg>
<doc>Click the element identified by ``locator``.</doc>
<msg timestamp="20230423 10:36:38.404" level="INFO">Clicking element '//div[.//*[contains(text(),"BMW X4 Xdrive35D 230KWS")]]/ancestor::div[@class="swiper-slide card border-0 rounded-0 swiper-slide-active"]//a[contains(text(),"Více")]'.</msg>
<status status="PASS" starttime="20230423 10:36:38.404" endtime="20230423 10:36:38.666"/>
</kw>
<status status="PASS" starttime="20230423 10:36:38.385" endtime="20230423 10:36:38.666"/>
</kw>
<kw name="Wait Until Location Is" library="SeleniumLibrary">
<arg>${adresa-BMW}</arg>
<doc>Waits until the current URL is ``expected``.</doc>
<status status="PASS" starttime="20230423 10:36:38.667" endtime="20230423 10:36:38.671"/>
</kw>
<kw name="Location Should Be" library="SeleniumLibrary">
<arg>${adresa-BMW}</arg>
<doc>Verifies that the current URL is exactly ``url``.</doc>
<msg timestamp="20230423 10:36:38.676" level="INFO">Current location is 'https://localhost/autobazarDrabek/detail-vozu/1'.</msg>
<status status="PASS" starttime="20230423 10:36:38.672" endtime="20230423 10:36:38.676"/>
</kw>
<status status="PASS" starttime="20230423 10:36:37.280" endtime="20230423 10:36:38.676"/>
</test>
<status status="PASS" starttime="20230423 10:36:34.411" endtime="20230423 10:36:38.678"/>
</suite>
<status status="PASS" starttime="20230423 10:36:34.409" endtime="20230423 10:36:38.680"/>
</suite>
<status status="PASS" starttime="20230423 10:36:34.406" endtime="20230423 10:36:38.684"/>
</suite>
<status status="PASS" starttime="20230423 10:36:34.404" endtime="20230423 10:36:38.686"/>
</suite>
<status status="PASS" starttime="20230423 10:36:34.402" endtime="20230423 10:36:38.688"/>
</suite>
<status status="PASS" starttime="20230423 10:36:34.380" endtime="20230423 10:36:38.690"/>
</suite>
<statistics>
<total>
<stat pass="2" fail="0" skip="0">All Tests</stat>
</total>
<tag>
</tag>
<suite>
<stat pass="2" fail="0" skip="0" id="s1" name="testovaniAutobazaru">testovaniAutobazaru</stat>
<stat pass="2" fail="0" skip="0" id="s1-s1" name="robotTests">testovaniAutobazaru.robotTests</stat>
<stat pass="2" fail="0" skip="0" id="s1-s1-s1" name="TS 001 - Veřejná část">testovaniAutobazaru.robotTests.TS 001 - Veřejná část</stat>
<stat pass="2" fail="0" skip="0" id="s1-s1-s1-s1" name="TS 007 - Testování homepage">testovaniAutobazaru.robotTests.TS 001 - Veřejná část.TS 007 - Testování homepage</stat>
<stat pass="2" fail="0" skip="0" id="s1-s1-s1-s1-s1" name="TS 008 - Testování odkazů">testovaniAutobazaru.robotTests.TS 001 - Veřejná část.TS 007 - Testování homepage.TS 008 - Testování odkazů</stat>
<stat pass="2" fail="0" skip="0" id="s1-s1-s1-s1-s1-s1" name="TP 008 - Test zobrazení vozidla">testovaniAutobazaru.robotTests.TS 001 - Veřejná část.TS 007 - Testování homepage.TS 008 - Testování odkazů.TP 008 - Test zobrazení vozidla</stat>
</suite>
</statistics>
<errors>
</errors>
</robot>
