<?xml version="1.0" encoding="UTF-8"?>
<robot generator="Robot 6.0.2 (Python 3.8.2 on win32)" generated="20230430 21:58:55.637" rpa="false" schemaversion="3">
<suite id="s1" name="testovaniAutobazaru" source="C:\xampp\htdocs\testovaniAutobazaru">
<suite id="s1-s1" name="robotTests" source="C:\xampp\htdocs\testovaniAutobazaru\robotTests">
<suite id="s1-s1-s1" name="TS 002 - Administrační část" source="C:\xampp\htdocs\testovaniAutobazaru\robotTests\TS_002 - Administrační část">
<suite id="s1-s1-s1-s1" name="TS 016 - Testování správy poptávek" source="C:\xampp\htdocs\testovaniAutobazaru\robotTests\TS_002 - Administrační část\TS_016 - Testování správy poptávek">
<suite id="s1-s1-s1-s1-s1" name="TP 041 - Změna stavu více poptávek" source="C:\xampp\htdocs\testovaniAutobazaru\robotTests\TS_002 - Administrační část\TS_016 - Testování správy poptávek\TP_041 - Změna stavu více poptávek.robot">
<test id="s1-s1-s1-s1-s1-t1" name="Pre-conditions - Otevři prohlížeč, přihlaš se a přejdi na stránku" line="5">
<kw name="Open browser Accept danger And Login" library="Variables - TS_002 - Administrační část">
<arg>${adresa-poptavky}</arg>
<kw name="Open browser and accept danger In Login" library="Variables - TS_002 - Administrační část">
<arg>${adresa-signIn}</arg>
<kw name="Open Browser" library="SeleniumLibrary">
<arg>${URL}</arg>
<arg>${google}</arg>
<doc>Opens a new browser instance to the optional ``url``.</doc>
<msg timestamp="20230430 21:58:55.865" level="INFO">Opening browser 'Chrome' to base url 'https://localhost/autobazarDrabek/admin/sign-in'.</msg>
<status status="PASS" starttime="20230430 21:58:55.864" endtime="20230430 21:58:57.299"/>
</kw>
<kw name="Maximize Browser Window" library="SeleniumLibrary">
<doc>Maximizes current browser window.</doc>
<status status="PASS" starttime="20230430 21:58:57.299" endtime="20230430 21:58:57.427"/>
</kw>
<kw name="Click Element" library="SeleniumLibrary">
<arg>//*[@id="details-button"]</arg>
<doc>Click the element identified by ``locator``.</doc>
<msg timestamp="20230430 21:58:57.428" level="INFO">Clicking element '//*[@id="details-button"]'.</msg>
<status status="PASS" starttime="20230430 21:58:57.427" endtime="20230430 21:58:57.476"/>
</kw>
<kw name="Wait Until Element Is Visible" library="SeleniumLibrary">
<arg>//*[@id="proceed-link"]</arg>
<doc>Waits until the element ``locator`` is visible.</doc>
<status status="PASS" starttime="20230430 21:58:57.477" endtime="20230430 21:58:57.509"/>
</kw>
<kw name="Click Element" library="SeleniumLibrary">
<arg>//*[@id="proceed-link"]</arg>
<doc>Click the element identified by ``locator``.</doc>
<msg timestamp="20230430 21:58:57.511" level="INFO">Clicking element '//*[@id="proceed-link"]'.</msg>
<status status="PASS" starttime="20230430 21:58:57.511" endtime="20230430 21:58:57.563"/>
</kw>
<kw name="Wait Until Element Is Visible" library="SeleniumLibrary">
<arg>//form[@id='frm-signInForm']</arg>
<doc>Waits until the element ``locator`` is visible.</doc>
<status status="PASS" starttime="20230430 21:58:57.564" endtime="20230430 21:58:58.342"/>
</kw>
<kw name="Location Should Be" library="SeleniumLibrary">
<arg>${URL}</arg>
<doc>Verifies that the current URL is exactly ``url``.</doc>
<msg timestamp="20230430 21:58:58.347" level="INFO">Current location is 'https://localhost/autobazarDrabek/admin/sign-in'.</msg>
<status status="PASS" starttime="20230430 21:58:58.342" endtime="20230430 21:58:58.347"/>
</kw>
<status status="PASS" starttime="20230430 21:58:55.864" endtime="20230430 21:58:58.347"/>
</kw>
<kw name="Login To System" library="Variables - TS_002 - Administrační část">
<kw name="Login To System With Data" library="Variables - TS_002 - Administrační část">
<arg>${data-login-email}</arg>
<arg>${data-login-password}</arg>
<kw name="Set Focus and Wait" library="main-settings-variables-keywords">
<arg>${selector-input-login-email}</arg>
<kw name="Set Focus To Element" library="SeleniumLibrary">
<arg>${selector}</arg>
<doc>Sets the focus to the element identified by ``locator``.</doc>
<status status="PASS" starttime="20230430 21:58:58.348" endtime="20230430 21:58:58.366"/>
</kw>
<kw name="Wait Until Element Is Visible" library="SeleniumLibrary">
<arg>${selector}</arg>
<doc>Waits until the element ``locator`` is visible.</doc>
<status status="PASS" starttime="20230430 21:58:58.366" endtime="20230430 21:58:58.389"/>
</kw>
<kw name="Sleep" library="BuiltIn">
<arg>0.7s</arg>
<doc>Pauses the test executed for the given time.</doc>
<msg timestamp="20230430 21:58:59.099" level="INFO">Slept 700 milliseconds</msg>
<status status="PASS" starttime="20230430 21:58:58.389" endtime="20230430 21:58:59.099"/>
</kw>
<status status="PASS" starttime="20230430 21:58:58.348" endtime="20230430 21:58:59.099"/>
</kw>
<kw name="Check and input text" library="main-settings-variables-keywords">
<arg>${selector-input-login-email}</arg>
<arg>${email}</arg>
<kw name="Wait Until Element Is Visible" library="SeleniumLibrary">
<arg>${selector}</arg>
<doc>Waits until the element ``locator`` is visible.</doc>
<status status="PASS" starttime="20230430 21:58:59.099" endtime="20230430 21:58:59.116"/>
</kw>
<kw name="Input Text" library="SeleniumLibrary">
<arg>${selector}</arg>
<arg>${text}</arg>
<doc>Types the given ``text`` into the text field identified by ``locator``.</doc>
<msg timestamp="20230430 21:58:59.116" level="INFO">Typing text 'leonhol@seznam.cz' into text field '//input[@id='frm-signInForm-email']'.</msg>
<status status="PASS" starttime="20230430 21:58:59.116" endtime="20230430 21:58:59.194"/>
</kw>
<kw name="Textfield Should Contain" library="SeleniumLibrary">
<arg>${selector}</arg>
<arg>${text}</arg>
<doc>Verifies text field ``locator`` contains text ``expected``.</doc>
<msg timestamp="20230430 21:58:59.227" level="INFO">Text field '//input[@id='frm-signInForm-email']' contains text 'leonhol@seznam.cz'.</msg>
<status status="PASS" starttime="20230430 21:58:59.194" endtime="20230430 21:58:59.227"/>
</kw>
<status status="PASS" starttime="20230430 21:58:59.099" endtime="20230430 21:58:59.227"/>
</kw>
<kw name="Set Focus and Wait" library="main-settings-variables-keywords">
<arg>${selector-input-login-password}</arg>
<kw name="Set Focus To Element" library="SeleniumLibrary">
<arg>${selector}</arg>
<doc>Sets the focus to the element identified by ``locator``.</doc>
<status status="PASS" starttime="20230430 21:58:59.227" endtime="20230430 21:58:59.246"/>
</kw>
<kw name="Wait Until Element Is Visible" library="SeleniumLibrary">
<arg>${selector}</arg>
<doc>Waits until the element ``locator`` is visible.</doc>
<status status="PASS" starttime="20230430 21:58:59.246" endtime="20230430 21:58:59.265"/>
</kw>
<kw name="Sleep" library="BuiltIn">
<arg>0.7s</arg>
<doc>Pauses the test executed for the given time.</doc>
<msg timestamp="20230430 21:58:59.967" level="INFO">Slept 700 milliseconds</msg>
<status status="PASS" starttime="20230430 21:58:59.265" endtime="20230430 21:58:59.967"/>
</kw>
<status status="PASS" starttime="20230430 21:58:59.227" endtime="20230430 21:58:59.967"/>
</kw>
<kw name="Check and input text" library="main-settings-variables-keywords">
<arg>${selector-input-login-password}</arg>
<arg>${password}</arg>
<kw name="Wait Until Element Is Visible" library="SeleniumLibrary">
<arg>${selector}</arg>
<doc>Waits until the element ``locator`` is visible.</doc>
<status status="PASS" starttime="20230430 21:58:59.968" endtime="20230430 21:58:59.985"/>
</kw>
<kw name="Input Text" library="SeleniumLibrary">
<arg>${selector}</arg>
<arg>${text}</arg>
<doc>Types the given ``text`` into the text field identified by ``locator``.</doc>
<msg timestamp="20230430 21:58:59.987" level="INFO">Typing text '1234567890a' into text field '//input[@id='frm-signInForm-password']'.</msg>
<status status="PASS" starttime="20230430 21:58:59.985" endtime="20230430 21:59:00.068"/>
</kw>
<kw name="Textfield Should Contain" library="SeleniumLibrary">
<arg>${selector}</arg>
<arg>${text}</arg>
<doc>Verifies text field ``locator`` contains text ``expected``.</doc>
<msg timestamp="20230430 21:59:00.098" level="INFO">Text field '//input[@id='frm-signInForm-password']' contains text '1234567890a'.</msg>
<status status="PASS" starttime="20230430 21:59:00.068" endtime="20230430 21:59:00.098"/>
</kw>
<status status="PASS" starttime="20230430 21:58:59.967" endtime="20230430 21:59:00.098"/>
</kw>
<kw name="Wait and click" library="main-settings-variables-keywords">
<arg>${selector-input-login-submit}</arg>
<kw name="Wait Until Element Is Visible" library="SeleniumLibrary">
<arg>${selector}</arg>
<doc>Waits until the element ``locator`` is visible.</doc>
<status status="PASS" starttime="20230430 21:59:00.100" endtime="20230430 21:59:00.118"/>
</kw>
<kw name="Click Element" library="SeleniumLibrary">
<arg>${selector}</arg>
<doc>Click the element identified by ``locator``.</doc>
<msg timestamp="20230430 21:59:00.119" level="INFO">Clicking element '//input[@name='_submit']'.</msg>
<status status="PASS" starttime="20230430 21:59:00.118" endtime="20230430 21:59:00.794"/>
</kw>
<status status="PASS" starttime="20230430 21:59:00.098" endtime="20230430 21:59:00.794"/>
</kw>
<status status="PASS" starttime="20230430 21:58:58.348" endtime="20230430 21:59:00.795"/>
</kw>
<kw name="Wait Until Location Is" library="SeleniumLibrary">
<arg>${adresa-dahsboard}</arg>
<doc>Waits until the current URL is ``expected``.</doc>
<status status="PASS" starttime="20230430 21:59:00.795" endtime="20230430 21:59:00.801"/>
</kw>
<kw name="Location Should Be" library="SeleniumLibrary">
<arg>${adresa-dahsboard}</arg>
<doc>Verifies that the current URL is exactly ``url``.</doc>
<msg timestamp="20230430 21:59:00.806" level="INFO">Current location is 'https://localhost/autobazarDrabek/Dashboard'.</msg>
<status status="PASS" starttime="20230430 21:59:00.801" endtime="20230430 21:59:00.806"/>
</kw>
<status status="PASS" starttime="20230430 21:58:58.347" endtime="20230430 21:59:00.806"/>
</kw>
<kw name="Go To" library="SeleniumLibrary">
<arg>${URL}</arg>
<doc>Navigates the current browser window to the provided ``url``.</doc>
<msg timestamp="20230430 21:59:00.806" level="INFO">Opening url 'https://localhost/autobazarDrabek/Cars/Requests'</msg>
<status status="PASS" starttime="20230430 21:59:00.806" endtime="20230430 21:59:01.193"/>
</kw>
<status status="PASS" starttime="20230430 21:58:55.864" endtime="20230430 21:59:01.194"/>
</kw>
<status status="PASS" starttime="20230430 21:58:55.863" endtime="20230430 21:59:01.194"/>
</test>
<test id="s1-s1-s1-s1-s1-t2" name="TP_041 - Změna stavu více poptávek" line="8">
<kw name="Get Text" library="SeleniumLibrary">
<var>${count-poptavky}</var>
<arg>${select-span-requestsCount}</arg>
<doc>Returns the text value of the element identified by ``locator``.</doc>
<msg timestamp="20230430 21:59:01.222" level="INFO">${count-poptavky} = 11</msg>
<status status="PASS" starttime="20230430 21:59:01.197" endtime="20230430 21:59:01.222"/>
</kw>
<kw name="Set Focus and Wait" library="main-settings-variables-keywords">
<arg>${selector-input-checkbox-114}</arg>
<kw name="Set Focus To Element" library="SeleniumLibrary">
<arg>${selector}</arg>
<doc>Sets the focus to the element identified by ``locator``.</doc>
<status status="PASS" starttime="20230430 21:59:01.223" endtime="20230430 21:59:01.243"/>
</kw>
<kw name="Wait Until Element Is Visible" library="SeleniumLibrary">
<arg>${selector}</arg>
<doc>Waits until the element ``locator`` is visible.</doc>
<status status="PASS" starttime="20230430 21:59:01.244" endtime="20230430 21:59:01.264"/>
</kw>
<kw name="Sleep" library="BuiltIn">
<arg>0.7s</arg>
<doc>Pauses the test executed for the given time.</doc>
<msg timestamp="20230430 21:59:01.976" level="INFO">Slept 700 milliseconds</msg>
<status status="PASS" starttime="20230430 21:59:01.264" endtime="20230430 21:59:01.976"/>
</kw>
<status status="PASS" starttime="20230430 21:59:01.222" endtime="20230430 21:59:01.976"/>
</kw>
<kw name="Wait and click" library="main-settings-variables-keywords">
<arg>${selector-input-checkbox-114}</arg>
<kw name="Wait Until Element Is Visible" library="SeleniumLibrary">
<arg>${selector}</arg>
<doc>Waits until the element ``locator`` is visible.</doc>
<status status="PASS" starttime="20230430 21:59:01.977" endtime="20230430 21:59:01.994"/>
</kw>
<kw name="Click Element" library="SeleniumLibrary">
<arg>${selector}</arg>
<doc>Click the element identified by ``locator``.</doc>
<msg timestamp="20230430 21:59:01.995" level="INFO">Clicking element '//tr[@id="snippet-carRequestsGrid-item-114"]//input[@type="checkbox"]'.</msg>
<status status="PASS" starttime="20230430 21:59:01.995" endtime="20230430 21:59:02.043"/>
</kw>
<status status="PASS" starttime="20230430 21:59:01.977" endtime="20230430 21:59:02.043"/>
</kw>
<kw name="Set Focus and Wait" library="main-settings-variables-keywords">
<arg>${selector-input-checkbox-101}</arg>
<kw name="Set Focus To Element" library="SeleniumLibrary">
<arg>${selector}</arg>
<doc>Sets the focus to the element identified by ``locator``.</doc>
<status status="PASS" starttime="20230430 21:59:02.044" endtime="20230430 21:59:02.061"/>
</kw>
<kw name="Wait Until Element Is Visible" library="SeleniumLibrary">
<arg>${selector}</arg>
<doc>Waits until the element ``locator`` is visible.</doc>
<status status="PASS" starttime="20230430 21:59:02.062" endtime="20230430 21:59:02.077"/>
</kw>
<kw name="Sleep" library="BuiltIn">
<arg>0.7s</arg>
<doc>Pauses the test executed for the given time.</doc>
<msg timestamp="20230430 21:59:02.788" level="INFO">Slept 700 milliseconds</msg>
<status status="PASS" starttime="20230430 21:59:02.077" endtime="20230430 21:59:02.788"/>
</kw>
<status status="PASS" starttime="20230430 21:59:02.044" endtime="20230430 21:59:02.788"/>
</kw>
<kw name="Wait and click" library="main-settings-variables-keywords">
<arg>${selector-input-checkbox-101}</arg>
<kw name="Wait Until Element Is Visible" library="SeleniumLibrary">
<arg>${selector}</arg>
<doc>Waits until the element ``locator`` is visible.</doc>
<status status="PASS" starttime="20230430 21:59:02.789" endtime="20230430 21:59:02.804"/>
</kw>
<kw name="Click Element" library="SeleniumLibrary">
<arg>${selector}</arg>
<doc>Click the element identified by ``locator``.</doc>
<msg timestamp="20230430 21:59:02.805" level="INFO">Clicking element '//tr[@id="snippet-carRequestsGrid-item-101"]//input[@type="checkbox"]'.</msg>
<status status="PASS" starttime="20230430 21:59:02.804" endtime="20230430 21:59:02.852"/>
</kw>
<status status="PASS" starttime="20230430 21:59:02.789" endtime="20230430 21:59:02.852"/>
</kw>
<kw name="Set Focus and Wait" library="main-settings-variables-keywords">
<arg>${selector-input-checkbox-102}</arg>
<kw name="Set Focus To Element" library="SeleniumLibrary">
<arg>${selector}</arg>
<doc>Sets the focus to the element identified by ``locator``.</doc>
<status status="PASS" starttime="20230430 21:59:02.853" endtime="20230430 21:59:02.869"/>
</kw>
<kw name="Wait Until Element Is Visible" library="SeleniumLibrary">
<arg>${selector}</arg>
<doc>Waits until the element ``locator`` is visible.</doc>
<status status="PASS" starttime="20230430 21:59:02.869" endtime="20230430 21:59:02.887"/>
</kw>
<kw name="Sleep" library="BuiltIn">
<arg>0.7s</arg>
<doc>Pauses the test executed for the given time.</doc>
<msg timestamp="20230430 21:59:03.599" level="INFO">Slept 700 milliseconds</msg>
<status status="PASS" starttime="20230430 21:59:02.887" endtime="20230430 21:59:03.599"/>
</kw>
<status status="PASS" starttime="20230430 21:59:02.852" endtime="20230430 21:59:03.599"/>
</kw>
<kw name="Wait and click" library="main-settings-variables-keywords">
<arg>${selector-input-checkbox-102}</arg>
<kw name="Wait Until Element Is Visible" library="SeleniumLibrary">
<arg>${selector}</arg>
<doc>Waits until the element ``locator`` is visible.</doc>
<status status="PASS" starttime="20230430 21:59:03.600" endtime="20230430 21:59:03.617"/>
</kw>
<kw name="Click Element" library="SeleniumLibrary">
<arg>${selector}</arg>
<doc>Click the element identified by ``locator``.</doc>
<msg timestamp="20230430 21:59:03.618" level="INFO">Clicking element '//tr[@id="snippet-carRequestsGrid-item-102"]//input[@type="checkbox"]'.</msg>
<status status="PASS" starttime="20230430 21:59:03.617" endtime="20230430 21:59:03.662"/>
</kw>
<status status="PASS" starttime="20230430 21:59:03.600" endtime="20230430 21:59:03.663"/>
</kw>
<kw name="Select From List By Label" library="SeleniumLibrary">
<arg>${selector-select-actions}</arg>
<arg>${data-action}</arg>
<doc>Selects options from selection list ``locator`` by ``labels``.</doc>
<msg timestamp="20230430 21:59:03.664" level="INFO">Selecting options from selection list '//select[@id='frm-carRequestsGrid-filter-group_action-group_action']' by label Přijmout.</msg>
<status status="PASS" starttime="20230430 21:59:03.663" endtime="20230430 21:59:03.741"/>
</kw>
<kw name="List Selection Should Be" library="SeleniumLibrary">
<arg>${selector-select-actions}</arg>
<arg>${data-action}</arg>
<doc>Verifies selection list ``locator`` has ``expected`` options selected.</doc>
<msg timestamp="20230430 21:59:03.743" level="INFO">Verifying list '//select[@id='frm-carRequestsGrid-filter-group_action-group_action']' has option [ Přijmout ] selected.</msg>
<msg timestamp="20230430 21:59:03.759" level="INFO">Current page contains list '//select[@id='frm-carRequestsGrid-filter-group_action-group_action']'.</msg>
<status status="PASS" starttime="20230430 21:59:03.742" endtime="20230430 21:59:03.858"/>
</kw>
<kw name="Convert To Integer" library="BuiltIn">
<var>${count-poptavky}</var>
<arg>${count-poptavky}</arg>
<doc>Converts the given item to an integer number.</doc>
<msg timestamp="20230430 21:59:03.859" level="INFO">${count-poptavky} = 11</msg>
<status status="PASS" starttime="20230430 21:59:03.858" endtime="20230430 21:59:03.859"/>
</kw>
<kw name="Evaluate" library="BuiltIn">
<var>${count-poptavky}</var>
<arg>${count-poptavky} - 3</arg>
<doc>Evaluates the given expression in Python and returns the result.</doc>
<msg timestamp="20230430 21:59:03.860" level="INFO">${count-poptavky} = 8</msg>
<status status="PASS" starttime="20230430 21:59:03.860" endtime="20230430 21:59:03.860"/>
</kw>
<kw name="Wait and click" library="main-settings-variables-keywords">
<arg>${selector-submit-action}</arg>
<kw name="Wait Until Element Is Visible" library="SeleniumLibrary">
<arg>${selector}</arg>
<doc>Waits until the element ``locator`` is visible.</doc>
<status status="PASS" starttime="20230430 21:59:03.861" endtime="20230430 21:59:03.883"/>
</kw>
<kw name="Click Element" library="SeleniumLibrary">
<arg>${selector}</arg>
<doc>Click the element identified by ``locator``.</doc>
<msg timestamp="20230430 21:59:03.884" level="INFO">Clicking element '//input[@id='carrequestsgridgroup_action_submit']'.</msg>
<status status="PASS" starttime="20230430 21:59:03.884" endtime="20230430 21:59:03.933"/>
</kw>
<status status="PASS" starttime="20230430 21:59:03.861" endtime="20230430 21:59:03.934"/>
</kw>
<kw name="Sleep" library="BuiltIn">
<arg>1s</arg>
<doc>Pauses the test executed for the given time.</doc>
<msg timestamp="20230430 21:59:04.939" level="INFO">Slept 1 second</msg>
<status status="PASS" starttime="20230430 21:59:03.934" endtime="20230430 21:59:04.939"/>
</kw>
<kw name="Get Text" library="SeleniumLibrary">
<var>${count-newPoptavky}</var>
<arg>${select-span-requestsCount}</arg>
<doc>Returns the text value of the element identified by ``locator``.</doc>
<msg timestamp="20230430 21:59:04.954" level="INFO">${count-newPoptavky} = 8</msg>
<status status="PASS" starttime="20230430 21:59:04.940" endtime="20230430 21:59:04.954"/>
</kw>
<kw name="Should Be Equal As Integers" library="BuiltIn">
<arg>${count-newPoptavky}</arg>
<arg>${count-poptavky}</arg>
<doc>Fails if objects are unequal after converting them to integers.</doc>
<msg timestamp="20230430 21:59:04.957" level="INFO">Argument types are:
&lt;class 'str'&gt;
&lt;class 'int'&gt;</msg>
<status status="PASS" starttime="20230430 21:59:04.956" endtime="20230430 21:59:04.957"/>
</kw>
<status status="PASS" starttime="20230430 21:59:01.196" endtime="20230430 21:59:04.958"/>
</test>
<test id="s1-s1-s1-s1-s1-t3" name="Post-conditions - Odhlaš uživatele a zavři prohlížeč" line="25">
<kw name="Log Out And Close Window" library="Variables - TS_002 - Administrační část">
<kw name="Go To" library="SeleniumLibrary">
<arg>${adresa-dahsboard}</arg>
<doc>Navigates the current browser window to the provided ``url``.</doc>
<msg timestamp="20230430 21:59:04.961" level="INFO">Opening url 'https://localhost/autobazarDrabek/Dashboard'</msg>
<status status="PASS" starttime="20230430 21:59:04.961" endtime="20230430 21:59:05.145"/>
</kw>
<kw name="Wait and click" library="main-settings-variables-keywords">
<arg>${selector-a-logoutInDashboard}</arg>
<kw name="Wait Until Element Is Visible" library="SeleniumLibrary">
<arg>${selector}</arg>
<doc>Waits until the element ``locator`` is visible.</doc>
<status status="PASS" starttime="20230430 21:59:05.146" endtime="20230430 21:59:05.168"/>
</kw>
<kw name="Click Element" library="SeleniumLibrary">
<arg>${selector}</arg>
<doc>Click the element identified by ``locator``.</doc>
<msg timestamp="20230430 21:59:05.168" level="INFO">Clicking element '//div[@id="main"]//a[@href="/autobazarDrabek/Odhlásit se"]'.</msg>
<status status="PASS" starttime="20230430 21:59:05.168" endtime="20230430 21:59:05.419"/>
</kw>
<status status="PASS" starttime="20230430 21:59:05.146" endtime="20230430 21:59:05.419"/>
</kw>
<kw name="Close Window" library="SeleniumLibrary">
<doc>Closes currently opened and selected browser window/tab.</doc>
<status status="PASS" starttime="20230430 21:59:05.419" endtime="20230430 21:59:05.486"/>
</kw>
<status status="PASS" starttime="20230430 21:59:04.961" endtime="20230430 21:59:05.486"/>
</kw>
<status status="PASS" starttime="20230430 21:59:04.960" endtime="20230430 21:59:05.488"/>
</test>
<status status="PASS" starttime="20230430 21:58:55.668" endtime="20230430 21:59:05.490"/>
</suite>
<status status="PASS" starttime="20230430 21:58:55.666" endtime="20230430 21:59:05.495"/>
</suite>
<status status="PASS" starttime="20230430 21:58:55.663" endtime="20230430 21:59:05.499"/>
</suite>
<status status="PASS" starttime="20230430 21:58:55.662" endtime="20230430 21:59:05.504"/>
</suite>
<status status="PASS" starttime="20230430 21:58:55.639" endtime="20230430 21:59:05.507"/>
</suite>
<statistics>
<total>
<stat pass="3" fail="0" skip="0">All Tests</stat>
</total>
<tag>
</tag>
<suite>
<stat pass="3" fail="0" skip="0" id="s1" name="testovaniAutobazaru">testovaniAutobazaru</stat>
<stat pass="3" fail="0" skip="0" id="s1-s1" name="robotTests">testovaniAutobazaru.robotTests</stat>
<stat pass="3" fail="0" skip="0" id="s1-s1-s1" name="TS 002 - Administrační část">testovaniAutobazaru.robotTests.TS 002 - Administrační část</stat>
<stat pass="3" fail="0" skip="0" id="s1-s1-s1-s1" name="TS 016 - Testování správy poptávek">testovaniAutobazaru.robotTests.TS 002 - Administrační část.TS 016 - Testování správy poptávek</stat>
<stat pass="3" fail="0" skip="0" id="s1-s1-s1-s1-s1" name="TP 041 - Změna stavu více poptávek">testovaniAutobazaru.robotTests.TS 002 - Administrační část.TS 016 - Testování správy poptávek.TP 041 - Změna stavu více poptávek</stat>
</suite>
</statistics>
<errors>
</errors>
</robot>
