<?xml version="1.0" encoding="UTF-8"?>
<robot generator="Robot 6.0.2 (Python 3.8.2 on win32)" generated="20230425 09:45:54.813" rpa="false" schemaversion="3">
<suite id="s1" name="testovaniAutobazaru" source="C:\xampp\htdocs\testovaniAutobazaru">
<suite id="s1-s1" name="robotTests" source="C:\xampp\htdocs\testovaniAutobazaru\robotTests">
<suite id="s1-s1-s1" name="TS 001 - Veřejná část" source="C:\xampp\htdocs\testovaniAutobazaru\robotTests\TS_001 - Veřejná část">
<suite id="s1-s1-s1-s1" name="TS 013 - Testování tvorby poptávky na vozidlo" source="C:\xampp\htdocs\testovaniAutobazaru\robotTests\TS_001 - Veřejná část\TS_013 - Testování tvorby poptávky na vozidlo">
<suite id="s1-s1-s1-s1-s1" name="TP 028 - Tvorba nevyplněné poptávky" source="C:\xampp\htdocs\testovaniAutobazaru\robotTests\TS_001 - Veřejná část\TS_013 - Testování tvorby poptávky na vozidlo\TP_028 - Tvorba nevyplněné poptávky.robot">
<test id="s1-s1-s1-s1-s1-t1" name="Pre-conditions - Otevři prohlížeč a jdi na stránku" line="6">
<kw name="Open browser and accept danger" library="main-settings-variables-keywords">
<arg>${homeURL}${adresaTvorbyPoptavky}</arg>
<kw name="Open Browser" library="SeleniumLibrary">
<arg>${URL}</arg>
<arg>${google}</arg>
<doc>Opens a new browser instance to the optional ``url``.</doc>
<msg timestamp="20230425 09:45:55.080" level="INFO">Opening browser 'Chrome' to base url 'https://localhost/autobazarDrabek/detail-vozu/32'.</msg>
<status status="PASS" starttime="20230425 09:45:55.080" endtime="20230425 09:45:56.719"/>
</kw>
<kw name="Maximize Browser Window" library="SeleniumLibrary">
<doc>Maximizes current browser window.</doc>
<status status="PASS" starttime="20230425 09:45:56.719" endtime="20230425 09:45:56.849"/>
</kw>
<kw name="Click Element" library="SeleniumLibrary">
<arg>//*[@id="details-button"]</arg>
<doc>Click the element identified by ``locator``.</doc>
<msg timestamp="20230425 09:45:56.850" level="INFO">Clicking element '//*[@id="details-button"]'.</msg>
<status status="PASS" starttime="20230425 09:45:56.849" endtime="20230425 09:45:56.936"/>
</kw>
<kw name="Wait Until Element Is Visible" library="SeleniumLibrary">
<arg>//*[@id="proceed-link"]</arg>
<doc>Waits until the element ``locator`` is visible.</doc>
<status status="PASS" starttime="20230425 09:45:56.938" endtime="20230425 09:45:56.974"/>
</kw>
<kw name="Click Element" library="SeleniumLibrary">
<arg>//*[@id="proceed-link"]</arg>
<doc>Click the element identified by ``locator``.</doc>
<msg timestamp="20230425 09:45:56.976" level="INFO">Clicking element '//*[@id="proceed-link"]'.</msg>
<status status="PASS" starttime="20230425 09:45:56.975" endtime="20230425 09:45:57.037"/>
</kw>
<kw name="Wait Until Element Is Visible" library="SeleniumLibrary">
<arg>//div[@id="main"]</arg>
<doc>Waits until the element ``locator`` is visible.</doc>
<status status="PASS" starttime="20230425 09:45:57.037" endtime="20230425 09:45:58.184"/>
</kw>
<kw name="Location Should Be" library="SeleniumLibrary">
<arg>${URL}</arg>
<doc>Verifies that the current URL is exactly ``url``.</doc>
<msg timestamp="20230425 09:45:58.189" level="INFO">Current location is 'https://localhost/autobazarDrabek/detail-vozu/32'.</msg>
<status status="PASS" starttime="20230425 09:45:58.184" endtime="20230425 09:45:58.189"/>
</kw>
<status status="PASS" starttime="20230425 09:45:55.079" endtime="20230425 09:45:58.189"/>
</kw>
<status status="PASS" starttime="20230425 09:45:55.078" endtime="20230425 09:45:58.190"/>
</test>
<test id="s1-s1-s1-s1-s1-t2" name="TP_028 - Tvorba nevyplněné poptávky" line="9">
<kw name="Wait and click" library="main-settings-variables-keywords">
<arg>${selector-button-poptavka}</arg>
<kw name="Wait Until Element Is Visible" library="SeleniumLibrary">
<arg>${selector}</arg>
<doc>Waits until the element ``locator`` is visible.</doc>
<status status="PASS" starttime="20230425 09:45:58.193" endtime="20230425 09:45:58.221"/>
</kw>
<kw name="Click Element" library="SeleniumLibrary">
<arg>${selector}</arg>
<doc>Click the element identified by ``locator``.</doc>
<msg timestamp="20230425 09:45:58.222" level="INFO">Clicking element '//button[contains(span, 'Nezávazná poptávka')]'.</msg>
<status status="PASS" starttime="20230425 09:45:58.221" endtime="20230425 09:45:58.280"/>
</kw>
<status status="PASS" starttime="20230425 09:45:58.192" endtime="20230425 09:45:58.280"/>
</kw>
<kw name="Wait Until Element Is Visible" library="SeleniumLibrary">
<arg>${selector-modal}</arg>
<doc>Waits until the element ``locator`` is visible.</doc>
<status status="PASS" starttime="20230425 09:45:58.290" endtime="20230425 09:45:58.551"/>
</kw>
<kw name="Wait and click" library="main-settings-variables-keywords">
<arg>${selector-button-send}</arg>
<kw name="Wait Until Element Is Visible" library="SeleniumLibrary">
<arg>${selector}</arg>
<doc>Waits until the element ``locator`` is visible.</doc>
<status status="PASS" starttime="20230425 09:45:58.552" endtime="20230425 09:45:58.576"/>
</kw>
<kw name="Click Element" library="SeleniumLibrary">
<arg>${selector}</arg>
<doc>Click the element identified by ``locator``.</doc>
<msg timestamp="20230425 09:45:58.576" level="INFO">Clicking element '//input[@name='send']'.</msg>
<status status="PASS" starttime="20230425 09:45:58.576" endtime="20230425 09:45:58.643"/>
</kw>
<status status="PASS" starttime="20230425 09:45:58.552" endtime="20230425 09:45:58.644"/>
</kw>
<kw name="Element should be visible and contain" library="main-settings-variables-keywords">
<arg>${selector-error-name}</arg>
<arg>${message-error}</arg>
<kw name="Element Should Be Visible" library="SeleniumLibrary">
<arg>${selector}</arg>
<doc>Verifies that the element identified by ``locator`` is visible.</doc>
<msg timestamp="20230425 09:45:58.674" level="INFO">Element '//span[@id='frm-carRequestForm-name_message']' is displayed.</msg>
<status status="PASS" starttime="20230425 09:45:58.645" endtime="20230425 09:45:58.675"/>
</kw>
<kw name="Check If Text Is Equal Without Non-Breakable Spaces" library="main-settings-variables-keywords">
<arg>${selector}</arg>
<arg>${text}</arg>
<kw name="Get Text" library="SeleniumLibrary">
<var>${element_text}</var>
<arg>${selector}</arg>
<doc>Returns the text value of the element identified by ``locator``.</doc>
<msg timestamp="20230425 09:45:58.704" level="INFO">${element_text} =   Toto pole je povinné.</msg>
<status status="PASS" starttime="20230425 09:45:58.676" endtime="20230425 09:45:58.704"/>
</kw>
<kw name="Set Variable" library="BuiltIn">
<var>${element_text}</var>
<arg>${element_text.replace(' ', '')}</arg>
<doc>Returns the given values which can then be assigned to a variables.</doc>
<msg timestamp="20230425 09:45:58.706" level="INFO">${element_text} = Totopolejepovinné.</msg>
<status status="PASS" starttime="20230425 09:45:58.704" endtime="20230425 09:45:58.706"/>
</kw>
<kw name="Should Be Equal" library="BuiltIn">
<arg>${element_text}</arg>
<arg>${text.replace(' ', '')}</arg>
<doc>Fails if the given objects are unequal.</doc>
<status status="PASS" starttime="20230425 09:45:58.707" endtime="20230425 09:45:58.708"/>
</kw>
<status status="PASS" starttime="20230425 09:45:58.675" endtime="20230425 09:45:58.708"/>
</kw>
<status status="PASS" starttime="20230425 09:45:58.644" endtime="20230425 09:45:58.708"/>
</kw>
<kw name="Element should be visible and contain" library="main-settings-variables-keywords">
<arg>${selector-error-surname}</arg>
<arg>${message-error}</arg>
<kw name="Element Should Be Visible" library="SeleniumLibrary">
<arg>${selector}</arg>
<doc>Verifies that the element identified by ``locator`` is visible.</doc>
<msg timestamp="20230425 09:45:58.737" level="INFO">Element '//span[@id='frm-carRequestForm-surname_message']' is displayed.</msg>
<status status="PASS" starttime="20230425 09:45:58.710" endtime="20230425 09:45:58.737"/>
</kw>
<kw name="Check If Text Is Equal Without Non-Breakable Spaces" library="main-settings-variables-keywords">
<arg>${selector}</arg>
<arg>${text}</arg>
<kw name="Get Text" library="SeleniumLibrary">
<var>${element_text}</var>
<arg>${selector}</arg>
<doc>Returns the text value of the element identified by ``locator``.</doc>
<msg timestamp="20230425 09:45:58.783" level="INFO">${element_text} =   Toto pole je povinné.</msg>
<status status="PASS" starttime="20230425 09:45:58.738" endtime="20230425 09:45:58.783"/>
</kw>
<kw name="Set Variable" library="BuiltIn">
<var>${element_text}</var>
<arg>${element_text.replace(' ', '')}</arg>
<doc>Returns the given values which can then be assigned to a variables.</doc>
<msg timestamp="20230425 09:45:58.784" level="INFO">${element_text} = Totopolejepovinné.</msg>
<status status="PASS" starttime="20230425 09:45:58.783" endtime="20230425 09:45:58.784"/>
</kw>
<kw name="Should Be Equal" library="BuiltIn">
<arg>${element_text}</arg>
<arg>${text.replace(' ', '')}</arg>
<doc>Fails if the given objects are unequal.</doc>
<status status="PASS" starttime="20230425 09:45:58.785" endtime="20230425 09:45:58.786"/>
</kw>
<status status="PASS" starttime="20230425 09:45:58.738" endtime="20230425 09:45:58.786"/>
</kw>
<status status="PASS" starttime="20230425 09:45:58.709" endtime="20230425 09:45:58.786"/>
</kw>
<kw name="Element should be visible and contain" library="main-settings-variables-keywords">
<arg>${selector-error-email}</arg>
<arg>${message-error}</arg>
<kw name="Element Should Be Visible" library="SeleniumLibrary">
<arg>${selector}</arg>
<doc>Verifies that the element identified by ``locator`` is visible.</doc>
<msg timestamp="20230425 09:45:58.811" level="INFO">Element '//span[@id='frm-carRequestForm-email_message']' is displayed.</msg>
<status status="PASS" starttime="20230425 09:45:58.787" endtime="20230425 09:45:58.811"/>
</kw>
<kw name="Check If Text Is Equal Without Non-Breakable Spaces" library="main-settings-variables-keywords">
<arg>${selector}</arg>
<arg>${text}</arg>
<kw name="Get Text" library="SeleniumLibrary">
<var>${element_text}</var>
<arg>${selector}</arg>
<doc>Returns the text value of the element identified by ``locator``.</doc>
<msg timestamp="20230425 09:45:58.836" level="INFO">${element_text} =   Toto pole je povinné.</msg>
<status status="PASS" starttime="20230425 09:45:58.812" endtime="20230425 09:45:58.836"/>
</kw>
<kw name="Set Variable" library="BuiltIn">
<var>${element_text}</var>
<arg>${element_text.replace(' ', '')}</arg>
<doc>Returns the given values which can then be assigned to a variables.</doc>
<msg timestamp="20230425 09:45:58.838" level="INFO">${element_text} = Totopolejepovinné.</msg>
<status status="PASS" starttime="20230425 09:45:58.836" endtime="20230425 09:45:58.838"/>
</kw>
<kw name="Should Be Equal" library="BuiltIn">
<arg>${element_text}</arg>
<arg>${text.replace(' ', '')}</arg>
<doc>Fails if the given objects are unequal.</doc>
<status status="PASS" starttime="20230425 09:45:58.838" endtime="20230425 09:45:58.839"/>
</kw>
<status status="PASS" starttime="20230425 09:45:58.811" endtime="20230425 09:45:58.839"/>
</kw>
<status status="PASS" starttime="20230425 09:45:58.786" endtime="20230425 09:45:58.840"/>
</kw>
<kw name="Check Count Of Occurrences" library="main-settings-variables-keywords">
<arg>${selector-all-errors}</arg>
<arg>3</arg>
<kw name="Get Element Count" library="SeleniumLibrary">
<var>${elementCount}</var>
<arg>${selector}</arg>
<doc>Returns the number of elements matching ``locator``.</doc>
<msg timestamp="20230425 09:45:58.853" level="INFO">${elementCount} = 3</msg>
<status status="PASS" starttime="20230425 09:45:58.841" endtime="20230425 09:45:58.853"/>
</kw>
<kw name="Should Be Equal As Integers" library="BuiltIn">
<arg>${elementCount}</arg>
<arg>${count}</arg>
<doc>Fails if objects are unequal after converting them to integers.</doc>
<msg timestamp="20230425 09:45:58.854" level="INFO">Argument types are:
&lt;class 'int'&gt;
&lt;class 'str'&gt;</msg>
<status status="PASS" starttime="20230425 09:45:58.854" endtime="20230425 09:45:58.854"/>
</kw>
<status status="PASS" starttime="20230425 09:45:58.840" endtime="20230425 09:45:58.854"/>
</kw>
<status status="PASS" starttime="20230425 09:45:58.191" endtime="20230425 09:45:58.854"/>
</test>
<status status="PASS" starttime="20230425 09:45:54.846" endtime="20230425 09:45:58.856"/>
</suite>
<status status="PASS" starttime="20230425 09:45:54.845" endtime="20230425 09:45:58.860"/>
</suite>
<status status="PASS" starttime="20230425 09:45:54.842" endtime="20230425 09:45:58.863"/>
</suite>
<status status="PASS" starttime="20230425 09:45:54.839" endtime="20230425 09:45:58.865"/>
</suite>
<status status="PASS" starttime="20230425 09:45:54.815" endtime="20230425 09:45:58.868"/>
</suite>
<statistics>
<total>
<stat pass="2" fail="0" skip="0">All Tests</stat>
</total>
<tag>
</tag>
<suite>
<stat pass="2" fail="0" skip="0" id="s1" name="testovaniAutobazaru">testovaniAutobazaru</stat>
<stat pass="2" fail="0" skip="0" id="s1-s1" name="robotTests">testovaniAutobazaru.robotTests</stat>
<stat pass="2" fail="0" skip="0" id="s1-s1-s1" name="TS 001 - Veřejná část">testovaniAutobazaru.robotTests.TS 001 - Veřejná část</stat>
<stat pass="2" fail="0" skip="0" id="s1-s1-s1-s1" name="TS 013 - Testování tvorby poptávky na vozidlo">testovaniAutobazaru.robotTests.TS 001 - Veřejná část.TS 013 - Testování tvorby poptávky na vozidlo</stat>
<stat pass="2" fail="0" skip="0" id="s1-s1-s1-s1-s1" name="TP 028 - Tvorba nevyplněné poptávky">testovaniAutobazaru.robotTests.TS 001 - Veřejná část.TS 013 - Testování tvorby poptávky na vozidlo.TP 028 - Tvorba nevyplněné poptávky</stat>
</suite>
</statistics>
<errors>
</errors>
</robot>
