<?xml version="1.0" encoding="UTF-8"?>
<robot generator="Robot 6.0.2 (Python 3.8.2 on win32)" generated="20230430 21:34:08.885" rpa="false" schemaversion="3">
<suite id="s1" name="testovaniAutobazaru" source="C:\xampp\htdocs\testovaniAutobazaru">
<suite id="s1-s1" name="robotTests" source="C:\xampp\htdocs\testovaniAutobazaru\robotTests">
<suite id="s1-s1-s1" name="TS 002 - Administrační část" source="C:\xampp\htdocs\testovaniAutobazaru\robotTests\TS_002 - Administrační část">
<suite id="s1-s1-s1-s1" name="TS 016 - Testování správy poptávek" source="C:\xampp\htdocs\testovaniAutobazaru\robotTests\TS_002 - Administrační část\TS_016 - Testování správy poptávek">
<suite id="s1-s1-s1-s1-s1" name="TP 057 - Kontrola počtu nevyyřízených poptávek" source="C:\xampp\htdocs\testovaniAutobazaru\robotTests\TS_002 - Administrační část\TS_016 - Testování správy poptávek\TP_057 - Kontrola počtu nevyyřízených poptávek.robot">
<test id="s1-s1-s1-s1-s1-t1" name="Pre-conditions - Otevři prohlížeč, přihlaš se a přejdi na stránku" line="5">
<kw name="Open browser Accept danger And Login" library="Variables - TS_002 - Administrační část">
<arg>${adresa-poptavky}</arg>
<kw name="Open browser and accept danger In Login" library="Variables - TS_002 - Administrační část">
<arg>${adresa-signIn}</arg>
<kw name="Open Browser" library="SeleniumLibrary">
<arg>${URL}</arg>
<arg>${google}</arg>
<doc>Opens a new browser instance to the optional ``url``.</doc>
<msg timestamp="20230430 21:34:09.112" level="INFO">Opening browser 'Chrome' to base url 'https://localhost/autobazarDrabek/admin/sign-in'.</msg>
<status status="PASS" starttime="20230430 21:34:09.112" endtime="20230430 21:34:10.787"/>
</kw>
<kw name="Maximize Browser Window" library="SeleniumLibrary">
<doc>Maximizes current browser window.</doc>
<status status="PASS" starttime="20230430 21:34:10.788" endtime="20230430 21:34:10.910"/>
</kw>
<kw name="Click Element" library="SeleniumLibrary">
<arg>//*[@id="details-button"]</arg>
<doc>Click the element identified by ``locator``.</doc>
<msg timestamp="20230430 21:34:10.912" level="INFO">Clicking element '//*[@id="details-button"]'.</msg>
<status status="PASS" starttime="20230430 21:34:10.911" endtime="20230430 21:34:10.970"/>
</kw>
<kw name="Wait Until Element Is Visible" library="SeleniumLibrary">
<arg>//*[@id="proceed-link"]</arg>
<doc>Waits until the element ``locator`` is visible.</doc>
<status status="PASS" starttime="20230430 21:34:10.970" endtime="20230430 21:34:11.000"/>
</kw>
<kw name="Click Element" library="SeleniumLibrary">
<arg>//*[@id="proceed-link"]</arg>
<doc>Click the element identified by ``locator``.</doc>
<msg timestamp="20230430 21:34:11.001" level="INFO">Clicking element '//*[@id="proceed-link"]'.</msg>
<status status="PASS" starttime="20230430 21:34:11.001" endtime="20230430 21:34:11.055"/>
</kw>
<kw name="Wait Until Element Is Visible" library="SeleniumLibrary">
<arg>//form[@id='frm-signInForm']</arg>
<doc>Waits until the element ``locator`` is visible.</doc>
<status status="PASS" starttime="20230430 21:34:11.055" endtime="20230430 21:34:11.766"/>
</kw>
<kw name="Location Should Be" library="SeleniumLibrary">
<arg>${URL}</arg>
<doc>Verifies that the current URL is exactly ``url``.</doc>
<msg timestamp="20230430 21:34:11.771" level="INFO">Current location is 'https://localhost/autobazarDrabek/admin/sign-in'.</msg>
<status status="PASS" starttime="20230430 21:34:11.767" endtime="20230430 21:34:11.771"/>
</kw>
<status status="PASS" starttime="20230430 21:34:09.112" endtime="20230430 21:34:11.771"/>
</kw>
<kw name="Login To System" library="Variables - TS_002 - Administrační část">
<kw name="Login To System With Data" library="Variables - TS_002 - Administrační část">
<arg>${data-login-email}</arg>
<arg>${data-login-password}</arg>
<kw name="Set Focus and Wait" library="main-settings-variables-keywords">
<arg>${selector-input-login-email}</arg>
<kw name="Set Focus To Element" library="SeleniumLibrary">
<arg>${selector}</arg>
<doc>Sets the focus to the element identified by ``locator``.</doc>
<status status="PASS" starttime="20230430 21:34:11.772" endtime="20230430 21:34:11.791"/>
</kw>
<kw name="Wait Until Element Is Visible" library="SeleniumLibrary">
<arg>${selector}</arg>
<doc>Waits until the element ``locator`` is visible.</doc>
<status status="PASS" starttime="20230430 21:34:11.792" endtime="20230430 21:34:11.815"/>
</kw>
<kw name="Sleep" library="BuiltIn">
<arg>0.7s</arg>
<doc>Pauses the test executed for the given time.</doc>
<msg timestamp="20230430 21:34:12.519" level="INFO">Slept 700 milliseconds</msg>
<status status="PASS" starttime="20230430 21:34:11.815" endtime="20230430 21:34:12.519"/>
</kw>
<status status="PASS" starttime="20230430 21:34:11.772" endtime="20230430 21:34:12.519"/>
</kw>
<kw name="Check and input text" library="main-settings-variables-keywords">
<arg>${selector-input-login-email}</arg>
<arg>${email}</arg>
<kw name="Wait Until Element Is Visible" library="SeleniumLibrary">
<arg>${selector}</arg>
<doc>Waits until the element ``locator`` is visible.</doc>
<status status="PASS" starttime="20230430 21:34:12.521" endtime="20230430 21:34:12.536"/>
</kw>
<kw name="Input Text" library="SeleniumLibrary">
<arg>${selector}</arg>
<arg>${text}</arg>
<doc>Types the given ``text`` into the text field identified by ``locator``.</doc>
<msg timestamp="20230430 21:34:12.537" level="INFO">Typing text 'leonhol@seznam.cz' into text field '//input[@id='frm-signInForm-email']'.</msg>
<status status="PASS" starttime="20230430 21:34:12.536" endtime="20230430 21:34:12.616"/>
</kw>
<kw name="Textfield Should Contain" library="SeleniumLibrary">
<arg>${selector}</arg>
<arg>${text}</arg>
<doc>Verifies text field ``locator`` contains text ``expected``.</doc>
<msg timestamp="20230430 21:34:12.647" level="INFO">Text field '//input[@id='frm-signInForm-email']' contains text 'leonhol@seznam.cz'.</msg>
<status status="PASS" starttime="20230430 21:34:12.617" endtime="20230430 21:34:12.647"/>
</kw>
<status status="PASS" starttime="20230430 21:34:12.519" endtime="20230430 21:34:12.647"/>
</kw>
<kw name="Set Focus and Wait" library="main-settings-variables-keywords">
<arg>${selector-input-login-password}</arg>
<kw name="Set Focus To Element" library="SeleniumLibrary">
<arg>${selector}</arg>
<doc>Sets the focus to the element identified by ``locator``.</doc>
<status status="PASS" starttime="20230430 21:34:12.649" endtime="20230430 21:34:12.667"/>
</kw>
<kw name="Wait Until Element Is Visible" library="SeleniumLibrary">
<arg>${selector}</arg>
<doc>Waits until the element ``locator`` is visible.</doc>
<status status="PASS" starttime="20230430 21:34:12.667" endtime="20230430 21:34:12.684"/>
</kw>
<kw name="Sleep" library="BuiltIn">
<arg>0.7s</arg>
<doc>Pauses the test executed for the given time.</doc>
<msg timestamp="20230430 21:34:13.389" level="INFO">Slept 700 milliseconds</msg>
<status status="PASS" starttime="20230430 21:34:12.684" endtime="20230430 21:34:13.389"/>
</kw>
<status status="PASS" starttime="20230430 21:34:12.647" endtime="20230430 21:34:13.389"/>
</kw>
<kw name="Check and input text" library="main-settings-variables-keywords">
<arg>${selector-input-login-password}</arg>
<arg>${password}</arg>
<kw name="Wait Until Element Is Visible" library="SeleniumLibrary">
<arg>${selector}</arg>
<doc>Waits until the element ``locator`` is visible.</doc>
<status status="PASS" starttime="20230430 21:34:13.389" endtime="20230430 21:34:13.405"/>
</kw>
<kw name="Input Text" library="SeleniumLibrary">
<arg>${selector}</arg>
<arg>${text}</arg>
<doc>Types the given ``text`` into the text field identified by ``locator``.</doc>
<msg timestamp="20230430 21:34:13.406" level="INFO">Typing text '1234567890a' into text field '//input[@id='frm-signInForm-password']'.</msg>
<status status="PASS" starttime="20230430 21:34:13.405" endtime="20230430 21:34:13.471"/>
</kw>
<kw name="Textfield Should Contain" library="SeleniumLibrary">
<arg>${selector}</arg>
<arg>${text}</arg>
<doc>Verifies text field ``locator`` contains text ``expected``.</doc>
<msg timestamp="20230430 21:34:13.501" level="INFO">Text field '//input[@id='frm-signInForm-password']' contains text '1234567890a'.</msg>
<status status="PASS" starttime="20230430 21:34:13.471" endtime="20230430 21:34:13.501"/>
</kw>
<status status="PASS" starttime="20230430 21:34:13.389" endtime="20230430 21:34:13.501"/>
</kw>
<kw name="Wait and click" library="main-settings-variables-keywords">
<arg>${selector-input-login-submit}</arg>
<kw name="Wait Until Element Is Visible" library="SeleniumLibrary">
<arg>${selector}</arg>
<doc>Waits until the element ``locator`` is visible.</doc>
<status status="PASS" starttime="20230430 21:34:13.501" endtime="20230430 21:34:13.519"/>
</kw>
<kw name="Click Element" library="SeleniumLibrary">
<arg>${selector}</arg>
<doc>Click the element identified by ``locator``.</doc>
<msg timestamp="20230430 21:34:13.521" level="INFO">Clicking element '//input[@name='_submit']'.</msg>
<status status="PASS" starttime="20230430 21:34:13.519" endtime="20230430 21:34:14.247"/>
</kw>
<status status="PASS" starttime="20230430 21:34:13.501" endtime="20230430 21:34:14.247"/>
</kw>
<status status="PASS" starttime="20230430 21:34:11.771" endtime="20230430 21:34:14.247"/>
</kw>
<kw name="Wait Until Location Is" library="SeleniumLibrary">
<arg>${adresa-dahsboard}</arg>
<doc>Waits until the current URL is ``expected``.</doc>
<status status="PASS" starttime="20230430 21:34:14.248" endtime="20230430 21:34:14.254"/>
</kw>
<kw name="Location Should Be" library="SeleniumLibrary">
<arg>${adresa-dahsboard}</arg>
<doc>Verifies that the current URL is exactly ``url``.</doc>
<msg timestamp="20230430 21:34:14.259" level="INFO">Current location is 'https://localhost/autobazarDrabek/Dashboard'.</msg>
<status status="PASS" starttime="20230430 21:34:14.254" endtime="20230430 21:34:14.259"/>
</kw>
<status status="PASS" starttime="20230430 21:34:11.771" endtime="20230430 21:34:14.259"/>
</kw>
<kw name="Go To" library="SeleniumLibrary">
<arg>${URL}</arg>
<doc>Navigates the current browser window to the provided ``url``.</doc>
<msg timestamp="20230430 21:34:14.261" level="INFO">Opening url 'https://localhost/autobazarDrabek/Cars/Requests'</msg>
<status status="PASS" starttime="20230430 21:34:14.261" endtime="20230430 21:34:14.692"/>
</kw>
<status status="PASS" starttime="20230430 21:34:09.111" endtime="20230430 21:34:14.692"/>
</kw>
<status status="PASS" starttime="20230430 21:34:09.110" endtime="20230430 21:34:14.693"/>
</test>
<test id="s1-s1-s1-s1-s1-t2" name="TP_057 - Kontrola počtu nevyyřízených poptávek" line="8">
<kw name="Get Text" library="SeleniumLibrary">
<var>${requestCountInMenu}</var>
<arg>${select-span-requestsCount}</arg>
<doc>Returns the text value of the element identified by ``locator``.</doc>
<msg timestamp="20230430 21:34:14.726" level="INFO">${requestCountInMenu} = 5</msg>
<status status="PASS" starttime="20230430 21:34:14.696" endtime="20230430 21:34:14.726"/>
</kw>
<kw name="Wait and click" library="main-settings-variables-keywords">
<arg>${selector-a-nastenka}</arg>
<kw name="Wait Until Element Is Visible" library="SeleniumLibrary">
<arg>${selector}</arg>
<doc>Waits until the element ``locator`` is visible.</doc>
<status status="PASS" starttime="20230430 21:34:14.728" endtime="20230430 21:34:14.754"/>
</kw>
<kw name="Click Element" library="SeleniumLibrary">
<arg>${selector}</arg>
<doc>Click the element identified by ``locator``.</doc>
<msg timestamp="20230430 21:34:14.755" level="INFO">Clicking element '//span[contains(text(),"Nástěnka")]/parent::a'.</msg>
<status status="PASS" starttime="20230430 21:34:14.754" endtime="20230430 21:34:15.017"/>
</kw>
<status status="PASS" starttime="20230430 21:34:14.727" endtime="20230430 21:34:15.017"/>
</kw>
<kw name="Wait Until Location Is" library="SeleniumLibrary">
<arg>${adresa-dahsboard}</arg>
<doc>Waits until the current URL is ``expected``.</doc>
<status status="PASS" starttime="20230430 21:34:15.018" endtime="20230430 21:34:15.025"/>
</kw>
<kw name="Location Should Be" library="SeleniumLibrary">
<arg>${adresa-dahsboard}</arg>
<doc>Verifies that the current URL is exactly ``url``.</doc>
<msg timestamp="20230430 21:34:15.031" level="INFO">Current location is 'https://localhost/autobazarDrabek/Dashboard'.</msg>
<status status="PASS" starttime="20230430 21:34:15.025" endtime="20230430 21:34:15.031"/>
</kw>
<kw name="Check if text is equal" library="main-settings-variables-keywords">
<arg>${selector-th-RequestCount}</arg>
<arg>${requestCountInMenu}</arg>
<kw name="Get Text" library="SeleniumLibrary">
<var>${selectedText}</var>
<arg>${selector}</arg>
<doc>Returns the text value of the element identified by ``locator``.</doc>
<msg timestamp="20230430 21:34:15.061" level="INFO">${selectedText} = 5</msg>
<status status="PASS" starttime="20230430 21:34:15.032" endtime="20230430 21:34:15.061"/>
</kw>
<kw name="Should Be Equal" library="BuiltIn">
<arg>${selectedText}</arg>
<arg>${text}</arg>
<doc>Fails if the given objects are unequal.</doc>
<status status="PASS" starttime="20230430 21:34:15.061" endtime="20230430 21:34:15.062"/>
</kw>
<status status="PASS" starttime="20230430 21:34:15.032" endtime="20230430 21:34:15.062"/>
</kw>
<status status="PASS" starttime="20230430 21:34:14.696" endtime="20230430 21:34:15.063"/>
</test>
<test id="s1-s1-s1-s1-s1-t3" name="Post-conditions - Odhlaš uživatele a zavři prohlížeč" line="17">
<kw name="Log Out And Close Window" library="Variables - TS_002 - Administrační část">
<kw name="Go To" library="SeleniumLibrary">
<arg>${adresa-dahsboard}</arg>
<doc>Navigates the current browser window to the provided ``url``.</doc>
<msg timestamp="20230430 21:34:15.067" level="INFO">Opening url 'https://localhost/autobazarDrabek/Dashboard'</msg>
<status status="PASS" starttime="20230430 21:34:15.067" endtime="20230430 21:34:15.293"/>
</kw>
<kw name="Wait and click" library="main-settings-variables-keywords">
<arg>${selector-a-logoutInDashboard}</arg>
<kw name="Wait Until Element Is Visible" library="SeleniumLibrary">
<arg>${selector}</arg>
<doc>Waits until the element ``locator`` is visible.</doc>
<status status="PASS" starttime="20230430 21:34:15.294" endtime="20230430 21:34:15.321"/>
</kw>
<kw name="Click Element" library="SeleniumLibrary">
<arg>${selector}</arg>
<doc>Click the element identified by ``locator``.</doc>
<msg timestamp="20230430 21:34:15.321" level="INFO">Clicking element '//div[@id="main"]//a[@href="/autobazarDrabek/Odhlásit se"]'.</msg>
<status status="PASS" starttime="20230430 21:34:15.321" endtime="20230430 21:34:15.651"/>
</kw>
<status status="PASS" starttime="20230430 21:34:15.293" endtime="20230430 21:34:15.651"/>
</kw>
<kw name="Close Window" library="SeleniumLibrary">
<doc>Closes currently opened and selected browser window/tab.</doc>
<status status="PASS" starttime="20230430 21:34:15.651" endtime="20230430 21:34:15.737"/>
</kw>
<status status="PASS" starttime="20230430 21:34:15.065" endtime="20230430 21:34:15.737"/>
</kw>
<status status="PASS" starttime="20230430 21:34:15.064" endtime="20230430 21:34:15.738"/>
</test>
<status status="PASS" starttime="20230430 21:34:08.917" endtime="20230430 21:34:15.741"/>
</suite>
<status status="PASS" starttime="20230430 21:34:08.915" endtime="20230430 21:34:15.748"/>
</suite>
<status status="PASS" starttime="20230430 21:34:08.912" endtime="20230430 21:34:15.753"/>
</suite>
<status status="PASS" starttime="20230430 21:34:08.910" endtime="20230430 21:34:15.757"/>
</suite>
<status status="PASS" starttime="20230430 21:34:08.887" endtime="20230430 21:34:15.764"/>
</suite>
<statistics>
<total>
<stat pass="3" fail="0" skip="0">All Tests</stat>
</total>
<tag>
</tag>
<suite>
<stat pass="3" fail="0" skip="0" id="s1" name="testovaniAutobazaru">testovaniAutobazaru</stat>
<stat pass="3" fail="0" skip="0" id="s1-s1" name="robotTests">testovaniAutobazaru.robotTests</stat>
<stat pass="3" fail="0" skip="0" id="s1-s1-s1" name="TS 002 - Administrační část">testovaniAutobazaru.robotTests.TS 002 - Administrační část</stat>
<stat pass="3" fail="0" skip="0" id="s1-s1-s1-s1" name="TS 016 - Testování správy poptávek">testovaniAutobazaru.robotTests.TS 002 - Administrační část.TS 016 - Testování správy poptávek</stat>
<stat pass="3" fail="0" skip="0" id="s1-s1-s1-s1-s1" name="TP 057 - Kontrola počtu nevyyřízených poptávek">testovaniAutobazaru.robotTests.TS 002 - Administrační část.TS 016 - Testování správy poptávek.TP 057 - Kontrola počtu nevyyřízených poptávek</stat>
</suite>
</statistics>
<errors>
</errors>
</robot>
