<?xml version="1.0" encoding="UTF-8"?>
<robot generator="Robot 6.0.2 (Python 3.8.2 on win32)" generated="20230430 21:51:09.929" rpa="false" schemaversion="3">
<suite id="s1" name="testovaniAutobazaru" source="C:\xampp\htdocs\testovaniAutobazaru">
<suite id="s1-s1" name="robotTests" source="C:\xampp\htdocs\testovaniAutobazaru\robotTests">
<suite id="s1-s1-s1" name="TS 002 - Administrační část" source="C:\xampp\htdocs\testovaniAutobazaru\robotTests\TS_002 - Administrační část">
<suite id="s1-s1-s1-s1" name="TS 014 - Testování nastavení autobazaru" source="C:\xampp\htdocs\testovaniAutobazaru\robotTests\TS_002 - Administrační část\TS_014 - Testování nastavení autobazaru">
<suite id="s1-s1-s1-s1-s1" name="TP 035 - Smazání textu na hlavní stránce" source="C:\xampp\htdocs\testovaniAutobazaru\robotTests\TS_002 - Administrační část\TS_014 - Testování nastavení autobazaru\TP_035 - Smazání textu na hlavní stránce.robot">
<test id="s1-s1-s1-s1-s1-t1" name="Pre-conditions - Otevři prohlížeč, přihlaš se a přejdi na stránku" line="5">
<kw name="Open browser Accept danger And Login" library="Variables - TS_002 - Administrační část">
<arg>${adresa-texty}</arg>
<kw name="Open browser and accept danger In Login" library="Variables - TS_002 - Administrační část">
<arg>${adresa-signIn}</arg>
<kw name="Open Browser" library="SeleniumLibrary">
<arg>${URL}</arg>
<arg>${google}</arg>
<doc>Opens a new browser instance to the optional ``url``.</doc>
<msg timestamp="20230430 21:51:10.159" level="INFO">Opening browser 'Chrome' to base url 'https://localhost/autobazarDrabek/admin/sign-in'.</msg>
<status status="PASS" starttime="20230430 21:51:10.159" endtime="20230430 21:51:11.633"/>
</kw>
<kw name="Maximize Browser Window" library="SeleniumLibrary">
<doc>Maximizes current browser window.</doc>
<status status="PASS" starttime="20230430 21:51:11.633" endtime="20230430 21:51:11.762"/>
</kw>
<kw name="Click Element" library="SeleniumLibrary">
<arg>//*[@id="details-button"]</arg>
<doc>Click the element identified by ``locator``.</doc>
<msg timestamp="20230430 21:51:11.763" level="INFO">Clicking element '//*[@id="details-button"]'.</msg>
<status status="PASS" starttime="20230430 21:51:11.762" endtime="20230430 21:51:11.814"/>
</kw>
<kw name="Wait Until Element Is Visible" library="SeleniumLibrary">
<arg>//*[@id="proceed-link"]</arg>
<doc>Waits until the element ``locator`` is visible.</doc>
<status status="PASS" starttime="20230430 21:51:11.814" endtime="20230430 21:51:11.842"/>
</kw>
<kw name="Click Element" library="SeleniumLibrary">
<arg>//*[@id="proceed-link"]</arg>
<doc>Click the element identified by ``locator``.</doc>
<msg timestamp="20230430 21:51:11.843" level="INFO">Clicking element '//*[@id="proceed-link"]'.</msg>
<status status="PASS" starttime="20230430 21:51:11.843" endtime="20230430 21:51:11.897"/>
</kw>
<kw name="Wait Until Element Is Visible" library="SeleniumLibrary">
<arg>//form[@id='frm-signInForm']</arg>
<doc>Waits until the element ``locator`` is visible.</doc>
<status status="PASS" starttime="20230430 21:51:11.898" endtime="20230430 21:51:12.653"/>
</kw>
<kw name="Location Should Be" library="SeleniumLibrary">
<arg>${URL}</arg>
<doc>Verifies that the current URL is exactly ``url``.</doc>
<msg timestamp="20230430 21:51:12.658" level="INFO">Current location is 'https://localhost/autobazarDrabek/admin/sign-in'.</msg>
<status status="PASS" starttime="20230430 21:51:12.653" endtime="20230430 21:51:12.658"/>
</kw>
<status status="PASS" starttime="20230430 21:51:10.159" endtime="20230430 21:51:12.659"/>
</kw>
<kw name="Login To System" library="Variables - TS_002 - Administrační část">
<kw name="Login To System With Data" library="Variables - TS_002 - Administrační část">
<arg>${data-login-email}</arg>
<arg>${data-login-password}</arg>
<kw name="Set Focus and Wait" library="main-settings-variables-keywords">
<arg>${selector-input-login-email}</arg>
<kw name="Set Focus To Element" library="SeleniumLibrary">
<arg>${selector}</arg>
<doc>Sets the focus to the element identified by ``locator``.</doc>
<status status="PASS" starttime="20230430 21:51:12.660" endtime="20230430 21:51:12.677"/>
</kw>
<kw name="Wait Until Element Is Visible" library="SeleniumLibrary">
<arg>${selector}</arg>
<doc>Waits until the element ``locator`` is visible.</doc>
<status status="PASS" starttime="20230430 21:51:12.677" endtime="20230430 21:51:12.699"/>
</kw>
<kw name="Sleep" library="BuiltIn">
<arg>0.7s</arg>
<doc>Pauses the test executed for the given time.</doc>
<msg timestamp="20230430 21:51:13.406" level="INFO">Slept 700 milliseconds</msg>
<status status="PASS" starttime="20230430 21:51:12.699" endtime="20230430 21:51:13.406"/>
</kw>
<status status="PASS" starttime="20230430 21:51:12.659" endtime="20230430 21:51:13.406"/>
</kw>
<kw name="Check and input text" library="main-settings-variables-keywords">
<arg>${selector-input-login-email}</arg>
<arg>${email}</arg>
<kw name="Wait Until Element Is Visible" library="SeleniumLibrary">
<arg>${selector}</arg>
<doc>Waits until the element ``locator`` is visible.</doc>
<status status="PASS" starttime="20230430 21:51:13.407" endtime="20230430 21:51:13.423"/>
</kw>
<kw name="Input Text" library="SeleniumLibrary">
<arg>${selector}</arg>
<arg>${text}</arg>
<doc>Types the given ``text`` into the text field identified by ``locator``.</doc>
<msg timestamp="20230430 21:51:13.424" level="INFO">Typing text 'leonhol@seznam.cz' into text field '//input[@id='frm-signInForm-email']'.</msg>
<status status="PASS" starttime="20230430 21:51:13.423" endtime="20230430 21:51:13.499"/>
</kw>
<kw name="Textfield Should Contain" library="SeleniumLibrary">
<arg>${selector}</arg>
<arg>${text}</arg>
<doc>Verifies text field ``locator`` contains text ``expected``.</doc>
<msg timestamp="20230430 21:51:13.532" level="INFO">Text field '//input[@id='frm-signInForm-email']' contains text 'leonhol@seznam.cz'.</msg>
<status status="PASS" starttime="20230430 21:51:13.500" endtime="20230430 21:51:13.532"/>
</kw>
<status status="PASS" starttime="20230430 21:51:13.407" endtime="20230430 21:51:13.532"/>
</kw>
<kw name="Set Focus and Wait" library="main-settings-variables-keywords">
<arg>${selector-input-login-password}</arg>
<kw name="Set Focus To Element" library="SeleniumLibrary">
<arg>${selector}</arg>
<doc>Sets the focus to the element identified by ``locator``.</doc>
<status status="PASS" starttime="20230430 21:51:13.533" endtime="20230430 21:51:13.551"/>
</kw>
<kw name="Wait Until Element Is Visible" library="SeleniumLibrary">
<arg>${selector}</arg>
<doc>Waits until the element ``locator`` is visible.</doc>
<status status="PASS" starttime="20230430 21:51:13.551" endtime="20230430 21:51:13.571"/>
</kw>
<kw name="Sleep" library="BuiltIn">
<arg>0.7s</arg>
<doc>Pauses the test executed for the given time.</doc>
<msg timestamp="20230430 21:51:14.277" level="INFO">Slept 700 milliseconds</msg>
<status status="PASS" starttime="20230430 21:51:13.571" endtime="20230430 21:51:14.277"/>
</kw>
<status status="PASS" starttime="20230430 21:51:13.532" endtime="20230430 21:51:14.277"/>
</kw>
<kw name="Check and input text" library="main-settings-variables-keywords">
<arg>${selector-input-login-password}</arg>
<arg>${password}</arg>
<kw name="Wait Until Element Is Visible" library="SeleniumLibrary">
<arg>${selector}</arg>
<doc>Waits until the element ``locator`` is visible.</doc>
<status status="PASS" starttime="20230430 21:51:14.278" endtime="20230430 21:51:14.300"/>
</kw>
<kw name="Input Text" library="SeleniumLibrary">
<arg>${selector}</arg>
<arg>${text}</arg>
<doc>Types the given ``text`` into the text field identified by ``locator``.</doc>
<msg timestamp="20230430 21:51:14.300" level="INFO">Typing text '1234567890a' into text field '//input[@id='frm-signInForm-password']'.</msg>
<status status="PASS" starttime="20230430 21:51:14.300" endtime="20230430 21:51:14.383"/>
</kw>
<kw name="Textfield Should Contain" library="SeleniumLibrary">
<arg>${selector}</arg>
<arg>${text}</arg>
<doc>Verifies text field ``locator`` contains text ``expected``.</doc>
<msg timestamp="20230430 21:51:14.412" level="INFO">Text field '//input[@id='frm-signInForm-password']' contains text '1234567890a'.</msg>
<status status="PASS" starttime="20230430 21:51:14.383" endtime="20230430 21:51:14.413"/>
</kw>
<status status="PASS" starttime="20230430 21:51:14.277" endtime="20230430 21:51:14.413"/>
</kw>
<kw name="Wait and click" library="main-settings-variables-keywords">
<arg>${selector-input-login-submit}</arg>
<kw name="Wait Until Element Is Visible" library="SeleniumLibrary">
<arg>${selector}</arg>
<doc>Waits until the element ``locator`` is visible.</doc>
<status status="PASS" starttime="20230430 21:51:14.413" endtime="20230430 21:51:14.433"/>
</kw>
<kw name="Click Element" library="SeleniumLibrary">
<arg>${selector}</arg>
<doc>Click the element identified by ``locator``.</doc>
<msg timestamp="20230430 21:51:14.433" level="INFO">Clicking element '//input[@name='_submit']'.</msg>
<status status="PASS" starttime="20230430 21:51:14.433" endtime="20230430 21:51:15.110"/>
</kw>
<status status="PASS" starttime="20230430 21:51:14.413" endtime="20230430 21:51:15.110"/>
</kw>
<status status="PASS" starttime="20230430 21:51:12.659" endtime="20230430 21:51:15.110"/>
</kw>
<kw name="Wait Until Location Is" library="SeleniumLibrary">
<arg>${adresa-dahsboard}</arg>
<doc>Waits until the current URL is ``expected``.</doc>
<status status="PASS" starttime="20230430 21:51:15.110" endtime="20230430 21:51:15.116"/>
</kw>
<kw name="Location Should Be" library="SeleniumLibrary">
<arg>${adresa-dahsboard}</arg>
<doc>Verifies that the current URL is exactly ``url``.</doc>
<msg timestamp="20230430 21:51:15.122" level="INFO">Current location is 'https://localhost/autobazarDrabek/Dashboard'.</msg>
<status status="PASS" starttime="20230430 21:51:15.116" endtime="20230430 21:51:15.122"/>
</kw>
<status status="PASS" starttime="20230430 21:51:12.659" endtime="20230430 21:51:15.122"/>
</kw>
<kw name="Go To" library="SeleniumLibrary">
<arg>${URL}</arg>
<doc>Navigates the current browser window to the provided ``url``.</doc>
<msg timestamp="20230430 21:51:15.123" level="INFO">Opening url 'https://localhost/autobazarDrabek/Homepage/Texts'</msg>
<status status="PASS" starttime="20230430 21:51:15.122" endtime="20230430 21:51:15.406"/>
</kw>
<status status="PASS" starttime="20230430 21:51:10.159" endtime="20230430 21:51:15.406"/>
</kw>
<status status="PASS" starttime="20230430 21:51:10.158" endtime="20230430 21:51:15.407"/>
</test>
<test id="s1-s1-s1-s1-s1-t2" name="TP_035 - Smazání textu na hlavní stránce" line="8">
<kw name="Wait and click" library="main-settings-variables-keywords">
<arg>${selector-a-deleteText}</arg>
<kw name="Wait Until Element Is Visible" library="SeleniumLibrary">
<arg>${selector}</arg>
<doc>Waits until the element ``locator`` is visible.</doc>
<status status="PASS" starttime="20230430 21:51:15.410" endtime="20230430 21:51:15.432"/>
</kw>
<kw name="Click Element" library="SeleniumLibrary">
<arg>${selector}</arg>
<doc>Click the element identified by ``locator``.</doc>
<msg timestamp="20230430 21:51:15.433" level="INFO">Clicking element '//td[contains(text(),"Nový text")]/parent::tr//a[@title='Smazat']'.</msg>
<status status="PASS" starttime="20230430 21:51:15.432" endtime="20230430 21:51:15.483"/>
</kw>
<status status="PASS" starttime="20230430 21:51:15.409" endtime="20230430 21:51:15.484"/>
</kw>
<kw name="Accept Modal Dialog" library="main-settings-variables-keywords">
<kw name="Wait Until Element Is Visible" library="SeleniumLibrary">
<arg>${selector-modal-acceptance}</arg>
<doc>Waits until the element ``locator`` is visible.</doc>
<status status="PASS" starttime="20230430 21:51:15.485" endtime="20230430 21:51:15.955"/>
</kw>
<kw name="Sleep" library="BuiltIn">
<arg>0.2s</arg>
<doc>Pauses the test executed for the given time.</doc>
<msg timestamp="20230430 21:51:16.170" level="INFO">Slept 200 milliseconds</msg>
<status status="PASS" starttime="20230430 21:51:15.955" endtime="20230430 21:51:16.170"/>
</kw>
<kw name="Wait and click" library="main-settings-variables-keywords">
<arg>${selector-modal-acceptance-accept}</arg>
<kw name="Wait Until Element Is Visible" library="SeleniumLibrary">
<arg>${selector}</arg>
<doc>Waits until the element ``locator`` is visible.</doc>
<status status="PASS" starttime="20230430 21:51:16.170" endtime="20230430 21:51:16.191"/>
</kw>
<kw name="Click Element" library="SeleniumLibrary">
<arg>${selector}</arg>
<doc>Click the element identified by ``locator``.</doc>
<msg timestamp="20230430 21:51:16.192" level="INFO">Clicking element '//a[contains(text(),"Ano")]'.</msg>
<status status="PASS" starttime="20230430 21:51:16.191" endtime="20230430 21:51:16.229"/>
</kw>
<status status="PASS" starttime="20230430 21:51:16.170" endtime="20230430 21:51:16.229"/>
</kw>
<kw name="Wait Until Element Is Not Visible" library="SeleniumLibrary">
<arg>${selector-modal-acceptance}</arg>
<doc>Waits until the element ``locator`` is not visible.</doc>
<status status="PASS" starttime="20230430 21:51:16.230" endtime="20230430 21:51:16.466"/>
</kw>
<status status="PASS" starttime="20230430 21:51:15.484" endtime="20230430 21:51:16.466"/>
</kw>
<kw name="Wait Until Element Is Not Visible" library="SeleniumLibrary">
<arg>${selector-tr-textRow}</arg>
<doc>Waits until the element ``locator`` is not visible.</doc>
<status status="PASS" starttime="20230430 21:51:16.467" endtime="20230430 21:51:16.477"/>
</kw>
<kw name="Page Should Not Contain Element" library="SeleniumLibrary">
<arg>${selector-tr-textRow}</arg>
<doc>Verifies that element ``locator`` is not found on the current page.</doc>
<msg timestamp="20230430 21:51:16.484" level="INFO">Current page does not contain element '//tr[@id="snippet-homepageGrid-item-96"]'.</msg>
<status status="PASS" starttime="20230430 21:51:16.478" endtime="20230430 21:51:16.484"/>
</kw>
<kw name="Wait and click" library="main-settings-variables-keywords">
<arg>${selector-a-homeLink-image}</arg>
<kw name="Wait Until Element Is Visible" library="SeleniumLibrary">
<arg>${selector}</arg>
<doc>Waits until the element ``locator`` is visible.</doc>
<status status="PASS" starttime="20230430 21:51:16.486" endtime="20230430 21:51:16.507"/>
</kw>
<kw name="Click Element" library="SeleniumLibrary">
<arg>${selector}</arg>
<doc>Click the element identified by ``locator``.</doc>
<msg timestamp="20230430 21:51:16.509" level="INFO">Clicking element '//img[@src='/autobazarDrabek/dist/images/logo-auto-drabek.png']/parent::a'.</msg>
<status status="PASS" starttime="20230430 21:51:16.507" endtime="20230430 21:51:17.003"/>
</kw>
<status status="PASS" starttime="20230430 21:51:16.485" endtime="20230430 21:51:17.003"/>
</kw>
<kw name="Location Should Be" library="SeleniumLibrary">
<arg>${homeURL}</arg>
<doc>Verifies that the current URL is exactly ``url``.</doc>
<msg timestamp="20230430 21:51:17.009" level="INFO">Current location is 'https://localhost/autobazarDrabek/'.</msg>
<status status="PASS" starttime="20230430 21:51:17.004" endtime="20230430 21:51:17.009"/>
</kw>
<kw name="Set Focus and Wait" library="main-settings-variables-keywords">
<arg>${selector-section-offers}</arg>
<kw name="Set Focus To Element" library="SeleniumLibrary">
<arg>${selector}</arg>
<doc>Sets the focus to the element identified by ``locator``.</doc>
<status status="PASS" starttime="20230430 21:51:17.010" endtime="20230430 21:51:17.025"/>
</kw>
<kw name="Wait Until Element Is Visible" library="SeleniumLibrary">
<arg>${selector}</arg>
<doc>Waits until the element ``locator`` is visible.</doc>
<status status="PASS" starttime="20230430 21:51:17.025" endtime="20230430 21:51:17.041"/>
</kw>
<kw name="Sleep" library="BuiltIn">
<arg>0.7s</arg>
<doc>Pauses the test executed for the given time.</doc>
<msg timestamp="20230430 21:51:17.757" level="INFO">Slept 700 milliseconds</msg>
<status status="PASS" starttime="20230430 21:51:17.041" endtime="20230430 21:51:17.757"/>
</kw>
<status status="PASS" starttime="20230430 21:51:17.010" endtime="20230430 21:51:17.757"/>
</kw>
<kw name="Get Text" library="SeleniumLibrary">
<var>${lastText}</var>
<arg>${selector-h5-offer-addedText}</arg>
<doc>Returns the text value of the element identified by ``locator``.</doc>
<msg timestamp="20230430 21:51:17.780" level="INFO">${lastText} = Poraďte se s námi o čemkoliv, jsme tu pro vás #jedemeVtomSpolu</msg>
<status status="PASS" starttime="20230430 21:51:17.758" endtime="20230430 21:51:17.780"/>
</kw>
<kw name="Should Not Be Equal As Strings" library="BuiltIn">
<arg>${data-editText-text}</arg>
<arg>${lastText}</arg>
<doc>Fails if objects are equal after converting them to strings.</doc>
<status status="PASS" starttime="20230430 21:51:17.781" endtime="20230430 21:51:17.782"/>
</kw>
<status status="PASS" starttime="20230430 21:51:15.409" endtime="20230430 21:51:17.782"/>
</test>
<test id="s1-s1-s1-s1-s1-t3" name="Post-conditions - Odhlaš uživatele a zavři prohlížeč" line="19">
<kw name="Log Out And Close Window" library="Variables - TS_002 - Administrační část">
<kw name="Go To" library="SeleniumLibrary">
<arg>${adresa-dahsboard}</arg>
<doc>Navigates the current browser window to the provided ``url``.</doc>
<msg timestamp="20230430 21:51:17.785" level="INFO">Opening url 'https://localhost/autobazarDrabek/Dashboard'</msg>
<status status="PASS" starttime="20230430 21:51:17.785" endtime="20230430 21:51:17.954"/>
</kw>
<kw name="Wait and click" library="main-settings-variables-keywords">
<arg>${selector-a-logoutInDashboard}</arg>
<kw name="Wait Until Element Is Visible" library="SeleniumLibrary">
<arg>${selector}</arg>
<doc>Waits until the element ``locator`` is visible.</doc>
<status status="PASS" starttime="20230430 21:51:17.955" endtime="20230430 21:51:17.981"/>
</kw>
<kw name="Click Element" library="SeleniumLibrary">
<arg>${selector}</arg>
<doc>Click the element identified by ``locator``.</doc>
<msg timestamp="20230430 21:51:17.982" level="INFO">Clicking element '//div[@id="main"]//a[@href="/autobazarDrabek/Odhlásit se"]'.</msg>
<status status="PASS" starttime="20230430 21:51:17.981" endtime="20230430 21:51:18.249"/>
</kw>
<status status="PASS" starttime="20230430 21:51:17.954" endtime="20230430 21:51:18.249"/>
</kw>
<kw name="Close Window" library="SeleniumLibrary">
<doc>Closes currently opened and selected browser window/tab.</doc>
<status status="PASS" starttime="20230430 21:51:18.249" endtime="20230430 21:51:18.318"/>
</kw>
<status status="PASS" starttime="20230430 21:51:17.785" endtime="20230430 21:51:18.318"/>
</kw>
<status status="PASS" starttime="20230430 21:51:17.783" endtime="20230430 21:51:18.319"/>
</test>
<status status="PASS" starttime="20230430 21:51:09.959" endtime="20230430 21:51:18.322"/>
</suite>
<status status="PASS" starttime="20230430 21:51:09.957" endtime="20230430 21:51:18.327"/>
</suite>
<status status="PASS" starttime="20230430 21:51:09.955" endtime="20230430 21:51:18.333"/>
</suite>
<status status="PASS" starttime="20230430 21:51:09.953" endtime="20230430 21:51:18.337"/>
</suite>
<status status="PASS" starttime="20230430 21:51:09.931" endtime="20230430 21:51:18.341"/>
</suite>
<statistics>
<total>
<stat pass="3" fail="0" skip="0">All Tests</stat>
</total>
<tag>
</tag>
<suite>
<stat pass="3" fail="0" skip="0" id="s1" name="testovaniAutobazaru">testovaniAutobazaru</stat>
<stat pass="3" fail="0" skip="0" id="s1-s1" name="robotTests">testovaniAutobazaru.robotTests</stat>
<stat pass="3" fail="0" skip="0" id="s1-s1-s1" name="TS 002 - Administrační část">testovaniAutobazaru.robotTests.TS 002 - Administrační část</stat>
<stat pass="3" fail="0" skip="0" id="s1-s1-s1-s1" name="TS 014 - Testování nastavení autobazaru">testovaniAutobazaru.robotTests.TS 002 - Administrační část.TS 014 - Testování nastavení autobazaru</stat>
<stat pass="3" fail="0" skip="0" id="s1-s1-s1-s1-s1" name="TP 035 - Smazání textu na hlavní stránce">testovaniAutobazaru.robotTests.TS 002 - Administrační část.TS 014 - Testování nastavení autobazaru.TP 035 - Smazání textu na hlavní stránce</stat>
</suite>
</statistics>
<errors>
</errors>
</robot>
