<?xml version="1.0" encoding="UTF-8"?>
<robot generator="Robot 6.0.2 (Python 3.8.2 on win32)" generated="20230430 21:42:59.650" rpa="false" schemaversion="3">
<suite id="s1" name="testovaniAutobazaru" source="C:\xampp\htdocs\testovaniAutobazaru">
<suite id="s1-s1" name="robotTests" source="C:\xampp\htdocs\testovaniAutobazaru\robotTests">
<suite id="s1-s1-s1" name="TS 002 - Administrační část" source="C:\xampp\htdocs\testovaniAutobazaru\robotTests\TS_002 - Administrační část">
<suite id="s1-s1-s1-s1" name="TS 014 - Testování nastavení autobazaru" source="C:\xampp\htdocs\testovaniAutobazaru\robotTests\TS_002 - Administrační část\TS_014 - Testování nastavení autobazaru">
<suite id="s1-s1-s1-s1-s1" name="TP 031 - Změna otvírací doby" source="C:\xampp\htdocs\testovaniAutobazaru\robotTests\TS_002 - Administrační část\TS_014 - Testování nastavení autobazaru\TP_031 - Změna otvírací doby.robot">
<test id="s1-s1-s1-s1-s1-t1" name="Pre-conditions - Otevři prohlížeč, přihlaš se a přejdi na stránku" line="5">
<kw name="Open browser Accept danger And Login" library="Variables - TS_002 - Administrační část">
<arg>${adresa-settings}</arg>
<kw name="Open browser and accept danger In Login" library="Variables - TS_002 - Administrační část">
<arg>${adresa-signIn}</arg>
<kw name="Open Browser" library="SeleniumLibrary">
<arg>${URL}</arg>
<arg>${google}</arg>
<doc>Opens a new browser instance to the optional ``url``.</doc>
<msg timestamp="20230430 21:42:59.894" level="INFO">Opening browser 'Chrome' to base url 'https://localhost/autobazarDrabek/admin/sign-in'.</msg>
<status status="PASS" starttime="20230430 21:42:59.894" endtime="20230430 21:43:01.381"/>
</kw>
<kw name="Maximize Browser Window" library="SeleniumLibrary">
<doc>Maximizes current browser window.</doc>
<status status="PASS" starttime="20230430 21:43:01.381" endtime="20230430 21:43:01.515"/>
</kw>
<kw name="Click Element" library="SeleniumLibrary">
<arg>//*[@id="details-button"]</arg>
<doc>Click the element identified by ``locator``.</doc>
<msg timestamp="20230430 21:43:01.516" level="INFO">Clicking element '//*[@id="details-button"]'.</msg>
<status status="PASS" starttime="20230430 21:43:01.516" endtime="20230430 21:43:01.565"/>
</kw>
<kw name="Wait Until Element Is Visible" library="SeleniumLibrary">
<arg>//*[@id="proceed-link"]</arg>
<doc>Waits until the element ``locator`` is visible.</doc>
<status status="PASS" starttime="20230430 21:43:01.566" endtime="20230430 21:43:01.594"/>
</kw>
<kw name="Click Element" library="SeleniumLibrary">
<arg>//*[@id="proceed-link"]</arg>
<doc>Click the element identified by ``locator``.</doc>
<msg timestamp="20230430 21:43:01.595" level="INFO">Clicking element '//*[@id="proceed-link"]'.</msg>
<status status="PASS" starttime="20230430 21:43:01.594" endtime="20230430 21:43:01.650"/>
</kw>
<kw name="Wait Until Element Is Visible" library="SeleniumLibrary">
<arg>//form[@id='frm-signInForm']</arg>
<doc>Waits until the element ``locator`` is visible.</doc>
<status status="PASS" starttime="20230430 21:43:01.650" endtime="20230430 21:43:02.376"/>
</kw>
<kw name="Location Should Be" library="SeleniumLibrary">
<arg>${URL}</arg>
<doc>Verifies that the current URL is exactly ``url``.</doc>
<msg timestamp="20230430 21:43:02.380" level="INFO">Current location is 'https://localhost/autobazarDrabek/admin/sign-in'.</msg>
<status status="PASS" starttime="20230430 21:43:02.376" endtime="20230430 21:43:02.380"/>
</kw>
<status status="PASS" starttime="20230430 21:42:59.893" endtime="20230430 21:43:02.380"/>
</kw>
<kw name="Login To System" library="Variables - TS_002 - Administrační část">
<kw name="Login To System With Data" library="Variables - TS_002 - Administrační část">
<arg>${data-login-email}</arg>
<arg>${data-login-password}</arg>
<kw name="Set Focus and Wait" library="main-settings-variables-keywords">
<arg>${selector-input-login-email}</arg>
<kw name="Set Focus To Element" library="SeleniumLibrary">
<arg>${selector}</arg>
<doc>Sets the focus to the element identified by ``locator``.</doc>
<status status="PASS" starttime="20230430 21:43:02.381" endtime="20230430 21:43:02.400"/>
</kw>
<kw name="Wait Until Element Is Visible" library="SeleniumLibrary">
<arg>${selector}</arg>
<doc>Waits until the element ``locator`` is visible.</doc>
<status status="PASS" starttime="20230430 21:43:02.400" endtime="20230430 21:43:02.420"/>
</kw>
<kw name="Sleep" library="BuiltIn">
<arg>0.7s</arg>
<doc>Pauses the test executed for the given time.</doc>
<msg timestamp="20230430 21:43:03.126" level="INFO">Slept 700 milliseconds</msg>
<status status="PASS" starttime="20230430 21:43:02.421" endtime="20230430 21:43:03.126"/>
</kw>
<status status="PASS" starttime="20230430 21:43:02.381" endtime="20230430 21:43:03.126"/>
</kw>
<kw name="Check and input text" library="main-settings-variables-keywords">
<arg>${selector-input-login-email}</arg>
<arg>${email}</arg>
<kw name="Wait Until Element Is Visible" library="SeleniumLibrary">
<arg>${selector}</arg>
<doc>Waits until the element ``locator`` is visible.</doc>
<status status="PASS" starttime="20230430 21:43:03.126" endtime="20230430 21:43:03.142"/>
</kw>
<kw name="Input Text" library="SeleniumLibrary">
<arg>${selector}</arg>
<arg>${text}</arg>
<doc>Types the given ``text`` into the text field identified by ``locator``.</doc>
<msg timestamp="20230430 21:43:03.143" level="INFO">Typing text 'leonhol@seznam.cz' into text field '//input[@id='frm-signInForm-email']'.</msg>
<status status="PASS" starttime="20230430 21:43:03.142" endtime="20230430 21:43:03.220"/>
</kw>
<kw name="Textfield Should Contain" library="SeleniumLibrary">
<arg>${selector}</arg>
<arg>${text}</arg>
<doc>Verifies text field ``locator`` contains text ``expected``.</doc>
<msg timestamp="20230430 21:43:03.263" level="INFO">Text field '//input[@id='frm-signInForm-email']' contains text 'leonhol@seznam.cz'.</msg>
<status status="PASS" starttime="20230430 21:43:03.220" endtime="20230430 21:43:03.263"/>
</kw>
<status status="PASS" starttime="20230430 21:43:03.126" endtime="20230430 21:43:03.263"/>
</kw>
<kw name="Set Focus and Wait" library="main-settings-variables-keywords">
<arg>${selector-input-login-password}</arg>
<kw name="Set Focus To Element" library="SeleniumLibrary">
<arg>${selector}</arg>
<doc>Sets the focus to the element identified by ``locator``.</doc>
<status status="PASS" starttime="20230430 21:43:03.263" endtime="20230430 21:43:03.282"/>
</kw>
<kw name="Wait Until Element Is Visible" library="SeleniumLibrary">
<arg>${selector}</arg>
<doc>Waits until the element ``locator`` is visible.</doc>
<status status="PASS" starttime="20230430 21:43:03.282" endtime="20230430 21:43:03.318"/>
</kw>
<kw name="Sleep" library="BuiltIn">
<arg>0.7s</arg>
<doc>Pauses the test executed for the given time.</doc>
<msg timestamp="20230430 21:43:04.032" level="INFO">Slept 700 milliseconds</msg>
<status status="PASS" starttime="20230430 21:43:03.318" endtime="20230430 21:43:04.032"/>
</kw>
<status status="PASS" starttime="20230430 21:43:03.263" endtime="20230430 21:43:04.032"/>
</kw>
<kw name="Check and input text" library="main-settings-variables-keywords">
<arg>${selector-input-login-password}</arg>
<arg>${password}</arg>
<kw name="Wait Until Element Is Visible" library="SeleniumLibrary">
<arg>${selector}</arg>
<doc>Waits until the element ``locator`` is visible.</doc>
<status status="PASS" starttime="20230430 21:43:04.032" endtime="20230430 21:43:04.048"/>
</kw>
<kw name="Input Text" library="SeleniumLibrary">
<arg>${selector}</arg>
<arg>${text}</arg>
<doc>Types the given ``text`` into the text field identified by ``locator``.</doc>
<msg timestamp="20230430 21:43:04.048" level="INFO">Typing text '1234567890a' into text field '//input[@id='frm-signInForm-password']'.</msg>
<status status="PASS" starttime="20230430 21:43:04.048" endtime="20230430 21:43:04.132"/>
</kw>
<kw name="Textfield Should Contain" library="SeleniumLibrary">
<arg>${selector}</arg>
<arg>${text}</arg>
<doc>Verifies text field ``locator`` contains text ``expected``.</doc>
<msg timestamp="20230430 21:43:04.162" level="INFO">Text field '//input[@id='frm-signInForm-password']' contains text '1234567890a'.</msg>
<status status="PASS" starttime="20230430 21:43:04.132" endtime="20230430 21:43:04.162"/>
</kw>
<status status="PASS" starttime="20230430 21:43:04.032" endtime="20230430 21:43:04.162"/>
</kw>
<kw name="Wait and click" library="main-settings-variables-keywords">
<arg>${selector-input-login-submit}</arg>
<kw name="Wait Until Element Is Visible" library="SeleniumLibrary">
<arg>${selector}</arg>
<doc>Waits until the element ``locator`` is visible.</doc>
<status status="PASS" starttime="20230430 21:43:04.163" endtime="20230430 21:43:04.181"/>
</kw>
<kw name="Click Element" library="SeleniumLibrary">
<arg>${selector}</arg>
<doc>Click the element identified by ``locator``.</doc>
<msg timestamp="20230430 21:43:04.182" level="INFO">Clicking element '//input[@name='_submit']'.</msg>
<status status="PASS" starttime="20230430 21:43:04.182" endtime="20230430 21:43:04.790"/>
</kw>
<status status="PASS" starttime="20230430 21:43:04.162" endtime="20230430 21:43:04.790"/>
</kw>
<status status="PASS" starttime="20230430 21:43:02.381" endtime="20230430 21:43:04.792"/>
</kw>
<kw name="Wait Until Location Is" library="SeleniumLibrary">
<arg>${adresa-dahsboard}</arg>
<doc>Waits until the current URL is ``expected``.</doc>
<status status="PASS" starttime="20230430 21:43:04.792" endtime="20230430 21:43:04.796"/>
</kw>
<kw name="Location Should Be" library="SeleniumLibrary">
<arg>${adresa-dahsboard}</arg>
<doc>Verifies that the current URL is exactly ``url``.</doc>
<msg timestamp="20230430 21:43:04.800" level="INFO">Current location is 'https://localhost/autobazarDrabek/Dashboard'.</msg>
<status status="PASS" starttime="20230430 21:43:04.796" endtime="20230430 21:43:04.801"/>
</kw>
<status status="PASS" starttime="20230430 21:43:02.380" endtime="20230430 21:43:04.801"/>
</kw>
<kw name="Go To" library="SeleniumLibrary">
<arg>${URL}</arg>
<doc>Navigates the current browser window to the provided ``url``.</doc>
<msg timestamp="20230430 21:43:04.801" level="INFO">Opening url 'https://localhost/autobazarDrabek/Settings'</msg>
<status status="PASS" starttime="20230430 21:43:04.801" endtime="20230430 21:43:05.376"/>
</kw>
<status status="PASS" starttime="20230430 21:42:59.893" endtime="20230430 21:43:05.376"/>
</kw>
<status status="PASS" starttime="20230430 21:42:59.892" endtime="20230430 21:43:05.377"/>
</test>
<test id="s1-s1-s1-s1-s1-t2" name="TP_031 - Změna otvírací doby" line="8">
<for flavor="IN RANGE">
<var>${i}</var>
<value>1</value>
<value>8</value>
<iter>
<var name="${i}">1</var>
<kw name="Check and input text" library="main-settings-variables-keywords">
<arg>//input[@id="frm-settingsForm-day${i}"]</arg>
<arg>${data-settings-openHours}</arg>
<kw name="Wait Until Element Is Visible" library="SeleniumLibrary">
<arg>${selector}</arg>
<doc>Waits until the element ``locator`` is visible.</doc>
<status status="PASS" starttime="20230430 21:43:05.380" endtime="20230430 21:43:05.453"/>
</kw>
<kw name="Input Text" library="SeleniumLibrary">
<arg>${selector}</arg>
<arg>${text}</arg>
<doc>Types the given ``text`` into the text field identified by ``locator``.</doc>
<msg timestamp="20230430 21:43:05.453" level="INFO">Typing text '9:00 - 17:00' into text field '//input[@id="frm-settingsForm-day1"]'.</msg>
<status status="PASS" starttime="20230430 21:43:05.453" endtime="20230430 21:43:05.563"/>
</kw>
<kw name="Textfield Should Contain" library="SeleniumLibrary">
<arg>${selector}</arg>
<arg>${text}</arg>
<doc>Verifies text field ``locator`` contains text ``expected``.</doc>
<msg timestamp="20230430 21:43:05.596" level="INFO">Text field '//input[@id="frm-settingsForm-day1"]' contains text '9:00 - 17:00'.</msg>
<status status="PASS" starttime="20230430 21:43:05.563" endtime="20230430 21:43:05.596"/>
</kw>
<status status="PASS" starttime="20230430 21:43:05.380" endtime="20230430 21:43:05.596"/>
</kw>
<status status="PASS" starttime="20230430 21:43:05.380" endtime="20230430 21:43:05.596"/>
</iter>
<iter>
<var name="${i}">2</var>
<kw name="Check and input text" library="main-settings-variables-keywords">
<arg>//input[@id="frm-settingsForm-day${i}"]</arg>
<arg>${data-settings-openHours}</arg>
<kw name="Wait Until Element Is Visible" library="SeleniumLibrary">
<arg>${selector}</arg>
<doc>Waits until the element ``locator`` is visible.</doc>
<status status="PASS" starttime="20230430 21:43:05.597" endtime="20230430 21:43:05.621"/>
</kw>
<kw name="Input Text" library="SeleniumLibrary">
<arg>${selector}</arg>
<arg>${text}</arg>
<doc>Types the given ``text`` into the text field identified by ``locator``.</doc>
<msg timestamp="20230430 21:43:05.622" level="INFO">Typing text '9:00 - 17:00' into text field '//input[@id="frm-settingsForm-day2"]'.</msg>
<status status="PASS" starttime="20230430 21:43:05.621" endtime="20230430 21:43:05.729"/>
</kw>
<kw name="Textfield Should Contain" library="SeleniumLibrary">
<arg>${selector}</arg>
<arg>${text}</arg>
<doc>Verifies text field ``locator`` contains text ``expected``.</doc>
<msg timestamp="20230430 21:43:05.766" level="INFO">Text field '//input[@id="frm-settingsForm-day2"]' contains text '9:00 - 17:00'.</msg>
<status status="PASS" starttime="20230430 21:43:05.729" endtime="20230430 21:43:05.766"/>
</kw>
<status status="PASS" starttime="20230430 21:43:05.596" endtime="20230430 21:43:05.766"/>
</kw>
<status status="PASS" starttime="20230430 21:43:05.596" endtime="20230430 21:43:05.766"/>
</iter>
<iter>
<var name="${i}">3</var>
<kw name="Check and input text" library="main-settings-variables-keywords">
<arg>//input[@id="frm-settingsForm-day${i}"]</arg>
<arg>${data-settings-openHours}</arg>
<kw name="Wait Until Element Is Visible" library="SeleniumLibrary">
<arg>${selector}</arg>
<doc>Waits until the element ``locator`` is visible.</doc>
<status status="PASS" starttime="20230430 21:43:05.767" endtime="20230430 21:43:05.791"/>
</kw>
<kw name="Input Text" library="SeleniumLibrary">
<arg>${selector}</arg>
<arg>${text}</arg>
<doc>Types the given ``text`` into the text field identified by ``locator``.</doc>
<msg timestamp="20230430 21:43:05.792" level="INFO">Typing text '9:00 - 17:00' into text field '//input[@id="frm-settingsForm-day3"]'.</msg>
<status status="PASS" starttime="20230430 21:43:05.791" endtime="20230430 21:43:05.900"/>
</kw>
<kw name="Textfield Should Contain" library="SeleniumLibrary">
<arg>${selector}</arg>
<arg>${text}</arg>
<doc>Verifies text field ``locator`` contains text ``expected``.</doc>
<msg timestamp="20230430 21:43:05.932" level="INFO">Text field '//input[@id="frm-settingsForm-day3"]' contains text '9:00 - 17:00'.</msg>
<status status="PASS" starttime="20230430 21:43:05.900" endtime="20230430 21:43:05.932"/>
</kw>
<status status="PASS" starttime="20230430 21:43:05.767" endtime="20230430 21:43:05.932"/>
</kw>
<status status="PASS" starttime="20230430 21:43:05.766" endtime="20230430 21:43:05.932"/>
</iter>
<iter>
<var name="${i}">4</var>
<kw name="Check and input text" library="main-settings-variables-keywords">
<arg>//input[@id="frm-settingsForm-day${i}"]</arg>
<arg>${data-settings-openHours}</arg>
<kw name="Wait Until Element Is Visible" library="SeleniumLibrary">
<arg>${selector}</arg>
<doc>Waits until the element ``locator`` is visible.</doc>
<status status="PASS" starttime="20230430 21:43:05.932" endtime="20230430 21:43:05.957"/>
</kw>
<kw name="Input Text" library="SeleniumLibrary">
<arg>${selector}</arg>
<arg>${text}</arg>
<doc>Types the given ``text`` into the text field identified by ``locator``.</doc>
<msg timestamp="20230430 21:43:05.958" level="INFO">Typing text '9:00 - 17:00' into text field '//input[@id="frm-settingsForm-day4"]'.</msg>
<status status="PASS" starttime="20230430 21:43:05.957" endtime="20230430 21:43:06.064"/>
</kw>
<kw name="Textfield Should Contain" library="SeleniumLibrary">
<arg>${selector}</arg>
<arg>${text}</arg>
<doc>Verifies text field ``locator`` contains text ``expected``.</doc>
<msg timestamp="20230430 21:43:06.104" level="INFO">Text field '//input[@id="frm-settingsForm-day4"]' contains text '9:00 - 17:00'.</msg>
<status status="PASS" starttime="20230430 21:43:06.064" endtime="20230430 21:43:06.105"/>
</kw>
<status status="PASS" starttime="20230430 21:43:05.932" endtime="20230430 21:43:06.105"/>
</kw>
<status status="PASS" starttime="20230430 21:43:05.932" endtime="20230430 21:43:06.105"/>
</iter>
<iter>
<var name="${i}">5</var>
<kw name="Check and input text" library="main-settings-variables-keywords">
<arg>//input[@id="frm-settingsForm-day${i}"]</arg>
<arg>${data-settings-openHours}</arg>
<kw name="Wait Until Element Is Visible" library="SeleniumLibrary">
<arg>${selector}</arg>
<doc>Waits until the element ``locator`` is visible.</doc>
<status status="PASS" starttime="20230430 21:43:06.105" endtime="20230430 21:43:06.128"/>
</kw>
<kw name="Input Text" library="SeleniumLibrary">
<arg>${selector}</arg>
<arg>${text}</arg>
<doc>Types the given ``text`` into the text field identified by ``locator``.</doc>
<msg timestamp="20230430 21:43:06.129" level="INFO">Typing text '9:00 - 17:00' into text field '//input[@id="frm-settingsForm-day5"]'.</msg>
<status status="PASS" starttime="20230430 21:43:06.129" endtime="20230430 21:43:06.249"/>
</kw>
<kw name="Textfield Should Contain" library="SeleniumLibrary">
<arg>${selector}</arg>
<arg>${text}</arg>
<doc>Verifies text field ``locator`` contains text ``expected``.</doc>
<msg timestamp="20230430 21:43:06.288" level="INFO">Text field '//input[@id="frm-settingsForm-day5"]' contains text '9:00 - 17:00'.</msg>
<status status="PASS" starttime="20230430 21:43:06.250" endtime="20230430 21:43:06.288"/>
</kw>
<status status="PASS" starttime="20230430 21:43:06.105" endtime="20230430 21:43:06.288"/>
</kw>
<status status="PASS" starttime="20230430 21:43:06.105" endtime="20230430 21:43:06.288"/>
</iter>
<iter>
<var name="${i}">6</var>
<kw name="Check and input text" library="main-settings-variables-keywords">
<arg>//input[@id="frm-settingsForm-day${i}"]</arg>
<arg>${data-settings-openHours}</arg>
<kw name="Wait Until Element Is Visible" library="SeleniumLibrary">
<arg>${selector}</arg>
<doc>Waits until the element ``locator`` is visible.</doc>
<status status="PASS" starttime="20230430 21:43:06.290" endtime="20230430 21:43:06.317"/>
</kw>
<kw name="Input Text" library="SeleniumLibrary">
<arg>${selector}</arg>
<arg>${text}</arg>
<doc>Types the given ``text`` into the text field identified by ``locator``.</doc>
<msg timestamp="20230430 21:43:06.317" level="INFO">Typing text '9:00 - 17:00' into text field '//input[@id="frm-settingsForm-day6"]'.</msg>
<status status="PASS" starttime="20230430 21:43:06.317" endtime="20230430 21:43:06.431"/>
</kw>
<kw name="Textfield Should Contain" library="SeleniumLibrary">
<arg>${selector}</arg>
<arg>${text}</arg>
<doc>Verifies text field ``locator`` contains text ``expected``.</doc>
<msg timestamp="20230430 21:43:06.470" level="INFO">Text field '//input[@id="frm-settingsForm-day6"]' contains text '9:00 - 17:00'.</msg>
<status status="PASS" starttime="20230430 21:43:06.431" endtime="20230430 21:43:06.470"/>
</kw>
<status status="PASS" starttime="20230430 21:43:06.288" endtime="20230430 21:43:06.470"/>
</kw>
<status status="PASS" starttime="20230430 21:43:06.288" endtime="20230430 21:43:06.470"/>
</iter>
<iter>
<var name="${i}">7</var>
<kw name="Check and input text" library="main-settings-variables-keywords">
<arg>//input[@id="frm-settingsForm-day${i}"]</arg>
<arg>${data-settings-openHours}</arg>
<kw name="Wait Until Element Is Visible" library="SeleniumLibrary">
<arg>${selector}</arg>
<doc>Waits until the element ``locator`` is visible.</doc>
<status status="PASS" starttime="20230430 21:43:06.471" endtime="20230430 21:43:06.497"/>
</kw>
<kw name="Input Text" library="SeleniumLibrary">
<arg>${selector}</arg>
<arg>${text}</arg>
<doc>Types the given ``text`` into the text field identified by ``locator``.</doc>
<msg timestamp="20230430 21:43:06.498" level="INFO">Typing text '9:00 - 17:00' into text field '//input[@id="frm-settingsForm-day7"]'.</msg>
<status status="PASS" starttime="20230430 21:43:06.497" endtime="20230430 21:43:06.619"/>
</kw>
<kw name="Textfield Should Contain" library="SeleniumLibrary">
<arg>${selector}</arg>
<arg>${text}</arg>
<doc>Verifies text field ``locator`` contains text ``expected``.</doc>
<msg timestamp="20230430 21:43:06.657" level="INFO">Text field '//input[@id="frm-settingsForm-day7"]' contains text '9:00 - 17:00'.</msg>
<status status="PASS" starttime="20230430 21:43:06.619" endtime="20230430 21:43:06.657"/>
</kw>
<status status="PASS" starttime="20230430 21:43:06.470" endtime="20230430 21:43:06.657"/>
</kw>
<status status="PASS" starttime="20230430 21:43:06.470" endtime="20230430 21:43:06.657"/>
</iter>
<status status="PASS" starttime="20230430 21:43:05.379" endtime="20230430 21:43:06.657"/>
</for>
<kw name="Wait and click" library="main-settings-variables-keywords">
<arg>${selector-input-absolute-submit}</arg>
<kw name="Wait Until Element Is Visible" library="SeleniumLibrary">
<arg>${selector}</arg>
<doc>Waits until the element ``locator`` is visible.</doc>
<status status="PASS" starttime="20230430 21:43:06.659" endtime="20230430 21:43:06.684"/>
</kw>
<kw name="Click Element" library="SeleniumLibrary">
<arg>${selector}</arg>
<doc>Click the element identified by ``locator``.</doc>
<msg timestamp="20230430 21:43:06.685" level="INFO">Clicking element '//input[@type="submit" and @class="btn btn-primary position-fixed bottom-0 end-0 m-2"]'.</msg>
<status status="PASS" starttime="20230430 21:43:06.684" endtime="20230430 21:43:07.369"/>
</kw>
<status status="PASS" starttime="20230430 21:43:06.658" endtime="20230430 21:43:07.370"/>
</kw>
<kw name="Wait and click" library="main-settings-variables-keywords">
<arg>${selector-a-homeLink-image}</arg>
<kw name="Wait Until Element Is Visible" library="SeleniumLibrary">
<arg>${selector}</arg>
<doc>Waits until the element ``locator`` is visible.</doc>
<status status="PASS" starttime="20230430 21:43:07.372" endtime="20230430 21:43:07.426"/>
</kw>
<kw name="Click Element" library="SeleniumLibrary">
<arg>${selector}</arg>
<doc>Click the element identified by ``locator``.</doc>
<msg timestamp="20230430 21:43:07.427" level="INFO">Clicking element '//img[@src='/autobazarDrabek/dist/images/logo-auto-drabek.png']/parent::a'.</msg>
<status status="PASS" starttime="20230430 21:43:07.426" endtime="20230430 21:43:08.015"/>
</kw>
<status status="PASS" starttime="20230430 21:43:07.370" endtime="20230430 21:43:08.015"/>
</kw>
<kw name="Location Should Be" library="SeleniumLibrary">
<arg>${homeURL}</arg>
<doc>Verifies that the current URL is exactly ``url``.</doc>
<msg timestamp="20230430 21:43:08.020" level="INFO">Current location is 'https://localhost/autobazarDrabek/'.</msg>
<status status="PASS" starttime="20230430 21:43:08.016" endtime="20230430 21:43:08.021"/>
</kw>
<kw name="Check if text is equal" library="main-settings-variables-keywords">
<arg>${selector-a-openState}</arg>
<arg>${check-text-opened}</arg>
<kw name="Get Text" library="SeleniumLibrary">
<var>${selectedText}</var>
<arg>${selector}</arg>
<doc>Returns the text value of the element identified by ``locator``.</doc>
<msg timestamp="20230430 21:43:08.052" level="INFO">${selectedText} = Otevřeno 9:00 - 17:00</msg>
<status status="PASS" starttime="20230430 21:43:08.022" endtime="20230430 21:43:08.052"/>
</kw>
<kw name="Should Be Equal" library="BuiltIn">
<arg>${selectedText}</arg>
<arg>${text}</arg>
<doc>Fails if the given objects are unequal.</doc>
<status status="PASS" starttime="20230430 21:43:08.052" endtime="20230430 21:43:08.053"/>
</kw>
<status status="PASS" starttime="20230430 21:43:08.021" endtime="20230430 21:43:08.053"/>
</kw>
<kw name="Wait and click" library="main-settings-variables-keywords">
<arg>${selector-a-openState}</arg>
<kw name="Wait Until Element Is Visible" library="SeleniumLibrary">
<arg>${selector}</arg>
<doc>Waits until the element ``locator`` is visible.</doc>
<status status="PASS" starttime="20230430 21:43:08.054" endtime="20230430 21:43:08.075"/>
</kw>
<kw name="Click Element" library="SeleniumLibrary">
<arg>${selector}</arg>
<doc>Click the element identified by ``locator``.</doc>
<msg timestamp="20230430 21:43:08.077" level="INFO">Clicking element '//div[@class="container-fluid main-nav--top"]//a[@href="/autobazarDrabek/default/contact"]'.</msg>
<status status="PASS" starttime="20230430 21:43:08.076" endtime="20230430 21:43:13.102"/>
</kw>
<status status="PASS" starttime="20230430 21:43:08.053" endtime="20230430 21:43:13.102"/>
</kw>
<kw name="Wait Until Location Is" library="SeleniumLibrary">
<arg>${adresa-kontakt}</arg>
<doc>Waits until the current URL is ``expected``.</doc>
<status status="PASS" starttime="20230430 21:43:13.103" endtime="20230430 21:43:13.107"/>
</kw>
<kw name="Check Count Of Occurrences" library="main-settings-variables-keywords">
<arg>${selector-contact-time-9-17}</arg>
<arg>${check-data-contact-ocurrences}</arg>
<kw name="Get Element Count" library="SeleniumLibrary">
<var>${elementCount}</var>
<arg>${selector}</arg>
<doc>Returns the number of elements matching ``locator``.</doc>
<msg timestamp="20230430 21:43:13.121" level="INFO">${elementCount} = 7</msg>
<status status="PASS" starttime="20230430 21:43:13.109" endtime="20230430 21:43:13.121"/>
</kw>
<kw name="Should Be Equal As Integers" library="BuiltIn">
<arg>${elementCount}</arg>
<arg>${count}</arg>
<doc>Fails if objects are unequal after converting them to integers.</doc>
<msg timestamp="20230430 21:43:13.122" level="INFO">Argument types are:
&lt;class 'int'&gt;
&lt;class 'str'&gt;</msg>
<status status="PASS" starttime="20230430 21:43:13.121" endtime="20230430 21:43:13.122"/>
</kw>
<status status="PASS" starttime="20230430 21:43:13.108" endtime="20230430 21:43:13.122"/>
</kw>
<status status="PASS" starttime="20230430 21:43:05.378" endtime="20230430 21:43:13.123"/>
</test>
<test id="s1-s1-s1-s1-s1-t3" name="Post-conditions - Odhlaš uživatele a zavři prohlížeč" line="20">
<kw name="Log Out And Close Window" library="Variables - TS_002 - Administrační část">
<kw name="Go To" library="SeleniumLibrary">
<arg>${adresa-dahsboard}</arg>
<doc>Navigates the current browser window to the provided ``url``.</doc>
<msg timestamp="20230430 21:43:13.125" level="INFO">Opening url 'https://localhost/autobazarDrabek/Dashboard'</msg>
<status status="PASS" starttime="20230430 21:43:13.125" endtime="20230430 21:43:13.353"/>
</kw>
<kw name="Wait and click" library="main-settings-variables-keywords">
<arg>${selector-a-logoutInDashboard}</arg>
<kw name="Wait Until Element Is Visible" library="SeleniumLibrary">
<arg>${selector}</arg>
<doc>Waits until the element ``locator`` is visible.</doc>
<status status="PASS" starttime="20230430 21:43:13.354" endtime="20230430 21:43:13.377"/>
</kw>
<kw name="Click Element" library="SeleniumLibrary">
<arg>${selector}</arg>
<doc>Click the element identified by ``locator``.</doc>
<msg timestamp="20230430 21:43:13.377" level="INFO">Clicking element '//div[@id="main"]//a[@href="/autobazarDrabek/Odhlásit se"]'.</msg>
<status status="PASS" starttime="20230430 21:43:13.377" endtime="20230430 21:43:13.674"/>
</kw>
<status status="PASS" starttime="20230430 21:43:13.353" endtime="20230430 21:43:13.674"/>
</kw>
<kw name="Close Window" library="SeleniumLibrary">
<doc>Closes currently opened and selected browser window/tab.</doc>
<status status="PASS" starttime="20230430 21:43:13.675" endtime="20230430 21:43:13.750"/>
</kw>
<status status="PASS" starttime="20230430 21:43:13.125" endtime="20230430 21:43:13.751"/>
</kw>
<status status="PASS" starttime="20230430 21:43:13.124" endtime="20230430 21:43:13.751"/>
</test>
<status status="PASS" starttime="20230430 21:42:59.682" endtime="20230430 21:43:13.754"/>
</suite>
<status status="PASS" starttime="20230430 21:42:59.680" endtime="20230430 21:43:13.759"/>
</suite>
<status status="PASS" starttime="20230430 21:42:59.677" endtime="20230430 21:43:13.763"/>
</suite>
<status status="PASS" starttime="20230430 21:42:59.675" endtime="20230430 21:43:13.770"/>
</suite>
<status status="PASS" starttime="20230430 21:42:59.652" endtime="20230430 21:43:13.774"/>
</suite>
<statistics>
<total>
<stat pass="3" fail="0" skip="0">All Tests</stat>
</total>
<tag>
</tag>
<suite>
<stat pass="3" fail="0" skip="0" id="s1" name="testovaniAutobazaru">testovaniAutobazaru</stat>
<stat pass="3" fail="0" skip="0" id="s1-s1" name="robotTests">testovaniAutobazaru.robotTests</stat>
<stat pass="3" fail="0" skip="0" id="s1-s1-s1" name="TS 002 - Administrační část">testovaniAutobazaru.robotTests.TS 002 - Administrační část</stat>
<stat pass="3" fail="0" skip="0" id="s1-s1-s1-s1" name="TS 014 - Testování nastavení autobazaru">testovaniAutobazaru.robotTests.TS 002 - Administrační část.TS 014 - Testování nastavení autobazaru</stat>
<stat pass="3" fail="0" skip="0" id="s1-s1-s1-s1-s1" name="TP 031 - Změna otvírací doby">testovaniAutobazaru.robotTests.TS 002 - Administrační část.TS 014 - Testování nastavení autobazaru.TP 031 - Změna otvírací doby</stat>
</suite>
</statistics>
<errors>
</errors>
</robot>
